spk_ver/v00/v0000	SES146	0.960136	-39.9739	-40.934
spk_ver/v00/v0001	SES002	-13.6132	-54.9441	-41.3309
spk_ver/v00/v0002	SES002	-11.1885	-52.7877	-41.5993
spk_ver/v00/v0003	SES002	-15.1303	-56.8462	-41.7159
spk_ver/v00/v0004	SES002	-2.51675	-43.634	-41.1172
spk_ver/v00/v0005	SES002	-3.12426	-42.9519	-39.8276
spk_ver/v00/v0006	SES002	-8.77998	-49.3895	-40.6095
spk_ver/v00/v0007	SES002	-8.39055	-50.6468	-42.2562
spk_ver/v00/v0008	SES146	0.219135	-40.8606	-41.0797
spk_ver/v00/v0009	SES002	-2.3393	-42.1124	-39.7731
spk_ver/v00/v0010	SES002	-2.80596	-42.9888	-40.1828
spk_ver/v00/v0011	SES002	-2.05999	-43.4796	-41.4196
spk_ver/v00/v0012	SES002	-9.42678	-48.9804	-39.5536
spk_ver/v00/v0013	SES002	-5.66298	-46.0764	-40.4134
spk_ver/v00/v0014	SES002	-0.892723	-41.4804	-40.5877
spk_ver/v00/v0015	SES002	-1.70261	-41.5782	-39.8756
spk_ver/v00/v0016	SES275	0.455818	-41.3231	-41.7789
spk_ver/v00/v0017	SES002	-0.582249	-40.393	-39.8108
spk_ver/v00/v0018	SES002	-10.6911	-52.9478	-42.2567
spk_ver/v00/v0019	SES002	-2.03638	-42.1818	-40.1454
spk_ver/v00/v0020	SES002	-11.0648	-53.1847	-42.1199
spk_ver/v00/v0021	SES002	-11.3812	-52.629	-41.2478
spk_ver/v00/v0022	SES002	-2.3599	-42.6201	-40.2602
spk_ver/v00/v0023	SES002	-10.0833	-49.9605	-39.8772
spk_ver/v00/v0024	SES002	-10.7827	-52.7067	-41.924
spk_ver/v00/v0025	SES002	-6.77963	-48.0438	-41.2641
spk_ver/v00/v0026	SES002	-5.58451	-45.8464	-40.2619
spk_ver/v00/v0027	SES129	1.07003	-39.2593	-40.3294
spk_ver/v00/v0028	SES007	-2.03591	-42.4296	-40.3937
spk_ver/v00/v0029	SES083	-0.192238	-40.0904	-39.8982
spk_ver/v00/v0030	SES019	1.7867	-39.0032	-40.7899
spk_ver/v00/v0031	SES007	-2.40861	-43.7602	-41.3515
spk_ver/v00/v0032	SES270	0.86562	-39.4631	-40.3288
spk_ver/v00/v0033	SES007	-2.90049	-43.526	-40.6256
spk_ver/v00/v0034	SES007	-2.5035	-46.0776	-43.5741
spk_ver/v00/v0035	SES007	-1.28096	-41.53	-40.2491
spk_ver/v00/v0036	SES007	-0.996887	-41.1771	-40.1802
spk_ver/v00/v0037	SES007	-3.48546	-42.8443	-39.3589
spk_ver/v00/v0038	SES259	1.32391	-38.0746	-39.3985
spk_ver/v00/v0039	SES007	-2.9206	-43.1258	-40.2052
spk_ver/v00/v0040	SES007	-2.76825	-42.4973	-39.7291
spk_ver/v00/v0041	SES007	-1.98093	-42.1134	-40.1325
spk_ver/v00/v0042	SES007	-1.16634	-42.182	-41.0156
spk_ver/v00/v0043	SES007	-0.63755	-41.3576	-40.7201
spk_ver/v00/v0044	SES007	-2.68813	-41.8027	-39.1145
spk_ver/v00/v0045	SES007	-0.839436	-41.4693	-40.6299
spk_ver/v00/v0046	SES007	-1.33814	-41.5629	-40.2248
spk_ver/v00/v0047	SES172	0.404324	-39.8883	-40.2926
spk_ver/v00/v0048	SES105	1.16392	-39.7353	-40.8992
spk_ver/v00/v0049	SES007	-0.554539	-40.8284	-40.2738
spk_ver/v00/v0050	SES292	-0.334606	-40.7687	-40.434
spk_ver/v00/v0051	SES007	-2.35248	-43.1385	-40.786
spk_ver/v00/v0052	SES068	0.705185	-39.2919	-39.997
spk_ver/v00/v0053	SES008	-1.06663	-40.8346	-39.768
spk_ver/v00/v0054	SES008	-3.36773	-45.558	-42.1903
spk_ver/v00/v0055	SES008	-2.22938	-42.7366	-40.5072
spk_ver/v00/v0056	SES008	-5.22258	-45.7395	-40.5169
spk_ver/v00/v0057	SES008	-5.05906	-45.538	-40.479
spk_ver/v00/v0058	SES083	-0.24625	-40.4145	-40.1683
spk_ver/v00/v0059	SES158	1.16413	-39.1963	-40.3604
spk_ver/v00/v0060	SES008	-1.63309	-41.8242	-40.1911
spk_ver/v00/v0061	SES101	0.576096	-39.7662	-40.3423
spk_ver/v00/v0062	SES008	-2.65044	-43.6335	-40.983
spk_ver/v00/v0063	SES008	-2.1037	-43.2572	-41.1535
spk_ver/v00/v0064	SES117	1.26516	-40.0313	-41.2964
spk_ver/v00/v0065	SES149	1.64501	-38.7386	-40.3837
spk_ver/v00/v0066	SES008	-2.11353	-42.2423	-40.1288
spk_ver/v00/v0067	SES008	-3.63225	-45.3399	-41.7076
spk_ver/v00/v0068	SES162	1.33226	-39.614	-40.9462
spk_ver/v00/v0069	SES008	-5.03538	-45.2063	-40.1709
spk_ver/v00/v0070	SES008	-0.254379	-40.2401	-39.9857
spk_ver/v00/v0071	SES008	-1.38526	-42.1105	-40.7253
spk_ver/v00/v0072	SES008	-0.687946	-40.5026	-39.8146
spk_ver/v00/v0073	SES008	-2.76941	-42.4501	-39.6807
spk_ver/v00/v0074	SES008	-3.14753	-42.8888	-39.7413
spk_ver/v00/v0075	SES008	-7.0817	-47.7796	-40.6979
spk_ver/v00/v0076	SES167	1.53397	-39.196	-40.73
spk_ver/v00/v0077	SES008	-1.23355	-41.1434	-39.9098
spk_ver/v00/v0078	SES177	0.824047	-39.3704	-40.1944
spk_ver/v00/v0079	SES008	-1.39756	-41.8238	-40.4262
spk_ver/v00/v0080	SES008	-2.81052	-44.2193	-41.4088
spk_ver/v00/v0081	SES008	-4.91093	-46.3227	-41.4117
spk_ver/v00/v0082	SES008	-2.21457	-42.5997	-40.3852
spk_ver/v00/v0083	SES008	-5.58059	-46.3712	-40.7906
spk_ver/v00/v0084	SES144	0.838028	-40.1801	-41.0181
spk_ver/v00/v0085	SES008	-1.15215	-41.95	-40.7978
spk_ver/v00/v0086	SES008	-1.35292	-41.0544	-39.7015
spk_ver/v00/v0087	SES008	-3.95152	-44.9584	-41.0068
spk_ver/v00/v0088	SES008	-2.31578	-42.9502	-40.6344
spk_ver/v00/v0089	SES008	-1.20514	-42.3034	-41.0983
spk_ver/v00/v0090	SES142	2.64804	-39.1333	-41.7814
spk_ver/v00/v0091	SES008	-4.73712	-44.3573	-39.6202
spk_ver/v00/v0092	SES158	0.588707	-39.9272	-40.5159
spk_ver/v00/v0093	SES014	-4.97508	-45.1958	-40.2207
spk_ver/v00/v0094	SES014	-3.25558	-44.851	-41.5955
spk_ver/v00/v0095	SES014	-1.64584	-41.5056	-39.8598
spk_ver/v00/v0096	SES014	-2.2267	-42.2193	-39.9926
spk_ver/v00/v0097	SES014	-2.31892	-43.1666	-40.8477
spk_ver/v00/v0098	SES014	-1.2711	-40.5915	-39.3204
spk_ver/v00/v0099	SES014	-12.9205	-54.236	-41.3155
spk_ver/v01/v0100	SES127	0.597343	-39.5953	-40.1927
spk_ver/v01/v0101	SES014	-9.06483	-51.1909	-42.1261
spk_ver/v01/v0102	SES014	-15.3967	-57.3323	-41.9356
spk_ver/v01/v0103	SES014	-4.01492	-46.3626	-42.3477
spk_ver/v01/v0104	SES014	-10.2043	-51.5282	-41.324
spk_ver/v01/v0105	SES014	-3.92406	-45.5541	-41.63
spk_ver/v01/v0106	SES014	-1.81772	-42.4469	-40.6292
spk_ver/v01/v0107	SES014	-14.2703	-54.5499	-40.2796
spk_ver/v01/v0108	SES014	-16.3775	-57.8942	-41.5167
spk_ver/v01/v0109	SES014	-10.2922	-52.2488	-41.9566
spk_ver/v01/v0110	SES014	-2.99203	-44.4503	-41.4583
spk_ver/v01/v0111	SES014	-1.288	-40.9129	-39.6249
spk_ver/v01/v0112	SES014	-11.1625	-51.6267	-40.4642
spk_ver/v01/v0113	SES104	-0.285267	-41.075	-40.7897
spk_ver/v01/v0114	SES082	0.553989	-39.2533	-39.8073
spk_ver/v01/v0115	SES087	1.4951	-39.015	-40.5101
spk_ver/v01/v0116	SES014	-1.09041	-41.2247	-40.1343
spk_ver/v01/v0117	SES177	0.155491	-40.5505	-40.706
spk_ver/v01/v0118	SES014	-10.4199	-52.3478	-41.928
spk_ver/v01/v0119	SES014	-0.815563	-40.5798	-39.7643
spk_ver/v01/v0120	SES014	-14.9407	-56.4048	-41.464
spk_ver/v01/v0121	SES146	0.213753	-40.0548	-40.2686
spk_ver/v01/v0122	SES014	1.18894	-37.7763	-38.9652
spk_ver/v01/v0123	SES014	-1.59269	-41.9127	-40.32
spk_ver/v01/v0124	SES014	-10.8353	-51.8578	-41.0224
spk_ver/v01/v0125	SES014	-5.72272	-46.7875	-41.0648
spk_ver/v01/v0126	SES016	-2.37766	-43.7216	-41.3439
spk_ver/v01/v0127	SES016	-1.46446	-43.4526	-41.9881
spk_ver/v01/v0128	SES106	0.949783	-39.235	-40.1848
spk_ver/v01/v0129	SES016	-3.9371	-43.7843	-39.8472
spk_ver/v01/v0130	SES016	-2.12786	-42.872	-40.7441
spk_ver/v01/v0131	SES016	-3.96882	-43.9401	-39.9713
spk_ver/v01/v0132	SES016	-1.63387	-41.8598	-40.2259
spk_ver/v01/v0133	SES016	-2.16663	-43.7784	-41.6117
spk_ver/v01/v0134	SES016	-2.59472	-42.1774	-39.5827
spk_ver/v01/v0135	SES016	-3.0933	-44.5573	-41.464
spk_ver/v01/v0136	SES016	-3.46476	-44.461	-40.9963
spk_ver/v01/v0137	SES007	0.440983	-40.3808	-40.8218
spk_ver/v01/v0138	SES016	-0.897236	-41.7711	-40.8739
spk_ver/v01/v0139	SES016	-1.34201	-41.0711	-39.7291
spk_ver/v01/v0140	SES016	2.17252	-39.0682	-41.2407
spk_ver/v01/v0141	SES016	-7.20666	-49.4888	-42.2822
spk_ver/v01/v0142	SES016	-3.65889	-44.1705	-40.5116
spk_ver/v01/v0143	SES016	-5.27669	-45.956	-40.6793
spk_ver/v01/v0144	SES016	-3.37612	-43.4407	-40.0645
spk_ver/v01/v0145	SES016	-2.33434	-44.7919	-42.4576
spk_ver/v01/v0146	SES016	-1.47266	-41.4032	-39.9305
spk_ver/v01/v0147	SES016	-1.32879	-41.9238	-40.595
spk_ver/v01/v0148	SES127	0.608528	-40.0326	-40.6411
spk_ver/v01/v0149	SES016	-4.3881	-44.3674	-39.9793
spk_ver/v01/v0150	SES016	-1.67531	-42.1963	-40.521
spk_ver/v01/v0151	SES147	1.48636	-40.646	-42.1323
spk_ver/v01/v0152	SES016	-2.22602	-42.9165	-40.6905
spk_ver/v01/v0153	SES104	0.728462	-38.5586	-39.287
spk_ver/v01/v0154	SES016	-2.20107	-43.7441	-41.543
spk_ver/v01/v0155	SES016	-1.60998	-43.6496	-42.0396
spk_ver/v01/v0156	SES019	-1.61398	-42.6818	-41.0678
spk_ver/v01/v0157	SES019	-2.76805	-42.1889	-39.4209
spk_ver/v01/v0158	SES019	-1.37246	-41.408	-40.0356
spk_ver/v01/v0159	SES007	0.702583	-40.1683	-40.8709
spk_ver/v01/v0160	SES019	-2.6117	-42.2249	-39.6132
spk_ver/v01/v0161	SES019	-2.36353	-43.4546	-41.0911
spk_ver/v01/v0162	SES019	-7.72989	-47.8284	-40.0985
spk_ver/v01/v0163	SES189	1.43532	-40.566	-42.0013
spk_ver/v01/v0164	SES019	-1.62405	-41.1836	-39.5596
spk_ver/v01/v0165	SES019	-0.996101	-41.3483	-40.3522
spk_ver/v01/v0166	SES019	-7.0444	-47.0781	-40.0337
spk_ver/v01/v0167	SES019	-8.22388	-49.4359	-41.212
spk_ver/v01/v0168	SES019	-1.24111	-41.6806	-40.4395
spk_ver/v01/v0169	SES019	-3.77569	-44.4367	-40.661
spk_ver/v01/v0170	SES270	0.660732	-39.4126	-40.0734
spk_ver/v01/v0171	SES019	-2.74429	-42.6426	-39.8983
spk_ver/v01/v0172	SES019	-8.56099	-50.064	-41.503
spk_ver/v01/v0173	SES206	0.89238	-39.2659	-40.1583
spk_ver/v01/v0174	SES019	-2.28097	-42.6589	-40.378
spk_ver/v01/v0175	SES014	0.507847	-38.9347	-39.4425
spk_ver/v01/v0176	SES019	-5.82108	-46.1228	-40.3018
spk_ver/v01/v0177	SES120	0.63493	-40.3216	-40.9566
spk_ver/v01/v0178	SES019	-1.40558	-42.695	-41.2894
spk_ver/v01/v0179	SES019	-9.69316	-49.5065	-39.8134
spk_ver/v01/v0180	SES175	1.20502	-39.4687	-40.6737
spk_ver/v01/v0181	SES019	-8.44949	-49.8879	-41.4384
spk_ver/v01/v0182	SES019	-4.12715	-44.1102	-39.9831
spk_ver/v01/v0183	SES029	-2.71302	-43.1796	-40.4666
spk_ver/v01/v0184	SES029	-3.99008	-43.8032	-39.8131
spk_ver/v01/v0185	SES029	-1.97405	-42.3015	-40.3274
spk_ver/v01/v0186	SES068	0.753922	-39.1486	-39.9025
spk_ver/v01/v0187	SES029	-3.90569	-43.9202	-40.0145
spk_ver/v01/v0188	SES029	-2.21089	-41.7976	-39.5867
spk_ver/v01/v0189	SES149	1.2538	-38.7578	-40.0116
spk_ver/v01/v0190	SES029	-3.4435	-43.2482	-39.8047
spk_ver/v01/v0191	SES029	-3.89899	-44.4175	-40.5185
spk_ver/v01/v0192	SES183	1.60184	-38.4977	-40.0995
spk_ver/v01/v0193	SES029	-0.915539	-42.0287	-41.1131
spk_ver/v01/v0194	SES016	1.62636	-39.2576	-40.884
spk_ver/v01/v0195	SES029	-2.36254	-42.4452	-40.0826
spk_ver/v01/v0196	SES029	-0.685898	-41.8017	-41.1158
spk_ver/v01/v0197	SES029	-3.98217	-43.7006	-39.7184
spk_ver/v01/v0198	SES146	0.364418	-40.1779	-40.5423
spk_ver/v01/v0199	SES029	-3.47841	-44.9739	-41.4954
spk_ver/v02/v0200	SES029	-2.05907	-43.6735	-41.6145
spk_ver/v02/v0201	SES068	1.22912	-38.82	-40.0491
spk_ver/v02/v0202	SES148	1.21805	-39.6394	-40.8575
spk_ver/v02/v0203	SES029	-3.23389	-43.4919	-40.258
spk_ver/v02/v0204	SES029	-0.749077	-41.4351	-40.686
spk_ver/v02/v0205	SES060	0.703686	-39.2532	-39.9569
spk_ver/v02/v0206	SES127	1.43397	-38.5814	-40.0154
spk_ver/v02/v0207	SES029	-3.62959	-44.2883	-40.6588
spk_ver/v02/v0208	SES048	1.55903	-39.7058	-41.2648
spk_ver/v02/v0209	SES029	-1.44439	-42.1632	-40.7188
spk_ver/v02/v0210	SES029	-4.51026	-44.715	-40.2047
spk_ver/v02/v0211	SES029	-3.24958	-43.1278	-39.8782
spk_ver/v02/v0212	SES042	-15.3996	-57.0269	-41.6272
spk_ver/v02/v0213	SES085	1.08738	-39.4314	-40.5188
spk_ver/v02/v0214	SES206	1.00114	-38.7375	-39.7386
spk_ver/v02/v0215	SES144	0.446426	-39.9986	-40.445
spk_ver/v02/v0216	SES042	-3.5899	-43.741	-40.1511
spk_ver/v02/v0217	SES042	-4.48034	-46.7735	-42.2931
spk_ver/v02/v0218	SES042	-0.979275	-40.4318	-39.4525
spk_ver/v02/v0219	SES206	0.916153	-38.8144	-39.7306
spk_ver/v02/v0220	SES019	2.84206	-38.2799	-41.1219
spk_ver/v02/v0221	SES007	0.359814	-40.4419	-40.8018
spk_ver/v02/v0222	SES042	-12.7192	-54.2921	-41.5729
spk_ver/v02/v0223	SES147	1.24609	-40.7136	-41.9597
spk_ver/v02/v0224	SES105	1.0649	-39.9397	-41.0046
spk_ver/v02/v0225	SES042	-2.05439	-42.1976	-40.1432
spk_ver/v02/v0226	SES275	1.07031	-40.1518	-41.2221
spk_ver/v02/v0227	SES042	-4.21564	-44.8638	-40.6481
spk_ver/v02/v0228	SES042	-6.95276	-47.5686	-40.6159
spk_ver/v02/v0229	SES042	-15.3032	-55.6275	-40.3243
spk_ver/v02/v0230	SES085	0.388168	-39.0749	-39.463
spk_ver/v02/v0231	SES014	1.55493	-37.5687	-39.1237
spk_ver/v02/v0232	SES042	-1.69235	-41.4345	-39.7421
spk_ver/v02/v0233	SES048	-3.74538	-43.8461	-40.1007
spk_ver/v02/v0234	SES048	-5.91094	-47.7417	-41.8308
spk_ver/v02/v0235	SES029	0.515953	-40.4798	-40.9958
spk_ver/v02/v0236	SES048	-4.08912	-44.0761	-39.987
spk_ver/v02/v0237	SES048	-4.27701	-44.1308	-39.8538
spk_ver/v02/v0238	SES048	-3.43024	-43.9495	-40.5193
spk_ver/v02/v0239	SES060	0.390907	-39.5037	-39.8946
spk_ver/v02/v0240	SES048	-4.56106	-45.8578	-41.2968
spk_ver/v02/v0241	SES048	-5.58581	-46.51	-40.9242
spk_ver/v02/v0242	SES189	2.76611	-39.9448	-42.7109
spk_ver/v02/v0243	SES162	0.920223	-40.4836	-41.4038
spk_ver/v02/v0244	SES048	-3.332	-42.8163	-39.4843
spk_ver/v02/v0245	SES048	-3.53121	-43.1238	-39.5926
spk_ver/v02/v0246	SES048	-3.07912	-42.889	-39.8098
spk_ver/v02/v0247	SES048	-3.51484	-44.7271	-41.2123
spk_ver/v02/v0248	SES226	1.36718	-38.9727	-40.3399
spk_ver/v02/v0249	SES048	-2.3573	-43.3337	-40.9764
spk_ver/v02/v0250	SES048	-2.64343	-43.8836	-41.2402
spk_ver/v02/v0251	SES048	-3.53105	-44.1683	-40.6372
spk_ver/v02/v0252	SES060	-5.21627	-47.5612	-42.345
spk_ver/v02/v0253	SES060	-4.62361	-44.5904	-39.9668
spk_ver/v02/v0254	SES259	1.62026	-38.0289	-39.6492
spk_ver/v02/v0255	SES060	-3.77464	-45.4021	-41.6275
spk_ver/v02/v0256	SES202	0.811535	-40.587	-41.3986
spk_ver/v02/v0257	SES148	0.812244	-39.2004	-40.0127
spk_ver/v02/v0258	SES060	-5.30389	-47.4691	-42.1652
spk_ver/v02/v0259	SES060	-2.34211	-42.1823	-39.8402
spk_ver/v02/v0260	SES060	-2.65994	-43.1998	-40.5399
spk_ver/v02/v0261	SES099	1.42156	-38.9602	-40.3817
spk_ver/v02/v0262	SES060	-2.99208	-43.6672	-40.6751
spk_ver/v02/v0263	SES060	-2.0687	-41.6773	-39.6086
spk_ver/v02/v0264	SES292	0.357277	-40.1631	-40.5203
spk_ver/v02/v0265	SES060	-0.86853	-41.3689	-40.5004
spk_ver/v02/v0266	SES060	-5.83921	-46.734	-40.8948
spk_ver/v02/v0267	SES060	-5.21179	-46.3932	-41.1814
spk_ver/v02/v0268	SES060	-5.2024	-47.214	-42.0116
spk_ver/v02/v0269	SES127	0.724876	-39.4712	-40.1961
spk_ver/v02/v0270	SES060	-3.04111	-44.1364	-41.0953
spk_ver/v02/v0271	SES060	-0.926212	-41.5906	-40.6644
spk_ver/v02/v0272	SES060	-3.94446	-45.3222	-41.3777
spk_ver/v02/v0273	SES087	1.10468	-39.1521	-40.2568
spk_ver/v02/v0274	SES146	0.685211	-40.2877	-40.9729
spk_ver/v02/v0275	SES060	-5.48555	-46.629	-41.1435
spk_ver/v02/v0276	SES002	1.7854	-38.2753	-40.0606
spk_ver/v02/v0277	SES060	-1.31416	-41.873	-40.5588
spk_ver/v02/v0278	SES060	-5.06139	-45.3114	-40.25
spk_ver/v02/v0279	SES060	-4.4158	-43.9005	-39.4847
spk_ver/v02/v0280	SES129	1.54861	-38.8234	-40.372
spk_ver/v02/v0281	SES162	1.07108	-40.1042	-41.1753
spk_ver/v02/v0282	SES060	-2.74306	-42.6546	-39.9116
spk_ver/v02/v0283	SES060	-2.72484	-42.5432	-39.8184
spk_ver/v02/v0284	SES062	-3.08575	-44.9049	-41.8191
spk_ver/v02/v0285	SES062	-4.39531	-44.8633	-40.468
spk_ver/v02/v0286	SES120	0.453308	-40.5379	-40.9912
spk_ver/v02/v0287	SES062	-3.66406	-44.455	-40.7909
spk_ver/v02/v0288	SES062	-3.62273	-44.1114	-40.4887
spk_ver/v02/v0289	SES062	-2.22538	-41.3918	-39.1664
spk_ver/v02/v0290	SES062	-2.46447	-42.8545	-40.39
spk_ver/v02/v0291	SES275	0.337654	-40.4611	-40.7988
spk_ver/v02/v0292	SES062	-3.55973	-44.9713	-41.4115
spk_ver/v02/v0293	SES062	-3.25497	-44.7247	-41.4698
spk_ver/v02/v0294	SES062	-2.61605	-42.7777	-40.1617
spk_ver/v02/v0295	SES062	-3.87233	-44.9264	-41.0541
spk_ver/v02/v0296	SES062	-3.92208	-44.2294	-40.3073
spk_ver/v02/v0297	SES062	-5.64614	-46.659	-41.0128
spk_ver/v02/v0298	SES062	-3.14835	-43.9929	-40.8446
spk_ver/v02/v0299	SES062	-2.07147	-43.0322	-40.9608
spk_ver/v03/v0300	SES062	-4.33729	-46.8645	-42.5272
spk_ver/v03/v0301	SES062	-2.82248	-42.9128	-40.0904
spk_ver/v03/v0302	SES172	0.844296	-38.9018	-39.7461
spk_ver/v03/v0303	SES062	-1.52268	-42.317	-40.7944
spk_ver/v03/v0304	SES062	-2.43209	-42.2407	-39.8086
spk_ver/v03/v0305	SES062	-2.80344	-42.9202	-40.1168
spk_ver/v03/v0306	SES062	-5.67066	-48.1807	-42.5101
spk_ver/v03/v0307	SES062	-3.95232	-43.683	-39.7307
spk_ver/v03/v0308	SES062	-5.60427	-47.2118	-41.6075
spk_ver/v03/v0309	SES062	-2.92022	-44.7886	-41.8684
spk_ver/v03/v0310	SES125	0.910156	-38.3816	-39.2917
spk_ver/v03/v0311	SES062	-3.32764	-42.8676	-39.54
spk_ver/v03/v0312	SES062	-6.70057	-48.3211	-41.6205
spk_ver/v03/v0313	SES062	-2.77034	-45.1149	-42.3446
spk_ver/v03/v0314	SES068	-3.77535	-43.5782	-39.8028
spk_ver/v03/v0315	SES068	-3.00237	-42.3829	-39.3805
spk_ver/v03/v0316	SES068	-3.17545	-44.6882	-41.5128
spk_ver/v03/v0317	SES068	-2.11185	-44.123	-42.0112
spk_ver/v03/v0318	SES068	-4.25496	-44.2593	-40.0043
spk_ver/v03/v0319	SES068	-4.36599	-44.9572	-40.5913
spk_ver/v03/v0320	SES068	-1.54027	-41.3377	-39.7975
spk_ver/v03/v0321	SES068	-0.498066	-40.9141	-40.4161
spk_ver/v03/v0322	SES068	-0.80405	-41.7897	-40.9857
spk_ver/v03/v0323	SES068	-2.63213	-43.4089	-40.7768
spk_ver/v03/v0324	SES144	0.0811005	-41.4979	-41.579
spk_ver/v03/v0325	SES068	-1.34871	-41.6761	-40.3274
spk_ver/v03/v0326	SES068	-0.41745	-39.7545	-39.3371
spk_ver/v03/v0327	SES068	-1.81156	-42.0717	-40.2602
spk_ver/v03/v0328	SES068	-3.75005	-43.7807	-40.0306
spk_ver/v03/v0329	SES068	-1.46358	-41.7717	-40.3081
spk_ver/v03/v0330	SES180	0.720398	-40.2243	-40.9447
spk_ver/v03/v0331	SES068	-0.448479	-41.2028	-40.7543
spk_ver/v03/v0332	SES275	1.17704	-39.538	-40.7151
spk_ver/v03/v0333	SES062	1.08425	-38.0754	-39.1597
spk_ver/v03/v0334	SES270	1.40849	-39.2561	-40.6645
spk_ver/v03/v0335	SES068	-3.68711	-45.4281	-41.741
spk_ver/v03/v0336	SES068	-0.771221	-40.2182	-39.447
spk_ver/v03/v0337	SES068	-1.99717	-43.671	-41.6739
spk_ver/v03/v0338	SES068	-1.72818	-43.1003	-41.3721
spk_ver/v03/v0339	SES068	-0.885761	-41.3586	-40.4728
spk_ver/v03/v0340	SES068	-1.88091	-43.7093	-41.8284
spk_ver/v03/v0341	SES016	0.870701	-39.4961	-40.3668
spk_ver/v03/v0342	SES068	-2.65994	-44.5367	-41.8768
spk_ver/v03/v0343	SES068	-1.03834	-41.8898	-40.8515
spk_ver/v03/v0344	SES125	0.826565	-38.8443	-39.6709
spk_ver/v03/v0345	SES187	0.95911	-39.4679	-40.427
spk_ver/v03/v0346	SES068	-1.62382	-41.5059	-39.882
spk_ver/v03/v0347	SES143	1.35213	-39.5006	-40.8527
spk_ver/v03/v0348	SES292	0.899418	-39.5878	-40.4872
spk_ver/v03/v0349	SES082	-5.35876	-46.2069	-40.8481
spk_ver/v03/v0350	SES101	0.914917	-38.4391	-39.354
spk_ver/v03/v0351	SES082	-0.590599	-40.834	-40.2434
spk_ver/v03/v0352	SES082	-1.72376	-42.2083	-40.4846
spk_ver/v03/v0353	SES082	-5.71902	-46.5006	-40.7816
spk_ver/v03/v0354	SES082	-12.3127	-54.1222	-41.8095
spk_ver/v03/v0355	SES083	1.00811	-38.6388	-39.6469
spk_ver/v03/v0356	SES082	-2.3698	-43.3544	-40.9846
spk_ver/v03/v0357	SES082	-9.2861	-50.2558	-40.9697
spk_ver/v03/v0358	SES082	-1.53709	-41.6965	-40.1594
spk_ver/v03/v0359	SES117	1.08297	-41.2906	-42.3736
spk_ver/v03/v0360	SES082	-6.96497	-47.3244	-40.3594
spk_ver/v03/v0361	SES082	-1.65154	-41.6112	-39.9596
spk_ver/v03/v0362	SES007	1.09056	-39.4818	-40.5724
spk_ver/v03/v0363	SES082	-2.98662	-42.7	-39.7134
spk_ver/v03/v0364	SES019	1.82994	-39.1787	-41.0086
spk_ver/v03/v0365	SES082	-1.56765	-41.79	-40.2223
spk_ver/v03/v0366	SES226	1.17414	-39.1059	-40.28
spk_ver/v03/v0367	SES167	1.65896	-38.5443	-40.2032
spk_ver/v03/v0368	SES082	-2.88697	-42.1764	-39.2895
spk_ver/v03/v0369	SES042	2.63443	-37.0431	-39.6776
spk_ver/v03/v0370	SES042	1.65638	-37.6257	-39.2821
spk_ver/v03/v0371	SES082	-6.80161	-47.4589	-40.6573
spk_ver/v03/v0372	SES082	-2.01973	-41.3976	-39.3779
spk_ver/v03/v0373	SES082	-4.57101	-45.8297	-41.2587
spk_ver/v03/v0374	SES083	-1.28371	-40.662	-39.3783
spk_ver/v03/v0375	SES292	0.357674	-39.9401	-40.2978
spk_ver/v03/v0376	SES083	-3.43716	-43.625	-40.1879
spk_ver/v03/v0377	SES083	-3.04556	-43.4506	-40.405
spk_ver/v03/v0378	SES083	-1.52522	-42.6416	-41.1164
spk_ver/v03/v0379	SES083	-1.87041	-42.6529	-40.7824
spk_ver/v03/v0380	SES083	-3.28109	-44.9804	-41.6993
spk_ver/v03/v0381	SES083	-2.05295	-42.4162	-40.3633
spk_ver/v03/v0382	SES148	1.00978	-39.6358	-40.6456
spk_ver/v03/v0383	SES083	-1.79214	-41.4384	-39.6462
spk_ver/v03/v0384	SES226	1.33039	-38.9394	-40.2698
spk_ver/v03/v0385	SES226	1.50396	-38.0895	-39.5935
spk_ver/v03/v0386	SES087	1.28881	-39.4643	-40.7531
spk_ver/v03/v0387	SES029	0.835186	-39.7896	-40.6248
spk_ver/v03/v0388	SES147	1.46406	-40.0414	-41.5055
spk_ver/v03/v0389	SES083	-4.24433	-45.2627	-41.0183
spk_ver/v03/v0390	SES189	1.54921	-39.7918	-41.341
spk_ver/v03/v0391	SES083	-1.21924	-41.4259	-40.2067
spk_ver/v03/v0392	SES083	-0.122913	-39.516	-39.3931
spk_ver/v03/v0393	SES083	-2.08113	-42.5281	-40.4469
spk_ver/v03/v0394	SES083	-3.46402	-43.3484	-39.8844
spk_ver/v03/v0395	SES083	-1.29096	-41.5977	-40.3068
spk_ver/v03/v0396	SES014	1.67687	-37.3519	-39.0288
spk_ver/v03/v0397	SES085	-0.235668	-39.7581	-39.5224
spk_ver/v03/v0398	SES085	-1.37623	-40.6987	-39.3225
spk_ver/v03/v0399	SES085	-4.85336	-44.8615	-40.0081
spk_ver/v04/v0400	SES106	1.17326	-38.3471	-39.5204
spk_ver/v04/v0401	SES085	-4.14667	-44.5145	-40.3678
spk_ver/v04/v0402	SES085	-7.84832	-49.3778	-41.5295
spk_ver/v04/v0403	SES085	-0.373104	-40.405	-40.0319
spk_ver/v04/v0404	SES180	1.54698	-38.9144	-40.4613
spk_ver/v04/v0405	SES129	1.27676	-38.1049	-39.3817
spk_ver/v04/v0406	SES085	-5.26777	-46.2394	-40.9717
spk_ver/v04/v0407	SES146	0.0763168	-41.1008	-41.1771
spk_ver/v04/v0408	SES085	-0.814301	-40.8128	-39.9985
spk_ver/v04/v0409	SES085	-3.47675	-43.7271	-40.2504
spk_ver/v04/v0410	SES085	-6.60498	-46.3755	-39.7705
spk_ver/v04/v0411	SES292	0.908279	-40.2421	-41.1504
spk_ver/v04/v0412	SES085	-1.30584	-41.1598	-39.854
spk_ver/v04/v0413	SES125	1.17852	-38.1932	-39.3717
spk_ver/v04/v0414	SES085	-3.57021	-47.1043	-43.5341
spk_ver/v04/v0415	SES085	-1.55085	-42.1253	-40.5745
spk_ver/v04/v0416	SES085	-3.71807	-43.6594	-39.9413
spk_ver/v04/v0417	SES062	0.244034	-39.302	-39.546
spk_ver/v04/v0418	SES060	2.22161	-38.2627	-40.4843
spk_ver/v04/v0419	SES085	-1.02089	-41.517	-40.4961
spk_ver/v04/v0420	SES085	-4.80596	-44.5369	-39.7309
spk_ver/v04/v0421	SES085	-6.79411	-47.079	-40.2849
spk_ver/v04/v0422	SES085	-0.95771	-43.0705	-42.1128
spk_ver/v04/v0423	SES085	-5.27666	-45.8932	-40.6166
spk_ver/v04/v0424	SES085	-4.16987	-45.1739	-41.004
spk_ver/v04/v0425	SES183	1.23752	-39.8463	-41.0839
spk_ver/v04/v0426	SES085	-4.69785	-44.8845	-40.1867
spk_ver/v04/v0427	SES087	-2.70017	-42.9588	-40.2587
spk_ver/v04/v0428	SES162	1.24223	-40.0631	-41.3054
spk_ver/v04/v0429	SES087	-1.81381	-41.3337	-39.5199
spk_ver/v04/v0430	SES087	-3.38696	-45.2977	-41.9107
spk_ver/v04/v0431	SES087	-10.3429	-51.4531	-41.1102
spk_ver/v04/v0432	SES087	-1.9483	-42.8566	-40.9083
spk_ver/v04/v0433	SES087	-7.57458	-47.4516	-39.877
spk_ver/v04/v0434	SES142	3.07371	-38.3805	-41.4542
spk_ver/v04/v0435	SES087	-8.21901	-49.7683	-41.5493
spk_ver/v04/v0436	SES099	0.811256	-39.3583	-40.1696
spk_ver/v04/v0437	SES087	-4.26783	-44.2031	-39.9353
spk_ver/v04/v0438	SES087	-5.54276	-46.8336	-41.2909
spk_ver/v04/v0439	SES087	-1.63614	-41.2373	-39.6011
spk_ver/v04/v0440	SES087	-5.98378	-46.6927	-40.7089
spk_ver/v04/v0441	SES087	-9.32604	-50.3016	-40.9756
spk_ver/v04/v0442	SES187	1.37499	-39.7683	-41.1433
spk_ver/v04/v0443	SES172	1.65396	-39.2709	-40.9249
spk_ver/v04/v0444	SES087	-2.16805	-41.8554	-39.6874
spk_ver/v04/v0445	SES087	-1.97524	-41.438	-39.4628
spk_ver/v04/v0446	SES087	-0.685108	-40.3645	-39.6794
spk_ver/v04/v0447	SES087	-1.75026	-41.8589	-40.1086
spk_ver/v04/v0448	SES106	0.925819	-39.2514	-40.1772
spk_ver/v04/v0449	SES146	0.776966	-40.2492	-41.0261
spk_ver/v04/v0450	SES087	-7.37773	-48.2909	-40.9132
spk_ver/v04/v0451	SES087	-1.16343	-41.3392	-40.1758
spk_ver/v04/v0452	SES007	1.02979	-39.7751	-40.8049
spk_ver/v04/v0453	SES087	-2.43756	-43.2178	-40.7802
spk_ver/v04/v0454	SES087	-7.10484	-48.1666	-41.0618
spk_ver/v04/v0455	SES180	1.12976	-39.5381	-40.6679
spk_ver/v04/v0456	SES099	-5.40257	-46.7581	-41.3556
spk_ver/v04/v0457	SES042	1.03156	-38.7388	-39.7704
spk_ver/v04/v0458	SES099	-0.607513	-40.8895	-40.2819
spk_ver/v04/v0459	SES099	-10.4575	-51.5479	-41.0904
spk_ver/v04/v0460	SES099	-5.91942	-48.2641	-42.3447
spk_ver/v04/v0461	SES099	-1.19415	-41.1506	-39.9564
spk_ver/v04/v0462	SES082	1.25149	-38.5255	-39.777
spk_ver/v04/v0463	SES099	-0.390427	-40.5201	-40.1296
spk_ver/v04/v0464	SES099	0.045742	-39.4734	-39.5192
spk_ver/v04/v0465	SES099	-9.66217	-50.2556	-40.5934
spk_ver/v04/v0466	SES099	-0.0391235	-39.8509	-39.8118
spk_ver/v04/v0467	SES099	-0.685497	-41.242	-40.5565
spk_ver/v04/v0468	SES129	1.77948	-38.7622	-40.5417
spk_ver/v04/v0469	SES101	0.780453	-39.6811	-40.4615
spk_ver/v04/v0470	SES099	-6.29202	-47.9208	-41.6288
spk_ver/v04/v0471	SES172	0.641258	-40.1658	-40.8071
spk_ver/v04/v0472	SES099	0.15937	-40.4095	-40.5689
spk_ver/v04/v0473	SES270	1.73642	-39.2737	-41.0101
spk_ver/v04/v0474	SES099	-3.15518	-43.328	-40.1728
spk_ver/v04/v0475	SES099	-1.61496	-41.3834	-39.7685
spk_ver/v04/v0476	SES099	-2.27944	-43.9846	-41.7051
spk_ver/v04/v0477	SES002	1.31039	-38.6823	-39.9927
spk_ver/v04/v0478	SES099	-0.463604	-40.4138	-39.9502
spk_ver/v04/v0479	SES007	-0.201672	-40.8566	-40.6549
spk_ver/v04/v0480	SES101	-3.7328	-43.4034	-39.6706
spk_ver/v04/v0481	SES101	-3.52524	-45.5036	-41.9784
spk_ver/v04/v0482	SES175	0.743561	-40.2008	-40.9443
spk_ver/v04/v0483	SES101	-1.9615	-42.0348	-40.0733
spk_ver/v04/v0484	SES101	-3.46762	-42.5691	-39.1015
spk_ver/v04/v0485	SES101	-2.37494	-43.6958	-41.3209
spk_ver/v04/v0486	SES101	-2.32807	-44.3063	-41.9782
spk_ver/v04/v0487	SES101	-2.25377	-43.5096	-41.2559
spk_ver/v04/v0488	SES101	-4.07463	-44.645	-40.5703
spk_ver/v04/v0489	SES147	0.944691	-41.1873	-42.132
spk_ver/v04/v0490	SES085	-0.410183	-41.1443	-40.7341
spk_ver/v04/v0491	SES101	-2.34866	-44.1023	-41.7537
spk_ver/v04/v0492	SES101	-4.24113	-45.6759	-41.4347
spk_ver/v04/v0493	SES101	-3.30317	-42.8529	-39.5497
spk_ver/v04/v0494	SES101	-1.66662	-43.6473	-41.9807
spk_ver/v04/v0495	SES101	-1.20267	-40.6783	-39.4757
spk_ver/v04/v0496	SES101	-2.54567	-43.1015	-40.5558
spk_ver/v04/v0497	SES014	1.0698	-37.5552	-38.625
spk_ver/v04/v0498	SES101	-3.61263	-43.7699	-40.1573
spk_ver/v04/v0499	SES101	-1.15123	-41.207	-40.0557
spk_ver/v05/v0500	SES085	0.903625	-38.9238	-39.8274
spk_ver/v05/v0501	SES101	-4.37644	-44.1877	-39.8113
spk_ver/v05/v0502	SES275	0.84985	-39.8749	-40.7247
spk_ver/v05/v0503	SES117	1.06819	-40.5127	-41.5809
spk_ver/v05/v0504	SES101	-3.65751	-43.1791	-39.5216
spk_ver/v05/v0505	SES101	-1.48308	-42.1929	-40.7099
spk_ver/v05/v0506	SES101	-1.83205	-42.5465	-40.7144
spk_ver/v05/v0507	SES048	0.926334	-39.0868	-40.0132
spk_ver/v05/v0508	SES117	0.754158	-41.3442	-42.0983
spk_ver/v05/v0509	SES202	2.18441	-38.2488	-40.4333
spk_ver/v05/v0510	SES104	-2.61185	-44.1293	-41.5175
spk_ver/v05/v0511	SES008	0.698521	-40.7853	-41.4838
spk_ver/v05/v0512	SES104	-1.18971	-42.062	-40.8723
spk_ver/v05/v0513	SES104	-1.13412	-40.6691	-39.5349
spk_ver/v05/v0514	SES104	-7.95145	-47.6711	-39.7197
spk_ver/v05/v0515	SES104	-13.3761	-54.6819	-41.3059
spk_ver/v05/v0516	SES104	-0.873043	-42.465	-41.592
spk_ver/v05/v0517	SES060	0.340527	-39.1368	-39.4774
spk_ver/v05/v0518	SES104	-12.4767	-54.0385	-41.5618
spk_ver/v05/v0519	SES104	-12.7732	-54.1731	-41.3999
spk_ver/v05/v0520	SES104	-0.425838	-39.9638	-39.538
spk_ver/v05/v0521	SES008	0.832424	-38.8112	-39.6436
spk_ver/v05/v0522	SES068	1.04576	-39.411	-40.4568
spk_ver/v05/v0523	SES087	1.22918	-38.6891	-39.9183
spk_ver/v05/v0524	SES104	-1.1856	-41.6787	-40.4931
spk_ver/v05/v0525	SES104	-0.923	-41.3389	-40.4159
spk_ver/v05/v0526	SES104	-1.33398	-40.9727	-39.6387
spk_ver/v05/v0527	SES083	0.689278	-39.3589	-40.0482
spk_ver/v05/v0528	SES148	1.1457	-39.3031	-40.4488
spk_ver/v05/v0529	SES104	-2.02883	-42.8991	-40.8703
spk_ver/v05/v0530	SES104	-8.7454	-49.7472	-41.0018
spk_ver/v05/v0531	SES125	0.863598	-38.9217	-39.7853
spk_ver/v05/v0532	SES104	-11.8066	-52.4032	-40.5966
spk_ver/v05/v0533	SES149	1.94424	-38.2431	-40.1874
spk_ver/v05/v0534	SES104	-11.4673	-51.8672	-40.3999
spk_ver/v05/v0535	SES187	0.726559	-40.4307	-41.1573
spk_ver/v05/v0536	SES104	-1.99638	-42.4978	-40.5014
spk_ver/v05/v0537	SES104	-1.84992	-41.8109	-39.961
spk_ver/v05/v0538	SES167	1.65806	-39.1029	-40.7609
spk_ver/v05/v0539	SES104	-2.00051	-44.1326	-42.1321
spk_ver/v05/v0540	SES104	-10.9869	-50.2266	-39.2397
spk_ver/v05/v0541	SES183	1.48462	-40.6773	-42.1619
spk_ver/v05/v0542	SES104	-0.954044	-42.0792	-41.1251
spk_ver/v05/v0543	SES104	-10.6313	-50.9805	-40.3492
spk_ver/v05/v0544	SES105	-3.89589	-44.3609	-40.465
spk_ver/v05/v0545	SES105	-2.53464	-43.7167	-41.182
spk_ver/v05/v0546	SES105	-2.72572	-43.2592	-40.5335
spk_ver/v05/v0547	SES105	-3.10659	-45.3455	-42.2389
spk_ver/v05/v0548	SES019	2.55683	-39.0371	-41.5939
spk_ver/v05/v0549	SES105	-2.52217	-43.6654	-41.1432
spk_ver/v05/v0550	SES105	-3.15558	-44.8275	-41.672
spk_ver/v05/v0551	SES202	1.88324	-39.2784	-41.1616
spk_ver/v05/v0552	SES105	-4.38533	-45.6998	-41.3144
spk_ver/v05/v0553	SES105	-0.596367	-40.9025	-40.3061
spk_ver/v05/v0554	SES105	-2.37429	-42.3099	-39.9356
spk_ver/v05/v0555	SES105	-2.03117	-42.0991	-40.0679
spk_ver/v05/v0556	SES082	0.125446	-39.6214	-39.7468
spk_ver/v05/v0557	SES105	-3.37059	-43.4849	-40.1143
spk_ver/v05/v0558	SES014	1.09322	-38.3303	-39.4235
spk_ver/v05/v0559	SES105	-2.05545	-42.36	-40.3046
spk_ver/v05/v0560	SES177	0.333229	-40.3645	-40.6977
spk_ver/v05/v0561	SES189	3.67597	-42.9858	-46.6618
spk_ver/v05/v0562	SES105	-3.0988	-44.1821	-41.0833
spk_ver/v05/v0563	SES099	0.876808	-40.5477	-41.4245
spk_ver/v05/v0564	SES105	-2.15477	-42.6044	-40.4496
spk_ver/v05/v0565	SES105	-3.17188	-43.0917	-39.9198
spk_ver/v05/v0566	SES105	-3.42056	-43.9526	-40.532
spk_ver/v05/v0567	SES142	2.04302	-39.8411	-41.8842
spk_ver/v05/v0568	SES048	1.09296	-39.2006	-40.2936
spk_ver/v05/v0569	SES105	-4.19837	-44.4451	-40.2467
spk_ver/v05/v0570	SES105	-1.42128	-41.6026	-40.1814
spk_ver/v05/v0571	SES105	-4.20186	-44.9894	-40.7876
spk_ver/v05/v0572	SES105	-3.70014	-45.229	-41.5289
spk_ver/v05/v0573	SES105	-3.7905	-44.2572	-40.4667
spk_ver/v05/v0574	SES105	-2.18971	-43.0647	-40.875
spk_ver/v05/v0575	SES105	-2.47988	-43.3997	-40.9198
spk_ver/v05/v0576	SES106	-10.8152	-52.6632	-41.848
spk_ver/v05/v0577	SES106	-4.12167	-45.5329	-41.4113
spk_ver/v05/v0578	SES106	-8.10683	-48.8236	-40.7167
spk_ver/v05/v0579	SES106	-9.53145	-49.8671	-40.3357
spk_ver/v05/v0580	SES106	-0.785397	-40.4491	-39.6637
spk_ver/v05/v0581	SES106	-11.5066	-52.7563	-41.2497
spk_ver/v05/v0582	SES106	-1.63094	-42.5739	-40.943
spk_ver/v05/v0583	SES106	-0.722984	-40.8048	-40.0818
spk_ver/v05/v0584	SES106	-10.6444	-51.8856	-41.2412
spk_ver/v05/v0585	SES106	-1.04422	-42.4115	-41.3673
spk_ver/v05/v0586	SES106	-8.06099	-48.6567	-40.5957
spk_ver/v05/v0587	SES106	-2.88036	-43.1812	-40.3008
spk_ver/v05/v0588	SES106	-7.73576	-47.4337	-39.698
spk_ver/v05/v0589	SES106	-10.6251	-50.419	-39.7939
spk_ver/v05/v0590	SES082	0.444458	-39.4218	-39.8663
spk_ver/v05/v0591	SES180	0.938969	-39.845	-40.7839
spk_ver/v05/v0592	SES106	-0.976494	-41.4513	-40.4748
spk_ver/v05/v0593	SES106	-12.6648	-54.0487	-41.3839
spk_ver/v05/v0594	SES292	0.856281	-39.5402	-40.3965
spk_ver/v05/v0595	SES106	-1.17609	-41.7257	-40.5496
spk_ver/v05/v0596	SES106	-9.32205	-50.278	-40.9559
spk_ver/v05/v0597	SES106	-9.13542	-49.6432	-40.5077
spk_ver/v05/v0598	SES042	1.643	-38.8536	-40.4966
spk_ver/v05/v0599	SES106	-8.77463	-50.228	-41.4534
spk_ver/v06/v0600	SES106	-0.476559	-41.0978	-40.6213
spk_ver/v06/v0601	SES106	-1.33091	-41.8883	-40.5574
spk_ver/v06/v0602	SES106	-5.12347	-45.5626	-40.4391
spk_ver/v06/v0603	SES106	-10.1792	-51.532	-41.3527
spk_ver/v06/v0604	SES106	-8.50886	-49.2418	-40.733
spk_ver/v06/v0605	SES106	-7.67147	-50.0161	-42.3446
spk_ver/v06/v0606	SES048	1.43982	-38.5415	-39.9813
spk_ver/v06/v0607	SES167	2.21716	-38.613	-40.8302
spk_ver/v06/v0608	SES106	-7.55478	-48.6191	-41.0643
spk_ver/v06/v0609	SES143	0.442764	-40.2395	-40.6823
spk_ver/v06/v0610	SES106	-10.5157	-53.0857	-42.57
spk_ver/v06/v0611	SES106	-5.51728	-46.514	-40.9967
spk_ver/v06/v0612	SES106	-11.8436	-53.7103	-41.8667
spk_ver/v06/v0613	SES117	-1.07676	-41.8053	-40.7285
spk_ver/v06/v0614	SES117	-4.55732	-44.4797	-39.9224
spk_ver/v06/v0615	SES117	-1.05037	-42.1177	-41.0673
spk_ver/v06/v0616	SES106	1.40775	-37.3129	-38.7206
spk_ver/v06/v0617	SES142	2.91303	-39.1171	-42.0301
spk_ver/v06/v0618	SES048	1.38947	-38.4361	-39.8255
spk_ver/v06/v0619	SES175	1.38829	-40.1167	-41.505
spk_ver/v06/v0620	SES180	1.21526	-39.2237	-40.4389
spk_ver/v06/v0621	SES117	-0.211697	-42.3915	-42.1799
spk_ver/v06/v0622	SES029	-0.225853	-41.3193	-41.0934
spk_ver/v06/v0623	SES117	-1.16706	-41.4381	-40.2711
spk_ver/v06/v0624	SES117	-3.13911	-43.7362	-40.5971
spk_ver/v06/v0625	SES117	-1.0531	-43.9198	-42.8667
spk_ver/v06/v0626	SES106	1.24559	-38.449	-39.6946
spk_ver/v06/v0627	SES226	1.36858	-38.3025	-39.6711
spk_ver/v06/v0628	SES117	-0.69474	-41.3499	-40.6552
spk_ver/v06/v0629	SES117	-1.88021	-40.1759	-38.2957
spk_ver/v06/v0630	SES117	-3.76425	-43.4445	-39.6802
spk_ver/v06/v0631	SES117	-4.02666	-46.2515	-42.2248
spk_ver/v06/v0632	SES117	-1.1388	-40.8451	-39.7063
spk_ver/v06/v0633	SES099	1.89728	-38.9727	-40.87
spk_ver/v06/v0634	SES105	1.55712	-39.8711	-41.4282
spk_ver/v06/v0635	SES167	0.840618	-40.4038	-41.2444
spk_ver/v06/v0636	SES117	0.0796204	-40.2756	-40.3552
spk_ver/v06/v0637	SES202	1.61801	-39.3161	-40.9341
spk_ver/v06/v0638	SES117	-2.19997	-42.268	-40.068
spk_ver/v06/v0639	SES167	2.07903	-38.9988	-41.0779
spk_ver/v06/v0640	SES117	-1.66148	-42.3624	-40.7009
spk_ver/v06/v0641	SES117	-2.24899	-42.0068	-39.7578
spk_ver/v06/v0642	SES101	1.20318	-38.5795	-39.7827
spk_ver/v06/v0643	SES068	1.01218	-39.5205	-40.5327
spk_ver/v06/v0644	SES120	-3.87201	-44.8292	-40.9572
spk_ver/v06/v0645	SES120	-1.23674	-43.3932	-42.1565
spk_ver/v06/v0646	SES172	0.955418	-39.8578	-40.8133
spk_ver/v06/v0647	SES120	-1.84947	-42.0154	-40.1659
spk_ver/v06/v0648	SES120	-0.238411	-39.9512	-39.7128
spk_ver/v06/v0649	SES120	-2.97961	-44.5478	-41.5682
spk_ver/v06/v0650	SES087	1.25613	-39.2947	-40.5509
spk_ver/v06/v0651	SES120	-2.34856	-42.4522	-40.1036
spk_ver/v06/v0652	SES104	-0.182133	-40.9613	-40.7792
spk_ver/v06/v0653	SES129	1.47939	-38.4094	-39.8888
spk_ver/v06/v0654	SES120	-1.9244	-43.1134	-41.189
spk_ver/v06/v0655	SES120	-1.68407	-42.9345	-41.2504
spk_ver/v06/v0656	SES120	-1.64774	-41.8574	-40.2097
spk_ver/v06/v0657	SES147	0.875332	-40.8862	-41.7615
spk_ver/v06/v0658	SES120	-2.98775	-43.6571	-40.6694
spk_ver/v06/v0659	SES120	-2.19363	-41.2081	-39.0144
spk_ver/v06/v0660	SES120	-0.862411	-41.0944	-40.232
spk_ver/v06/v0661	SES120	-3.27514	-45.0629	-41.7878
spk_ver/v06/v0662	SES120	-2.32043	-42.4549	-40.1345
spk_ver/v06/v0663	SES120	-3.09616	-44.7637	-41.6675
spk_ver/v06/v0664	SES147	1.4842	-39.8198	-41.304
spk_ver/v06/v0665	SES162	1.23808	-40.0571	-41.2952
spk_ver/v06/v0666	SES120	-1.34205	-41.728	-40.386
spk_ver/v06/v0667	SES120	-3.08308	-43.8581	-40.7751
spk_ver/v06/v0668	SES120	1.2902	-38.8029	-40.0931
spk_ver/v06/v0669	SES142	2.49474	-39.0492	-41.5439
spk_ver/v06/v0670	SES106	1.62841	-38.4363	-40.0647
spk_ver/v06/v0671	SES183	1.7329	-39.3603	-41.0932
spk_ver/v06/v0672	SES120	-2.40702	-43.3597	-40.9527
spk_ver/v06/v0673	SES029	-0.0540771	-40.8245	-40.7704
spk_ver/v06/v0674	SES120	-1.43504	-42.3447	-40.9097
spk_ver/v06/v0675	SES008	1.65955	-38.9495	-40.6091
spk_ver/v06/v0676	SES125	-7.97464	-50.5124	-42.5377
spk_ver/v06/v0677	SES143	0.845612	-40.3838	-41.2294
spk_ver/v06/v0678	SES125	-7.34428	-49.7289	-42.3846
spk_ver/v06/v0679	SES162	0.36351	-40.3081	-40.6717
spk_ver/v06/v0680	SES125	-5.08728	-45.0699	-39.9826
spk_ver/v06/v0681	SES125	-1.11228	-41.1846	-40.0724
spk_ver/v06/v0682	SES125	-5.99972	-45.4511	-39.4514
spk_ver/v06/v0683	SES226	1.03743	-39.2835	-40.3209
spk_ver/v06/v0684	SES125	-7.49923	-49.0585	-41.5593
spk_ver/v06/v0685	SES125	-8.61848	-48.7329	-40.1144
spk_ver/v06/v0686	SES120	1.12581	-38.8537	-39.9795
spk_ver/v06/v0687	SES125	-2.49895	-44.0853	-41.5863
spk_ver/v06/v0688	SES158	1.31942	-38.7562	-40.0756
spk_ver/v06/v0689	SES125	-3.47056	-44.5504	-41.0799
spk_ver/v06/v0690	SES105	1.57843	-39.8814	-41.4598
spk_ver/v06/v0691	SES125	-0.966885	-41.5226	-40.5557
spk_ver/v06/v0692	SES125	-1.55061	-41.6633	-40.1127
spk_ver/v06/v0693	SES180	1.56735	-39.2503	-40.8177
spk_ver/v06/v0694	SES125	-12.61	-53.5659	-40.956
spk_ver/v06/v0695	SES125	-1.85849	-42.0241	-40.1657
spk_ver/v06/v0696	SES125	-9.23839	-49.7345	-40.4961
spk_ver/v06/v0697	SES125	-10.569	-52.2535	-41.6845
spk_ver/v06/v0698	SES083	0.859711	-38.7632	-39.6229
spk_ver/v06/v0699	SES125	-8.84338	-49.4137	-40.5704
spk_ver/v07/v0700	SES014	1.40634	-38.349	-39.7553
spk_ver/v07/v0701	SES125	-5.63352	-45.8546	-40.2211
spk_ver/v07/v0702	SES127	-0.748699	-41.0309	-40.2822
spk_ver/v07/v0703	SES127	-1.12354	-42.8692	-41.7457
spk_ver/v07/v0704	SES206	1.32698	-38.5929	-39.9199
spk_ver/v07/v0705	SES127	-1.80288	-42.9451	-41.1422
spk_ver/v07/v0706	SES127	-2.28283	-43.0373	-40.7545
spk_ver/v07/v0707	SES127	-4.63438	-44.293	-39.6586
spk_ver/v07/v0708	SES275	0.732307	-40.0934	-40.8257
spk_ver/v07/v0709	SES127	-2.35996	-43.3599	-41
spk_ver/v07/v0710	SES105	0.851845	-40.4042	-41.256
spk_ver/v07/v0711	SES127	-2.72171	-43.5418	-40.8201
spk_ver/v07/v0712	SES127	-1.33646	-41.6021	-40.2656
spk_ver/v07/v0713	SES127	-3.58406	-43.7694	-40.1853
spk_ver/v07/v0714	SES019	2.88653	-38.4167	-41.3032
spk_ver/v07/v0715	SES127	-2.81464	-44.9374	-42.1228
spk_ver/v07/v0716	SES148	0.768852	-39.6882	-40.457
spk_ver/v07/v0717	SES162	1.06012	-39.2659	-40.3261
spk_ver/v07/v0718	SES189	1.25198	-41.2101	-42.462
spk_ver/v07/v0719	SES149	0.526867	-39.1744	-39.7012
spk_ver/v07/v0720	SES175	0.604275	-40.19	-40.7942
spk_ver/v07/v0721	SES127	-3.90766	-44.1513	-40.2436
spk_ver/v07/v0722	SES127	-1.76719	-42.7351	-40.9679
spk_ver/v07/v0723	SES127	-1.99363	-42.5088	-40.5152
spk_ver/v07/v0724	SES127	-2.12928	-43.238	-41.1087
spk_ver/v07/v0725	SES127	-2.17522	-43.1444	-40.9692
spk_ver/v07/v0726	SES259	1.29539	-38.7657	-40.0611
spk_ver/v07/v0727	SES127	-2.50665	-44.0744	-41.5678
spk_ver/v07/v0728	SES127	-0.828594	-40.5769	-39.7483
spk_ver/v07/v0729	SES127	-4.88272	-45.3504	-40.4677
spk_ver/v07/v0730	SES127	-0.885597	-43.1903	-42.3047
spk_ver/v07/v0731	SES129	-1.33277	-41.114	-39.7813
spk_ver/v07/v0732	SES129	-3.938	-44.576	-40.638
spk_ver/v07/v0733	SES129	-4.88513	-47.207	-42.3219
spk_ver/v07/v0734	SES129	-6.74849	-48.9996	-42.2511
spk_ver/v07/v0735	SES183	0.784664	-39.9329	-40.7176
spk_ver/v07/v0736	SES129	-3.57341	-44.7632	-41.1898
spk_ver/v07/v0737	SES129	-2.55899	-43.422	-40.863
spk_ver/v07/v0738	SES129	-4.73872	-45.3956	-40.6569
spk_ver/v07/v0739	SES129	-4.3594	-45.8654	-41.506
spk_ver/v07/v0740	SES167	-0.769199	-41.3511	-40.5819
spk_ver/v07/v0741	SES129	-3.4132	-45.1663	-41.7531
spk_ver/v07/v0742	SES129	-2.89936	-41.8967	-38.9973
spk_ver/v07/v0743	SES129	-2.37609	-42.9537	-40.5776
spk_ver/v07/v0744	SES129	-5.80713	-48.4439	-42.6367
spk_ver/v07/v0745	SES180	1.4697	-39.1316	-40.6013
spk_ver/v07/v0746	SES129	-1.32393	-41.4757	-40.1517
spk_ver/v07/v0747	SES292	0.321583	-39.8282	-40.1498
spk_ver/v07/v0748	SES202	1.30292	-39.2749	-40.5778
spk_ver/v07/v0749	SES270	0.97261	-39.0113	-39.9839
spk_ver/v07/v0750	SES129	-4.13623	-44.2818	-40.1456
spk_ver/v07/v0751	SES129	-3.95835	-43.3087	-39.3504
spk_ver/v07/v0752	SES060	-0.0910759	-40.2528	-40.1618
spk_ver/v07/v0753	SES129	-3.43747	-45.089	-41.6515
spk_ver/v07/v0754	SES129	-7.30622	-50.6857	-43.3795
spk_ver/v07/v0755	SES129	-4.4672	-46.0521	-41.5849
spk_ver/v07/v0756	SES175	1.06459	-40.3471	-41.4117
spk_ver/v07/v0757	SES129	-3.83589	-45.0623	-41.2264
spk_ver/v07/v0758	SES129	-4.67366	-45.3439	-40.6702
spk_ver/v07/v0759	SES129	-4.02415	-43.2364	-39.2123
spk_ver/v07/v0760	SES129	-4.22602	-44.7214	-40.4954
spk_ver/v07/v0761	SES129	-3.02362	-42.1593	-39.1357
spk_ver/v07/v0762	SES172	0.978455	-39.7468	-40.7253
spk_ver/v07/v0763	SES129	-4.46688	-46.553	-42.0861
spk_ver/v07/v0764	SES129	-4.86815	-44.9656	-40.0975
spk_ver/v07/v0765	SES175	1.28242	-40.2915	-41.5739
spk_ver/v07/v0766	SES129	-4.19157	-43.437	-39.2455
spk_ver/v07/v0767	SES129	-2.83999	-43.58	-40.74
spk_ver/v07/v0768	SES042	1.81691	-37.6168	-39.4337
spk_ver/v07/v0769	SES099	0.991108	-40.4274	-41.4185
spk_ver/v07/v0770	SES142	-4.28162	-45.8444	-41.5628
spk_ver/v07/v0771	SES142	-4.35506	-44.6125	-40.2574
spk_ver/v07/v0772	SES101	0.293411	-39.649	-39.9424
spk_ver/v07/v0773	SES142	-8.2014	-49.2885	-41.0871
spk_ver/v07/v0774	SES142	-4.46135	-46.5354	-42.0741
spk_ver/v07/v0775	SES142	-2.36172	-43.1432	-40.7815
spk_ver/v07/v0776	SES142	-2.40538	-41.9965	-39.5911
spk_ver/v07/v0777	SES142	-3.00779	-44.2915	-41.2838
spk_ver/v07/v0778	SES142	-1.18226	-42.7494	-41.5671
spk_ver/v07/v0779	SES142	-9.11753	-49.5925	-40.475
spk_ver/v07/v0780	SES142	-4.36778	-45.4222	-41.0544
spk_ver/v07/v0781	SES142	-7.30724	-47.7721	-40.4648
spk_ver/v07/v0782	SES101	0.562782	-40.2147	-40.7775
spk_ver/v07/v0783	SES142	-4.53828	-44.4405	-39.9022
spk_ver/v07/v0784	SES187	1.69168	-39.4639	-41.1556
spk_ver/v07/v0785	SES143	0.876526	-41.0364	-41.913
spk_ver/v07/v0786	SES142	-2.72838	-43.8519	-41.1235
spk_ver/v07/v0787	SES144	0.532719	-40.1	-40.6327
spk_ver/v07/v0788	SES275	0.286217	-40.374	-40.6602
spk_ver/v07/v0789	SES142	-2.52774	-43.3224	-40.7947
spk_ver/v07/v0790	SES099	0.825722	-38.6867	-39.5124
spk_ver/v07/v0791	SES142	-7.73126	-48.5669	-40.8356
spk_ver/v07/v0792	SES142	-4.13334	-43.1505	-39.0172
spk_ver/v07/v0793	SES142	-7.04214	-47.6609	-40.6188
spk_ver/v07/v0794	SES014	1.00993	-38.27	-39.2799
spk_ver/v07/v0795	SES142	-6.02398	-45.76	-39.736
spk_ver/v07/v0796	SES142	-3.31574	-43.9193	-40.6036
spk_ver/v07/v0797	SES143	-0.840916	-40.8266	-39.9857
spk_ver/v07/v0798	SES206	0.872749	-38.3451	-39.2178
spk_ver/v07/v0799	SES143	-5.15874	-45.7834	-40.6247
spk_ver/v08/v0800	SES143	-1.57698	-42.9671	-41.3901
spk_ver/v08/v0801	SES143	-0.797287	-40.6485	-39.8512
spk_ver/v08/v0802	SES143	-2.69106	-42.686	-39.9949
spk_ver/v08/v0803	SES143	-3.63466	-43.941	-40.3063
spk_ver/v08/v0804	SES143	-3.98186	-44.5962	-40.6144
spk_ver/v08/v0805	SES143	-4.14685	-44.9925	-40.8457
spk_ver/v08/v0806	SES143	-3.40399	-45.0402	-41.6362
spk_ver/v08/v0807	SES177	0.463371	-40.038	-40.5014
spk_ver/v08/v0808	SES149	1.21561	-38.9725	-40.1881
spk_ver/v08/v0809	SES143	-6.17859	-45.8777	-39.6992
spk_ver/v08/v0810	SES158	1.24588	-39.8525	-41.0984
spk_ver/v08/v0811	SES143	-3.58348	-46.9875	-43.404
spk_ver/v08/v0812	SES062	1.47549	-38.3536	-39.8291
spk_ver/v08/v0813	SES259	1.10487	-38.893	-39.9979
spk_ver/v08/v0814	SES143	-5.78783	-45.1069	-39.319
spk_ver/v08/v0815	SES143	-4.30154	-44.5745	-40.273
spk_ver/v08/v0816	SES143	-1.46372	-41.8238	-40.3601
spk_ver/v08/v0817	SES144	0.572781	-40.5917	-41.1645
spk_ver/v08/v0818	SES143	-1.63562	-42.6105	-40.9748
spk_ver/v08/v0819	SES143	-2.41148	-43.0461	-40.6346
spk_ver/v08/v0820	SES143	-1.18035	-40.3088	-39.1284
spk_ver/v08/v0821	SES143	-2.0106	-44.0428	-42.0322
spk_ver/v08/v0822	SES143	-3.84155	-43.8438	-40.0022
spk_ver/v08/v0823	SES104	1.05695	-38.6535	-39.7104
spk_ver/v08/v0824	SES143	-2.79638	-43.7726	-40.9763
spk_ver/v08/v0825	SES143	-3.94172	-43.8041	-39.8624
spk_ver/v08/v0826	SES144	-3.96503	-43.6565	-39.6915
spk_ver/v08/v0827	SES144	-1.20943	-42.0557	-40.8463
spk_ver/v08/v0828	SES144	-0.173565	-40.3262	-40.1526
spk_ver/v08/v0829	SES172	0.813354	-40.1514	-40.9648
spk_ver/v08/v0830	SES144	-0.025547	-40.9403	-40.9147
spk_ver/v08/v0831	SES183	1.11983	-40.674	-41.7939
spk_ver/v08/v0832	SES144	-3.19721	-44.5484	-41.3512
spk_ver/v08/v0833	SES144	-3.70555	-43.512	-39.8064
spk_ver/v08/v0834	SES144	-0.806747	-41.5738	-40.767
spk_ver/v08/v0835	SES144	-2.08569	-43.577	-41.4914
spk_ver/v08/v0836	SES144	-1.91916	-42.2968	-40.3776
spk_ver/v08/v0837	SES144	-2.34282	-41.3381	-38.9953
spk_ver/v08/v0838	SES144	-2.48595	-44.0277	-41.5417
spk_ver/v08/v0839	SES085	0.791695	-39.5511	-40.3428
spk_ver/v08/v0840	SES144	-0.653229	-41.4386	-40.7853
spk_ver/v08/v0841	SES144	-4.12019	-45.5459	-41.4257
spk_ver/v08/v0842	SES144	-3.74541	-43.5357	-39.7903
spk_ver/v08/v0843	SES144	-0.259563	-40.4726	-40.213
spk_ver/v08/v0844	SES144	-2.03268	-42.5069	-40.4743
spk_ver/v08/v0845	SES144	-3.4892	-43.3172	-39.828
spk_ver/v08/v0846	SES104	1.00722	-39.1877	-40.195
spk_ver/v08/v0847	SES144	-1.92744	-43.117	-41.1896
spk_ver/v08/v0848	SES144	-1.49672	-44.7896	-43.2929
spk_ver/v08/v0849	SES144	-4.1102	-43.8293	-39.7191
spk_ver/v08/v0850	SES144	-3.48569	-43.0256	-39.5399
spk_ver/v08/v0851	SES144	-1.59919	-41.2512	-39.652
spk_ver/v08/v0852	SES144	-0.680561	-40.8573	-40.1767
spk_ver/v08/v0853	SES144	-4.06494	-44.2058	-40.1409
spk_ver/v08/v0854	SES144	-1.04929	-42.0557	-41.0064
spk_ver/v08/v0855	SES144	0.111107	-39.6108	-39.7219
spk_ver/v08/v0856	SES082	-0.411793	-42.2802	-41.8684
spk_ver/v08/v0857	SES142	2.26243	-38.6289	-40.8914
spk_ver/v08/v0858	SES144	-0.298256	-42.6351	-42.3369
spk_ver/v08/v0859	SES144	-0.428284	-41.6165	-41.1882
spk_ver/v08/v0860	SES146	-2.93093	-43.7501	-40.8192
spk_ver/v08/v0861	SES146	-2.67402	-42.9939	-40.3199
spk_ver/v08/v0862	SES146	-3.32733	-43.0854	-39.7581
spk_ver/v08/v0863	SES146	-2.55647	-44.2195	-41.663
spk_ver/v08/v0864	SES146	-3.17559	-42.6026	-39.427
spk_ver/v08/v0865	SES008	1.6963	-38.111	-39.8073
spk_ver/v08/v0866	SES142	1.19662	-40.0305	-41.2271
spk_ver/v08/v0867	SES146	-2.32676	-42.4066	-40.0799
spk_ver/v08/v0868	SES082	1.52065	-38.0098	-39.5304
spk_ver/v08/v0869	SES146	-1.90178	-41.1276	-39.2258
spk_ver/v08/v0870	SES146	-3.09721	-43.2724	-40.1752
spk_ver/v08/v0871	SES146	-3.20543	-43.5478	-40.3424
spk_ver/v08/v0872	SES146	-3.70843	-45.0664	-41.358
spk_ver/v08/v0873	SES082	0.849953	-38.5148	-39.3647
spk_ver/v08/v0874	SES146	-2.65605	-44.7466	-42.0906
spk_ver/v08/v0875	SES144	0.215485	-40.8052	-41.0207
spk_ver/v08/v0876	SES146	-1.80173	-40.4131	-38.6114
spk_ver/v08/v0877	SES146	-2.28034	-42.5704	-40.2901
spk_ver/v08/v0878	SES146	-1.95895	-42.78	-40.821
spk_ver/v08/v0879	SES146	-3.20406	-44.1253	-40.9212
spk_ver/v08/v0880	SES146	-3.42328	-44.7709	-41.3476
spk_ver/v08/v0881	SES143	1.07652	-39.8763	-40.9528
spk_ver/v08/v0882	SES146	-0.780441	-41.3196	-40.5392
spk_ver/v08/v0883	SES147	-2.18874	-42.3217	-40.1329
spk_ver/v08/v0884	SES147	-0.843746	-41.29	-40.4463
spk_ver/v08/v0885	SES016	0.974178	-39.8479	-40.8221
spk_ver/v08/v0886	SES147	-1.24384	-42.955	-41.7112
spk_ver/v08/v0887	SES147	-1.47912	-42.8034	-41.3243
spk_ver/v08/v0888	SES147	-1.80922	-43.5446	-41.7354
spk_ver/v08/v0889	SES019	1.15545	-39.1956	-40.3511
spk_ver/v08/v0890	SES147	-2.15566	-43.8204	-41.6647
spk_ver/v08/v0891	SES147	-3.03864	-43.211	-40.1723
spk_ver/v08/v0892	SES147	-2.62223	-43.7675	-41.1453
spk_ver/v08/v0893	SES270	1.21538	-40.4026	-41.618
spk_ver/v08/v0894	SES029	0.629314	-40.1709	-40.8002
spk_ver/v08/v0895	SES147	-1.61011	-44.1814	-42.5712
spk_ver/v08/v0896	SES117	0.624214	-40.8097	-41.4339
spk_ver/v08/v0897	SES183	1.27158	-40.6477	-41.9192
spk_ver/v08/v0898	SES147	-3.98338	-44.0126	-40.0292
spk_ver/v08/v0899	SES147	-3.85733	-45.8057	-41.9484
spk_ver/v09/v0900	SES087	0.767441	-39.298	-40.0654
spk_ver/v09/v0901	SES147	-6.14191	-46.8782	-40.7363
spk_ver/v09/v0902	SES147	-4.0694	-44.4138	-40.3444
spk_ver/v09/v0903	SES147	-1.46405	-42.4703	-41.0063
spk_ver/v09/v0904	SES147	-2.9174	-42.8863	-39.9689
spk_ver/v09/v0905	SES143	0.74337	-40.2665	-41.0099
spk_ver/v09/v0906	SES149	0.62775	-39.3725	-40.0003
spk_ver/v09/v0907	SES148	-1.3324	-41.8823	-40.5499
spk_ver/v09/v0908	SES148	-0.780182	-41.3972	-40.617
spk_ver/v09/v0909	SES106	1.63744	-39.4706	-41.108
spk_ver/v09/v0910	SES148	-0.433788	-42.6009	-42.1671
spk_ver/v09/v0911	SES148	-2.57071	-42.8538	-40.2831
spk_ver/v09/v0912	SES142	1.36267	-40.0294	-41.3921
spk_ver/v09/v0913	SES148	-3.19088	-43.4618	-40.271
spk_ver/v09/v0914	SES148	-2.75906	-42.7508	-39.9917
spk_ver/v09/v0915	SES148	-2.31993	-44.4403	-42.1204
spk_ver/v09/v0916	SES148	-2.91422	-44.8972	-41.983
spk_ver/v09/v0917	SES148	0.80061	-39.974	-40.7746
spk_ver/v09/v0918	SES148	-0.443237	-40.4089	-39.9657
spk_ver/v09/v0919	SES270	0.95274	-39.8531	-40.8058
spk_ver/v09/v0920	SES148	-1.32061	-41.4396	-40.119
spk_ver/v09/v0921	SES148	-2.8365	-42.7903	-39.9538
spk_ver/v09/v0922	SES129	0.703342	-38.9562	-39.6595
spk_ver/v09/v0923	SES117	0.941746	-39.8025	-40.7442
spk_ver/v09/v0924	SES042	2.25172	-37.4998	-39.7515
spk_ver/v09/v0925	SES148	-2.91091	-44.5849	-41.674
spk_ver/v09/v0926	SES148	-3.4094	-45.04	-41.6306
spk_ver/v09/v0927	SES144	0.68475	-40.0424	-40.7272
spk_ver/v09/v0928	SES007	0.673897	-40.3991	-41.073
spk_ver/v09/v0929	SES148	-2.13704	-41.9352	-39.7981
spk_ver/v09/v0930	SES148	-1.24751	-41.1054	-39.8579
spk_ver/v09/v0931	SES148	-1.55579	-43.7132	-42.1574
spk_ver/v09/v0932	SES202	2.03297	-38.3103	-40.3433
spk_ver/v09/v0933	SES148	-0.198772	-40.0398	-39.841
spk_ver/v09/v0934	SES148	-2.72947	-42.2336	-39.5041
spk_ver/v09/v0935	SES060	1.22617	-38.7306	-39.9568
spk_ver/v09/v0936	SES060	1.66217	-39.064	-40.7262
spk_ver/v09/v0937	SES148	-1.30497	-41.6291	-40.3241
spk_ver/v09/v0938	SES148	-1.84961	-42.5789	-40.7293
spk_ver/v09/v0939	SES148	-1.87627	-41.6968	-39.8206
spk_ver/v09/v0940	SES148	-2.18451	-41.6385	-39.454
spk_ver/v09/v0941	SES149	-2.11403	-42.5213	-40.4073
spk_ver/v09/v0942	SES149	-6.41112	-46.3319	-39.9208
spk_ver/v09/v0943	SES149	-7.12864	-48.3288	-41.2002
spk_ver/v09/v0944	SES149	-1.19567	-41.5341	-40.3384
spk_ver/v09/v0945	SES105	0.633961	-40.0094	-40.6434
spk_ver/v09/v0946	SES149	-3.41076	-43.265	-39.8542
spk_ver/v09/v0947	SES149	-5.80177	-47.757	-41.9552
spk_ver/v09/v0948	SES149	-7.18758	-47.4856	-40.298
spk_ver/v09/v0949	SES149	-4.28173	-43.4358	-39.154
spk_ver/v09/v0950	SES226	0.651958	-38.7692	-39.4211
spk_ver/v09/v0951	SES149	-7.23749	-48.8854	-41.6479
spk_ver/v09/v0952	SES149	-3.05212	-43.5511	-40.499
spk_ver/v09/v0953	SES062	1.05755	-38.9249	-39.9824
spk_ver/v09/v0954	SES149	-7.73948	-49.0691	-41.3297
spk_ver/v09/v0955	SES048	0.375477	-39.5646	-39.94
spk_ver/v09/v0956	SES158	-0.722656	-41.1551	-40.4324
spk_ver/v09/v0957	SES158	-3.94526	-46.3443	-42.399
spk_ver/v09/v0958	SES158	-0.86512	-39.8851	-39.02
spk_ver/v09/v0959	SES158	-1.19978	-41.1238	-39.9241
spk_ver/v09/v0960	SES158	-5.65306	-47.4548	-41.8017
spk_ver/v09/v0961	SES147	0.912472	-40.5593	-41.4718
spk_ver/v09/v0962	SES158	-8.91393	-50.361	-41.4471
spk_ver/v09/v0963	SES292	1.06461	-39.5361	-40.6007
spk_ver/v09/v0964	SES060	1.06385	-38.8787	-39.9426
spk_ver/v09/v0965	SES002	1.11193	-39.5893	-40.7012
spk_ver/v09/v0966	SES149	1.35172	-38.8503	-40.202
spk_ver/v09/v0967	SES158	-6.24916	-47.8887	-41.6395
spk_ver/v09/v0968	SES158	-1.52197	-41.7799	-40.2579
spk_ver/v09/v0969	SES275	-0.298664	-41.8012	-41.5025
spk_ver/v09/v0970	SES158	-5.81505	-46.1947	-40.3796
spk_ver/v09/v0971	SES158	-5.85423	-46.7174	-40.8632
spk_ver/v09/v0972	SES002	1.05297	-38.4618	-39.5147
spk_ver/v09/v0973	SES158	-7.82246	-48.3779	-40.5555
spk_ver/v09/v0974	SES202	1.88629	-38.9001	-40.7864
spk_ver/v09/v0975	SES158	-8.68448	-50.433	-41.7486
spk_ver/v09/v0976	SES158	0.514687	-39.5319	-40.0466
spk_ver/v09/v0977	SES162	-1.27558	-41.9735	-40.698
spk_ver/v09/v0978	SES162	-6.66451	-47.553	-40.8885
spk_ver/v09/v0979	SES162	-5.75454	-46.0083	-40.2538
spk_ver/v09/v0980	SES162	-1.60579	-43.2554	-41.6496
spk_ver/v09/v0981	SES162	-2.04511	-43.7019	-41.6568
spk_ver/v09/v0982	SES259	1.60793	-38.6503	-40.2582
spk_ver/v09/v0983	SES162	-4.02179	-46.7655	-42.7437
spk_ver/v09/v0984	SES162	-1.29933	-41.1436	-39.8443
spk_ver/v09/v0985	SES162	-0.927311	-41.1433	-40.216
spk_ver/v09/v0986	SES062	1.32762	-38.4708	-39.7984
spk_ver/v09/v0987	SES162	-0.613194	-42.1906	-41.5774
spk_ver/v09/v0988	SES162	-4.00492	-43.7397	-39.7348
spk_ver/v09/v0989	SES162	-4.22427	-45.4735	-41.2492
spk_ver/v09/v0990	SES162	-3.88972	-43.814	-39.9243
spk_ver/v09/v0991	SES087	0.965134	-39.128	-40.0931
spk_ver/v09/v0992	SES120	-0.281036	-40.9316	-40.6506
spk_ver/v09/v0993	SES162	-4.28111	-44.3785	-40.0974
spk_ver/v09/v0994	SES162	-1.86694	-41.8567	-39.9898
spk_ver/v09/v0995	SES162	-4.22024	-43.5102	-39.2899
spk_ver/v09/v0996	SES162	-1.86524	-41.0266	-39.1613
spk_ver/v09/v0997	SES162	-5.72822	-45.8648	-40.1366
spk_ver/v09/v0998	SES162	-2.94233	-44.8859	-41.9436
spk_ver/v09/v0999	SES162	-0.906731	-40.328	-39.4213
spk_ver/v10/v1000	SES162	-3.4265	-43.0603	-39.6338
spk_ver/v10/v1001	SES148	0.859074	-40.5536	-41.4127
spk_ver/v10/v1002	SES162	-0.417747	-41.6321	-41.2143
spk_ver/v10/v1003	SES162	-1.92317	-42.89	-40.9669
spk_ver/v10/v1004	SES162	-2.44785	-44.5327	-42.0848
spk_ver/v10/v1005	SES162	-3.78488	-44.8331	-41.0482
spk_ver/v10/v1006	SES162	-3.38416	-44.028	-40.6438
spk_ver/v10/v1007	SES162	-1.43481	-43.077	-41.6422
spk_ver/v10/v1008	SES162	-4.26662	-46.1643	-41.8977
spk_ver/v10/v1009	SES162	-3.91425	-44.0195	-40.1053
spk_ver/v10/v1010	SES167	-3.27472	-44.103	-40.8283
spk_ver/v10/v1011	SES167	-0.416988	-41.7854	-41.3684
spk_ver/v10/v1012	SES167	-1.34241	-43.1442	-41.8018
spk_ver/v10/v1013	SES167	-5.98742	-46.4916	-40.5042
spk_ver/v10/v1014	SES167	-1.26169	-40.7934	-39.5317
spk_ver/v10/v1015	SES167	-0.843853	-41.3025	-40.4587
spk_ver/v10/v1016	SES167	-0.696808	-41.5344	-40.8376
spk_ver/v10/v1017	SES167	-1.25888	-42.2108	-40.9519
spk_ver/v10/v1018	SES167	-3.04679	-43.3507	-40.3039
spk_ver/v10/v1019	SES167	-1.76693	-41.9846	-40.2176
spk_ver/v10/v1020	SES167	-5.29934	-45.9774	-40.678
spk_ver/v10/v1021	SES167	-1.25231	-43.2458	-41.9935
spk_ver/v10/v1022	SES167	-3.6248	-44.6973	-41.0725
spk_ver/v10/v1023	SES167	-4.01301	-45.4866	-41.4736
spk_ver/v10/v1024	SES167	-3.86652	-46.5991	-42.7326
spk_ver/v10/v1025	SES167	-1.24607	-40.8867	-39.6407
spk_ver/v10/v1026	SES167	-1.75112	-42.7054	-40.9542
spk_ver/v10/v1027	SES167	-1.0647	-41.2169	-40.1522
spk_ver/v10/v1028	SES167	-5.67969	-45.3854	-39.7057
spk_ver/v10/v1029	SES167	-3.28801	-44.4042	-41.1162
spk_ver/v10/v1030	SES167	-3.13802	-43.1004	-39.9624
spk_ver/v10/v1031	SES167	-4.85456	-45.033	-40.1784
spk_ver/v10/v1032	SES167	-5.12331	-43.6079	-38.4846
spk_ver/v10/v1033	SES167	-4.51767	-43.8675	-39.3499
spk_ver/v10/v1034	SES002	1.01974	-38.3063	-39.326
spk_ver/v10/v1035	SES167	-1.76252	-41.4817	-39.7192
spk_ver/v10/v1036	SES083	1.18	-39.0511	-40.2311
spk_ver/v10/v1037	SES167	-2.10957	-43.0249	-40.9153
spk_ver/v10/v1038	SES167	-2.63929	-44.9782	-42.3389
spk_ver/v10/v1039	SES167	-1.42504	-42.5236	-41.0986
spk_ver/v10/v1040	SES167	-5.95045	-46.0796	-40.1292
spk_ver/v10/v1041	SES167	-0.853119	-42.4886	-41.6354
spk_ver/v10/v1042	SES087	1.3711	-39.2291	-40.6002
spk_ver/v10/v1043	SES029	0.709908	-40.3079	-41.0179
spk_ver/v10/v1044	SES206	0.615524	-39.1738	-39.7894
spk_ver/v10/v1045	SES172	-2.26723	-43.6379	-41.3707
spk_ver/v10/v1046	SES172	1.05029	-39.0747	-40.125
spk_ver/v10/v1047	SES172	-1.70562	-41.6503	-39.9447
spk_ver/v10/v1048	SES259	1.56099	-38.2955	-39.8565
spk_ver/v10/v1049	SES172	-4.71414	-44.2632	-39.5491
spk_ver/v10/v1050	SES120	0.835205	-40.8392	-41.6744
spk_ver/v10/v1051	SES172	-2.0335	-42.0803	-40.0468
spk_ver/v10/v1052	SES172	-2.62985	-43.7082	-41.0783
spk_ver/v10/v1053	SES172	-3.59003	-44.4843	-40.8942
spk_ver/v10/v1054	SES172	-1.99911	-42.9475	-40.9484
spk_ver/v10/v1055	SES189	2.00293	-41.8067	-43.8096
spk_ver/v10/v1056	SES172	-4.69384	-44.6684	-39.9745
spk_ver/v10/v1057	SES172	-1.04954	-41.3432	-40.2937
spk_ver/v10/v1058	SES172	-1.99465	-42.5257	-40.531
spk_ver/v10/v1059	SES172	-1.60263	-42.1137	-40.5111
spk_ver/v10/v1060	SES029	0.365059	-40.16	-40.5251
spk_ver/v10/v1061	SES175	-7.38123	-47.5981	-40.2169
spk_ver/v10/v1062	SES187	0.165688	-39.5036	-39.6693
spk_ver/v10/v1063	SES019	2.62859	-39.4778	-42.1063
spk_ver/v10/v1064	SES175	-5.23037	-45.4062	-40.1758
spk_ver/v10/v1065	SES175	-6.22678	-47.2262	-40.9994
spk_ver/v10/v1066	SES175	-6.04434	-47.8706	-41.8263
spk_ver/v10/v1067	SES175	-2.65606	-43.4485	-40.7924
spk_ver/v10/v1068	SES175	-4.85587	-44.6256	-39.7697
spk_ver/v10/v1069	SES016	2.18785	-38.4298	-40.6176
spk_ver/v10/v1070	SES175	-2.89523	-44.4972	-41.602
spk_ver/v10/v1071	SES175	-2.03973	-41.082	-39.0422
spk_ver/v10/v1072	SES175	-5.84701	-45.8892	-40.0422
spk_ver/v10/v1073	SES029	0.1003	-40.399	-40.4993
spk_ver/v10/v1074	SES175	-3.86026	-44.2194	-40.3592
spk_ver/v10/v1075	SES175	-1.28645	-41.0204	-39.734
spk_ver/v10/v1076	SES175	-0.448677	-39.8206	-39.3719
spk_ver/v10/v1077	SES175	-4.60948	-43.634	-39.0245
spk_ver/v10/v1078	SES127	1.35003	-38.0145	-39.3645
spk_ver/v10/v1079	SES175	-4.36572	-43.444	-39.0783
spk_ver/v10/v1080	SES175	-1.71573	-43.1766	-41.4609
spk_ver/v10/v1081	SES175	-4.57227	-45.4691	-40.8968
spk_ver/v10/v1082	SES175	-3.03964	-42.7914	-39.7518
spk_ver/v10/v1083	SES007	1.10012	-39.7128	-40.813
spk_ver/v10/v1084	SES068	0.727093	-39.1593	-39.8864
spk_ver/v10/v1085	SES008	0.737381	-38.8136	-39.551
spk_ver/v10/v1086	SES175	-1.05042	-40.3543	-39.3039
spk_ver/v10/v1087	SES175	-3.74437	-43.7787	-40.0343
spk_ver/v10/v1088	SES008	1.9257	-38.1846	-40.1103
spk_ver/v10/v1089	SES177	-3.01151	-42.2863	-39.2748
spk_ver/v10/v1090	SES177	-3.33594	-43.3044	-39.9685
spk_ver/v10/v1091	SES177	-5.27905	-46.2665	-40.9875
spk_ver/v10/v1092	SES177	-0.574707	-41.2746	-40.6999
spk_ver/v10/v1093	SES177	-5.71584	-46.0798	-40.364
spk_ver/v10/v1094	SES002	1.25111	-38.9938	-40.2449
spk_ver/v10/v1095	SES104	0.953484	-39.2821	-40.2356
spk_ver/v10/v1096	SES177	-1.18796	-41.5042	-40.3163
spk_ver/v10/v1097	SES177	-2.20296	-44.1033	-41.9003
spk_ver/v10/v1098	SES177	-2.32076	-41.9594	-39.6386
spk_ver/v10/v1099	SES177	0.0589218	-40.472	-40.5309
spk_ver/v11/v1100	SES177	-3.79768	-44.2074	-40.4097
spk_ver/v11/v1101	SES085	0.481133	-39.4753	-39.9564
spk_ver/v11/v1102	SES187	0.872425	-39.8058	-40.6783
spk_ver/v11/v1103	SES177	-1.44416	-41.92	-40.4758
spk_ver/v11/v1104	SES177	1.01622	-39.1036	-40.1198
spk_ver/v11/v1105	SES177	-0.221951	-39.9165	-39.6946
spk_ver/v11/v1106	SES177	-2.55215	-42.5088	-39.9566
spk_ver/v11/v1107	SES177	-0.477428	-40.6427	-40.1652
spk_ver/v11/v1108	SES177	-0.75951	-41.4861	-40.7266
spk_ver/v11/v1109	SES125	1.31469	-38.4799	-39.7946
spk_ver/v11/v1110	SES177	-3.07557	-43.4159	-40.3403
spk_ver/v11/v1111	SES177	-1.76762	-42.375	-40.6073
spk_ver/v11/v1112	SES177	-3.25884	-42.941	-39.6821
spk_ver/v11/v1113	SES177	-5.61483	-45.181	-39.5661
spk_ver/v11/v1114	SES177	-0.909233	-42.8068	-41.8976
spk_ver/v11/v1115	SES177	-1.6957	-43.0139	-41.3182
spk_ver/v11/v1116	SES085	1.01885	-38.49	-39.5088
spk_ver/v11/v1117	SES147	0.675503	-40.4128	-41.0883
spk_ver/v11/v1118	SES177	-0.421761	-41.5202	-41.0984
spk_ver/v11/v1119	SES177	-3.77028	-44.094	-40.3237
spk_ver/v11/v1120	SES180	-5.15135	-45.2667	-40.1154
spk_ver/v11/v1121	SES189	1.03316	-41.15	-42.1831
spk_ver/v11/v1122	SES117	1.12992	-42.1991	-43.329
spk_ver/v11/v1123	SES129	1.67093	-38.5363	-40.2072
spk_ver/v11/v1124	SES180	-2.38385	-43.6308	-41.2469
spk_ver/v11/v1125	SES180	-0.764126	-40.8461	-40.0819
spk_ver/v11/v1126	SES180	-0.625721	-41.051	-40.4253
spk_ver/v11/v1127	SES180	-1.50228	-42.6283	-41.126
spk_ver/v11/v1128	SES016	0.974571	-40.7218	-41.6964
spk_ver/v11/v1129	SES158	0.525017	-39.4582	-39.9832
spk_ver/v11/v1130	SES180	-2.98924	-43.4989	-40.5096
spk_ver/v11/v1131	SES180	-3.29398	-42.3349	-39.0409
spk_ver/v11/v1132	SES180	-1.85944	-43.6087	-41.7492
spk_ver/v11/v1133	SES180	-3.44987	-42.7412	-39.2913
spk_ver/v11/v1134	SES180	-2.30251	-43.6475	-41.345
spk_ver/v11/v1135	SES180	-1.28577	-40.988	-39.7022
spk_ver/v11/v1136	SES180	-5.84547	-47.3784	-41.533
spk_ver/v11/v1137	SES148	0.764759	-39.4976	-40.2623
spk_ver/v11/v1138	SES104	1.1395	-38.011	-39.1505
spk_ver/v11/v1139	SES180	-5.21325	-45.2794	-40.0662
spk_ver/v11/v1140	SES083	0.804726	-39.5049	-40.3097
spk_ver/v11/v1141	SES180	-4.21255	-44.5555	-40.343
spk_ver/v11/v1142	SES180	-2.60465	-43.9073	-41.3026
spk_ver/v11/v1143	SES180	-2.83599	-44.4679	-41.6319
spk_ver/v11/v1144	SES099	0.739342	-40.1685	-40.9078
spk_ver/v11/v1145	SES180	-1.76395	-42.6505	-40.8865
spk_ver/v11/v1146	SES183	-2.36098	-43.213	-40.852
spk_ver/v11/v1147	SES183	-1.09328	-41.682	-40.5887
spk_ver/v11/v1148	SES183	-4.67748	-45.7965	-41.1191
spk_ver/v11/v1149	SES183	-5.36823	-45.4051	-40.0368
spk_ver/v11/v1150	SES183	-3.27699	-44.0373	-40.7604
spk_ver/v11/v1151	SES082	0.98925	-39.138	-40.1273
spk_ver/v11/v1152	SES183	-2.68364	-44.7148	-42.0312
spk_ver/v11/v1153	SES183	-2.3214	-42.7289	-40.4075
spk_ver/v11/v1154	SES002	1.06176	-38.4458	-39.5076
spk_ver/v11/v1155	SES183	-2.48455	-43.9431	-41.4585
spk_ver/v11/v1156	SES183	-4.2437	-45.4785	-41.2348
spk_ver/v11/v1157	SES183	-2.93501	-41.5675	-38.6325
spk_ver/v11/v1158	SES183	-0.912209	-41.0784	-40.1662
spk_ver/v11/v1159	SES183	-1.89072	-42.5014	-40.6106
spk_ver/v11/v1160	SES183	-3.72338	-43.8291	-40.1058
spk_ver/v11/v1161	SES183	-3.83496	-44.6576	-40.8227
spk_ver/v11/v1162	SES105	1.48199	-39.4201	-40.9021
spk_ver/v11/v1163	SES183	-5.23705	-44.7907	-39.5536
spk_ver/v11/v1164	SES259	1.34703	-38.7999	-40.1469
spk_ver/v11/v1165	SES183	-2.2937	-44.033	-41.7393
spk_ver/v11/v1166	SES183	-4.35184	-44.0852	-39.7334
spk_ver/v11/v1167	SES183	-2.68358	-43.9401	-41.2565
spk_ver/v11/v1168	SES183	-2.12819	-42.5148	-40.3866
spk_ver/v11/v1169	SES183	-5.10518	-45.0872	-39.982
spk_ver/v11/v1170	SES183	-4.0394	-44.7097	-40.6703
spk_ver/v11/v1171	SES183	-5.94977	-47.1881	-41.2384
spk_ver/v11/v1172	SES187	-3.50733	-44.4668	-40.9595
spk_ver/v11/v1173	SES019	2.12463	-39.7244	-41.849
spk_ver/v11/v1174	SES187	-5.21786	-46.6966	-41.4787
spk_ver/v11/v1175	SES187	-1.44185	-43.2119	-41.77
spk_ver/v11/v1176	SES083	0.270889	-39.0617	-39.3326
spk_ver/v11/v1177	SES187	-5.98876	-47.5241	-41.5353
spk_ver/v11/v1178	SES187	-4.64788	-44.7775	-40.1297
spk_ver/v11/v1179	SES187	-2.188	-43.0078	-40.8198
spk_ver/v11/v1180	SES187	-0.5993	-41.7385	-41.1392
spk_ver/v11/v1181	SES187	-5.79344	-45.7337	-39.9402
spk_ver/v11/v1182	SES187	-0.726261	-40.4003	-39.6741
spk_ver/v11/v1183	SES187	-4.49788	-44.511	-40.0132
spk_ver/v11/v1184	SES187	-0.138027	-40.8412	-40.7031
spk_ver/v11/v1185	SES127	0.768738	-39.3695	-40.1382
spk_ver/v11/v1186	SES187	-0.822502	-40.8628	-40.0403
spk_ver/v11/v1187	SES187	-1.50731	-40.9837	-39.4764
spk_ver/v11/v1188	SES187	-1.15717	-43.3412	-42.184
spk_ver/v11/v1189	SES042	1.43974	-38.4585	-39.8982
spk_ver/v11/v1190	SES187	-0.708862	-40.6871	-39.9783
spk_ver/v11/v1191	SES187	-4.64461	-46.5849	-41.9403
spk_ver/v11/v1192	SES187	-3.58912	-44.5081	-40.919
spk_ver/v11/v1193	SES183	0.569092	-40.7554	-41.3245
spk_ver/v11/v1194	SES187	-1.98827	-43.7327	-41.7444
spk_ver/v11/v1195	SES187	-5.40004	-45.6914	-40.2914
spk_ver/v11/v1196	SES146	1.27609	-40.3871	-41.6632
spk_ver/v11/v1197	SES189	-4.74142	-44.7283	-39.9869
spk_ver/v11/v1198	SES175	1.73178	-39.6792	-41.411
spk_ver/v11/v1199	SES189	-4.23419	-45.305	-41.0708
spk_ver/v12/v1200	SES189	-1.93237	-41.3617	-39.4293
spk_ver/v12/v1201	SES177	0.963882	-39.2036	-40.1675
spk_ver/v12/v1202	SES189	-1.15674	-42.5953	-41.4386
spk_ver/v12/v1203	SES143	0.422073	-40.5336	-40.9557
spk_ver/v12/v1204	SES189	-2.03403	-42.6326	-40.5986
spk_ver/v12/v1205	SES189	-1.86574	-41.901	-40.0352
spk_ver/v12/v1206	SES189	-5.39639	-46.4915	-41.0951
spk_ver/v12/v1207	SES189	-3.71061	-44.055	-40.3444
spk_ver/v12/v1208	SES189	-3.02813	-42.5894	-39.5613
spk_ver/v12/v1209	SES189	-4.98443	-46.3172	-41.3328
spk_ver/v12/v1210	SES189	-0.0666237	-41.3461	-41.2794
spk_ver/v12/v1211	SES062	1.9535	-38.2659	-40.2194
spk_ver/v12/v1212	SES189	-1.94107	-42.1606	-40.2196
spk_ver/v12/v1213	SES048	0.909035	-38.9075	-39.8166
spk_ver/v12/v1214	SES042	2.52622	-36.8305	-39.3567
spk_ver/v12/v1215	SES008	1.53822	-38.3339	-39.8722
spk_ver/v12/v1216	SES202	-4.64228	-43.6113	-38.969
spk_ver/v12/v1217	SES202	-3.30141	-45.3527	-42.0513
spk_ver/v12/v1218	SES085	1.35347	-38.3391	-39.6926
spk_ver/v12/v1219	SES202	-2.75879	-42.8801	-40.1214
spk_ver/v12/v1220	SES202	-4.46038	-44.6495	-40.1891
spk_ver/v12/v1221	SES202	-1.33086	-43.0556	-41.7247
spk_ver/v12/v1222	SES202	-7.73082	-48.3876	-40.6568
spk_ver/v12/v1223	SES158	0.597973	-38.9897	-39.5876
spk_ver/v12/v1224	SES202	-1.69702	-43.3845	-41.6874
spk_ver/v12/v1225	SES202	-7.84403	-47.6672	-39.8232
spk_ver/v12/v1226	SES202	-6.55566	-46.6377	-40.082
spk_ver/v12/v1227	SES202	-4.61274	-45.4126	-40.7999
spk_ver/v12/v1228	SES177	0.135941	-40.3584	-40.4943
spk_ver/v12/v1229	SES202	-5.11717	-45.6754	-40.5582
spk_ver/v12/v1230	SES202	-2.00494	-42.6278	-40.6229
spk_ver/v12/v1231	SES202	-6.23243	-47.9595	-41.727
spk_ver/v12/v1232	SES202	-1.70098	-44.4425	-42.7415
spk_ver/v12/v1233	SES206	1.06259	-38.3076	-39.3702
spk_ver/v12/v1234	SES202	-7.0266	-47.6533	-40.6267
spk_ver/v12/v1235	SES202	-4.06963	-43.962	-39.8924
spk_ver/v12/v1236	SES125	1.76896	-38.5007	-40.2697
spk_ver/v12/v1237	SES127	1.0051	-38.7754	-39.7805
spk_ver/v12/v1238	SES202	2.38791	-37.7309	-40.1189
spk_ver/v12/v1239	SES167	1.82382	-38.4321	-40.2559
spk_ver/v12/v1240	SES206	-8.63924	-50.0144	-41.3752
spk_ver/v12/v1241	SES206	-9.25817	-51.1272	-41.8691
spk_ver/v12/v1242	SES206	-0.786041	-40.9766	-40.1905
spk_ver/v12/v1243	SES206	-2.08798	-42.9301	-40.8421
spk_ver/v12/v1244	SES259	0.989799	-39.5	-40.4898
spk_ver/v12/v1245	SES206	-4.65536	-44.6605	-40.0051
spk_ver/v12/v1246	SES206	-6.1069	-46.4163	-40.3094
spk_ver/v12/v1247	SES206	-0.393856	-40.4324	-40.0386
spk_ver/v12/v1248	SES206	-11.3663	-53.3475	-41.9812
spk_ver/v12/v1249	SES270	1.55343	-39.8872	-41.4406
spk_ver/v12/v1250	SES206	-8.40346	-49.3381	-40.9346
spk_ver/v12/v1251	SES206	-5.4334	-45.3154	-39.882
spk_ver/v12/v1252	SES206	-4.31288	-44.9913	-40.6785
spk_ver/v12/v1253	SES206	-0.661743	-40.5808	-39.919
spk_ver/v12/v1254	SES206	-0.630203	-40.9449	-40.3147
spk_ver/v12/v1255	SES125	1.393	-38.3858	-39.7788
spk_ver/v12/v1256	SES206	-13.0462	-53.8011	-40.7549
spk_ver/v12/v1257	SES206	-7.42646	-47.2951	-39.8686
spk_ver/v12/v1258	SES206	-1.63382	-42.0242	-40.3903
spk_ver/v12/v1259	SES206	-9.58817	-50.6933	-41.1051
spk_ver/v12/v1260	SES206	-12.5889	-54.2614	-41.6725
spk_ver/v12/v1261	SES206	-8.755	-49.6083	-40.8533
spk_ver/v12/v1262	SES206	-10.3882	-51.2009	-40.8127
spk_ver/v12/v1263	SES206	-6.94919	-47.2971	-40.3479
spk_ver/v12/v1264	SES149	1.37531	-39.1804	-40.5557
spk_ver/v12/v1265	SES206	-0.641392	-41.8662	-41.2248
spk_ver/v12/v1266	SES206	-11.8002	-52.9294	-41.1293
spk_ver/v12/v1267	SES206	-1.29385	-43.5239	-42.2301
spk_ver/v12/v1268	SES206	-5.08899	-46.1238	-41.0348
spk_ver/v12/v1269	SES206	-9.63087	-52.6448	-43.0139
spk_ver/v12/v1270	SES206	-13.7752	-56.71	-42.9348
spk_ver/v12/v1271	SES226	-10.9409	-52.8906	-41.9497
spk_ver/v12/v1272	SES226	-0.542072	-39.2126	-38.6705
spk_ver/v12/v1273	SES226	-9.16044	-49.3444	-40.184
spk_ver/v12/v1274	SES226	-8.23972	-49.2278	-40.988
spk_ver/v12/v1275	SES226	-0.258614	-40.6583	-40.3997
spk_ver/v12/v1276	SES226	-7.64435	-48.66	-41.0157
spk_ver/v12/v1277	SES226	-0.909595	-40.7375	-39.8279
spk_ver/v12/v1278	SES226	-0.200977	-40.4576	-40.2566
spk_ver/v12/v1279	SES226	-8.07396	-47.9113	-39.8374
spk_ver/v12/v1280	SES226	-2.37375	-41.9446	-39.5708
spk_ver/v12/v1281	SES226	-0.863232	-41.1607	-40.2974
spk_ver/v12/v1282	SES226	-1.8064	-42.5829	-40.7765
spk_ver/v12/v1283	SES143	1.05588	-39.9594	-41.0153
spk_ver/v12/v1284	SES226	-5.45956	-45.6224	-40.1629
spk_ver/v12/v1285	SES226	-1.1793	-40.9573	-39.778
spk_ver/v12/v1286	SES226	-1.28325	-42.1686	-40.8854
spk_ver/v12/v1287	SES226	-4.27277	-44.7383	-40.4655
spk_ver/v12/v1288	SES226	-7.20399	-47.3975	-40.1935
spk_ver/v12/v1289	SES104	1.09758	-39.7021	-40.7997
spk_ver/v12/v1290	SES008	2.25095	-39.1805	-41.4314
spk_ver/v12/v1291	SES226	-1.35721	-41.0659	-39.7087
spk_ver/v12/v1292	SES259	-2.83195	-43.3527	-40.5207
spk_ver/v12/v1293	SES062	0.889263	-39.0873	-39.9766
spk_ver/v12/v1294	SES099	0.342754	-40.2023	-40.5451
spk_ver/v12/v1295	SES158	0.825977	-40.0708	-40.8968
spk_ver/v12/v1296	SES259	-6.25618	-46.3799	-40.1237
spk_ver/v12/v1297	SES259	-3.8861	-43.9122	-40.0261
spk_ver/v12/v1298	SES259	-2.07569	-41.8611	-39.7854
spk_ver/v12/v1299	SES259	-5.98777	-46.6344	-40.6466
spk_ver/v13/v1300	SES120	0.809486	-40.3048	-41.1143
spk_ver/v13/v1301	SES259	-8.92307	-49.4529	-40.5298
spk_ver/v13/v1302	SES259	-7.854	-48.8014	-40.9474
spk_ver/v13/v1303	SES129	1.20308	-39.1945	-40.3976
spk_ver/v13/v1304	SES259	-3.79304	-45.3955	-41.6025
spk_ver/v13/v1305	SES259	-3.81424	-45.8192	-42.0049
spk_ver/v13/v1306	SES106	0.961346	-39.2964	-40.2578
spk_ver/v13/v1307	SES259	-3.84005	-45.684	-41.844
spk_ver/v13/v1308	SES259	-1.46963	-41.5359	-40.0663
spk_ver/v13/v1309	SES259	-6.77705	-47.3834	-40.6064
spk_ver/v13/v1310	SES259	-4.78891	-44.5813	-39.7924
spk_ver/v13/v1311	SES259	-5.59878	-46.0049	-40.4061
spk_ver/v13/v1312	SES259	-1.83887	-40.9729	-39.1341
spk_ver/v13/v1313	SES144	0.476921	-40.3016	-40.7785
spk_ver/v13/v1314	SES259	-8.38572	-48.9995	-40.6138
spk_ver/v13/v1315	SES162	1.47228	-39.0225	-40.4948
spk_ver/v13/v1316	SES206	0.639183	-38.8082	-39.4474
spk_ver/v13/v1317	SES175	1.33786	-39.9581	-41.2959
spk_ver/v13/v1318	SES259	-6.75908	-48.4562	-41.6971
spk_ver/v13/v1319	SES259	-8.69221	-49.9527	-41.2605
spk_ver/v13/v1320	SES270	-0.170483	-40.4435	-40.273
spk_ver/v13/v1321	SES101	-0.0459366	-39.8609	-39.815
spk_ver/v13/v1322	SES177	0.88641	-39.4113	-40.2977
spk_ver/v13/v1323	SES127	1.07702	-38.336	-39.4131
spk_ver/v13/v1324	SES270	-8.21457	-49.0973	-40.8828
spk_ver/v13/v1325	SES062	0.958549	-38.8748	-39.8333
spk_ver/v13/v1326	SES270	-0.638199	-41.8258	-41.1876
spk_ver/v13/v1327	SES120	0.205906	-41.1925	-41.3984
spk_ver/v13/v1328	SES270	-3.76754	-44.9834	-41.2159
spk_ver/v13/v1329	SES270	-6.11849	-45.6709	-39.5524
spk_ver/v13/v1330	SES270	-0.205246	-41.0609	-40.8557
spk_ver/v13/v1331	SES270	-6.4059	-45.7343	-39.3284
spk_ver/v13/v1332	SES270	-0.712975	-40.1937	-39.4807
spk_ver/v13/v1333	SES270	-1.15942	-42.3467	-41.1873
spk_ver/v13/v1334	SES270	-2.12484	-42.58	-40.4551
spk_ver/v13/v1335	SES270	0.218155	-39.8505	-40.0687
spk_ver/v13/v1336	SES270	-1.14989	-41.0004	-39.8505
spk_ver/v13/v1337	SES016	1.63337	-38.9839	-40.6173
spk_ver/v13/v1338	SES270	-4.86329	-45.1136	-40.2503
spk_ver/v13/v1339	SES002	0.595844	-38.7692	-39.3651
spk_ver/v13/v1340	SES105	1.39608	-40.4759	-41.8719
spk_ver/v13/v1341	SES275	-2.68993	-44.1773	-41.4874
spk_ver/v13/v1342	SES187	1.55997	-39.6758	-41.2358
spk_ver/v13/v1343	SES275	-2.98142	-43.9428	-40.9614
spk_ver/v13/v1344	SES275	-3.65052	-44.3996	-40.7491
spk_ver/v13/v1345	SES275	-2.70087	-43.1848	-40.4839
spk_ver/v13/v1346	SES275	-4.17088	-44.402	-40.2311
spk_ver/v13/v1347	SES275	-4.13016	-46.0391	-41.909
spk_ver/v13/v1348	SES180	0.310047	-40.2931	-40.6031
spk_ver/v13/v1349	SES275	-3.02045	-46.1	-43.0795
spk_ver/v13/v1350	SES275	-1.1064	-40.6848	-39.5784
spk_ver/v13/v1351	SES275	-4.26137	-47.8885	-43.6271
spk_ver/v13/v1352	SES275	-2.11775	-42.0848	-39.967
spk_ver/v13/v1353	SES275	-2.63305	-43.9089	-41.2758
spk_ver/v13/v1354	SES189	1.92311	-41.1908	-43.114
spk_ver/v13/v1355	SES068	0.344982	-39.0694	-39.4144
spk_ver/v13/v1356	SES275	-3.76839	-45.2942	-41.5258
spk_ver/v13/v1357	SES048	0.259998	-39.7291	-39.9891
spk_ver/v13/v1358	SES226	1.29404	-38.2819	-39.5759
spk_ver/v13/v1359	SES016	0.477558	-39.7256	-40.2032
spk_ver/v13/v1360	SES275	-2.56492	-43.898	-41.3331
spk_ver/v13/v1361	SES068	1.25028	-38.4791	-39.7293
spk_ver/v13/v1362	SES275	-4.0131	-43.6679	-39.6548
spk_ver/v13/v1363	SES275	-3.33092	-43.544	-40.213
spk_ver/v13/v1364	SES275	-3.12732	-45.8662	-42.7388
spk_ver/v13/v1365	SES275	-2.35544	-42.9639	-40.6085
spk_ver/v13/v1366	SES187	0.518894	-39.9692	-40.4881
spk_ver/v13/v1367	SES275	-4.4697	-45.7211	-41.2514
spk_ver/v13/v1368	SES125	0.991482	-39.138	-40.1295
spk_ver/v13/v1369	SES275	-2.32207	-43.1352	-40.8131
spk_ver/v13/v1370	SES292	-3.08508	-42.6667	-39.5816
spk_ver/v13/v1371	SES292	-3.09304	-42.9228	-39.8298
spk_ver/v13/v1372	SES292	-3.21226	-44.341	-41.1288
spk_ver/v13/v1373	SES292	-2.27177	-42.841	-40.5692
spk_ver/v13/v1374	SES101	0.73558	-39.9897	-40.7253
spk_ver/v13/v1375	SES292	-3.87354	-44.8738	-41.0002
spk_ver/v13/v1376	SES292	-1.66733	-41.984	-40.3167
spk_ver/v13/v1377	SES292	-4.39363	-46.8308	-42.4372
spk_ver/v13/v1378	SES292	-0.810734	-40.9743	-40.1636
spk_ver/v13/v1379	SES292	-1.26487	-42.2202	-40.9554
spk_ver/v13/v1380	SES292	-2.14779	-42.6734	-40.5256
spk_ver/v13/v1381	SES292	-2.49136	-41.4845	-38.9931
spk_ver/v13/v1382	SES292	-2.55324	-44.5328	-41.9796
spk_ver/v13/v1383	SES292	-2.40346	-42.7927	-40.3893
spk_ver/v13/v1384	SES292	-1.97555	-42.6925	-40.7169
spk_ver/v13/v1385	SES292	-2.10075	-42.9602	-40.8595
spk_ver/v13/v1386	SES292	-2.53764	-43.951	-41.4133
spk_ver/v13/v1387	SES158	1.40844	-40.2428	-41.6513
spk_ver/v13/v1388	SES292	-0.738331	-40.2929	-39.5546
spk_ver/v13/v1389	SES292	-0.551487	-39.7624	-39.2109
spk_ver/v13/v1390	SES292	-2.83729	-41.7151	-38.8778
spk_ver/v13/v1391	SES292	-2.35626	-42.668	-40.3117
spk_ver/v13/v1392	SES292	-3.31367	-45.3961	-42.0825
spk_ver/v13/v1393	SES292	-2.54222	-42.1494	-39.6072
spk_ver/v13/v1394	SES292	-4.45347	-45.3194	-40.8659
spk_ver/v13/v1395	SES292	-3.21689	-42.7157	-39.4988
spk_ver/v13/v1396	SES117	1.50745	-40.4275	-41.9349
spk_ver/v13/v1397	SES292	-2.44128	-42.251	-39.8097
spk_ver/v13/v1398	SES292	-3.82779	-46.0034	-42.1756
spk_ver/v13/v1399	SES292	-1.12756	-41.4174	-40.2899
