BLOCK00/SES002/SA002S12	SES002	1.36541	-39.3479	-40.7134
BLOCK00/SES002/SA002S13	SES002	1.26789	-39.3323	-40.6002
BLOCK00/SES002/SA002S23	SES002	1.41828	-39.0327	-40.451
BLOCK00/SES002/SA002S26	SES002	2.13223	-38.4048	-40.537
BLOCK00/SES002/SA002S28	SES002	1.39206	-39.5369	-40.9289
BLOCK00/SES007/SA007S14	SES007	1.76472	-38.6375	-40.4022
BLOCK00/SES007/SA007S15	SES007	1.02876	-40.0042	-41.033
BLOCK00/SES007/SA007S24	SES007	1.33154	-39.6661	-40.9977
BLOCK00/SES007/SA007S27	SES007	1.04079	-40.2638	-41.3046
BLOCK00/SES007/SA007S29	SES007	1.23283	-39.1178	-40.3506
BLOCK00/SES008/SA008S11	SES008	1.38747	-39.9146	-41.302
BLOCK00/SES008/SA008S12	SES008	0.853256	-40.0322	-40.8855
BLOCK00/SES008/SA008S19	SES008	1.50444	-39.1666	-40.6711
BLOCK00/SES008/SA008S22	SES008	1.45467	-40.0233	-41.478
BLOCK00/SES008/SA008S29	SES008	1.31837	-39.4082	-40.7265
BLOCK01/SES014/SA014S10	SES014	1.88561	-38.8972	-40.7828
BLOCK01/SES014/SA014S12	SES014	2.29922	-37.5494	-39.8486
BLOCK01/SES014/SA014S24	SES014	1.6081	-38.447	-40.0551
BLOCK01/SES014/SA014S26	SES014	2.45787	-36.7863	-39.2442
BLOCK01/SES014/SA014S28	SES014	2.16008	-37.4681	-39.6282
BLOCK01/SES016/SA016S12	SES016	1.64083	-41.2965	-42.9374
BLOCK01/SES016/SA016S13	SES016	1.75448	-40.2573	-42.0118
BLOCK01/SES016/SA016S22	SES016	1.17506	-40.518	-41.6931
BLOCK01/SES016/SA016S25	SES016	1.42763	-38.9638	-40.3914
BLOCK01/SES016/SA016S27	SES016	2.02953	-38.8268	-40.8563
BLOCK01/SES019/SA019S13	SES019	2.45544	-39.5042	-41.9597
BLOCK01/SES019/SA019S14	SES019	1.57398	-39.5901	-41.164
BLOCK01/SES019/SA019S22	SES019	2.09553	-39.1162	-41.2118
BLOCK01/SES019/SA019S25	SES019	1.93566	-39.6367	-41.5724
BLOCK01/SES019/SA019S29	SES019	2.88969	-39.3883	-42.278
BLOCK02/SES029/SA029S11	SES029	1.33971	-39.8974	-41.2371
BLOCK02/SES029/SA029S12	SES029	0.975117	-39.8909	-40.866
BLOCK02/SES029/SA029S20	SES029	0.753628	-40.9973	-41.7509
BLOCK02/SES029/SA029S25	SES029	1.22259	-39.8221	-41.0447
BLOCK02/SES029/SA029S28	SES029	0.842564	-40.1952	-41.0377
BLOCK04/SES042/SA042S12	SES042	2.02728	-38.1424	-40.1697
BLOCK04/SES042/SA042S15	SES042	1.93752	-38.4167	-40.3542
BLOCK04/SES042/SA042S22	SES042	2.95153	-37.0012	-39.9527
BLOCK04/SES042/SA042S25	SES042	1.45029	-39.6557	-41.106
BLOCK04/SES042/SA042S27	SES042	1.83076	-38.203	-40.0338
BLOCK04/SES048/SA048S11	SES048	1.55279	-39.1682	-40.721
BLOCK04/SES048/SA048S12	SES048	1.14242	-39.3536	-40.496
BLOCK04/SES048/SA048S20	SES048	1.11495	-39.2874	-40.4023
BLOCK04/SES048/SA048S23	SES048	1.7801	-39.5547	-41.3348
BLOCK04/SES048/SA048S27	SES048	1.54662	-38.6149	-40.1615
BLOCK06/SES060/SA060S11	SES060	1.47324	-39.4433	-40.9165
BLOCK06/SES060/SA060S12	SES060	1.23361	-40.1798	-41.4134
BLOCK06/SES060/SA060S22	SES060	0.825932	-40.5102	-41.3361
BLOCK06/SES060/SA060S24	SES060	0.978168	-39.1842	-40.1623
BLOCK06/SES060/SA060S28	SES060	1.50241	-37.7161	-39.2185
BLOCK06/SES062/SA062S10	SES062	1.21759	-38.9488	-40.1664
BLOCK06/SES062/SA062S11	SES062	1.67365	-38.8826	-40.5563
BLOCK06/SES062/SA062S21	SES062	2.14463	-37.5639	-39.7085
BLOCK06/SES062/SA062S26	SES062	1.21222	-38.9414	-40.1536
BLOCK06/SES062/SA062S29	SES062	1.64587	-38.5677	-40.2136
BLOCK06/SES068/SA068S14	SES068	1.02731	-40.0684	-41.0958
BLOCK06/SES068/SA068S15	SES068	1.35067	-39.081	-40.4316
BLOCK06/SES068/SA068S23	SES068	1.17952	-40.012	-41.1915
BLOCK06/SES068/SA068S27	SES068	2.32642	-38.9096	-41.236
BLOCK06/SES068/SA068S29	SES068	1.18734	-39.4173	-40.6046
BLOCK08/SES082/SA082S12	SES082	1.3923	-39.8906	-41.2829
BLOCK08/SES082/SA082S14	SES082	1.36535	-40.0333	-41.3986
BLOCK08/SES082/SA082S21	SES082	0.990841	-39.5467	-40.5375
BLOCK08/SES082/SA082S24	SES082	1.01861	-39.5068	-40.5255
BLOCK08/SES082/SA082S28	SES082	0.782215	-40.226	-41.0082
BLOCK08/SES083/SA083S14	SES083	0.153034	-40.4754	-40.6284
BLOCK08/SES083/SA083S15	SES083	0.861431	-39.6284	-40.4898
BLOCK08/SES083/SA083S24	SES083	0.743034	-39.9696	-40.7127
BLOCK08/SES083/SA083S26	SES083	0.51976	-40.1827	-40.7024
BLOCK08/SES083/SA083S29	SES083	0.239254	-40.3775	-40.6168
BLOCK08/SES085/SA085S10	SES085	0.791325	-39.9454	-40.7367
BLOCK08/SES085/SA085S13	SES085	1.28316	-40.5358	-41.8189
BLOCK08/SES085/SA085S22	SES085	-0.487865	-41.6766	-41.1888
BLOCK08/SES085/SA085S26	SES085	-0.080555	-40.7879	-40.7074
BLOCK08/SES085/SA085S28	SES085	1.20664	-39.8695	-41.0761
BLOCK08/SES087/SA087S15	SES087	1.46331	-39.5822	-41.0455
BLOCK08/SES087/SA087S16	SES087	1.33727	-39.5997	-40.9369
BLOCK08/SES087/SA087S24	SES087	1.09602	-39.5823	-40.6783
BLOCK08/SES087/SA087S26	SES087	1.2531	-38.3281	-39.5812
BLOCK08/SES087/SA087S29	SES087	1.54794	-39.0828	-40.6307
BLOCK09/SES099/SA099S15	SES099	1.23077	-40.2215	-41.4523
BLOCK09/SES099/SA099S16	SES099	1.07851	-39.8262	-40.9047
BLOCK09/SES099/SA099S24	SES099	0.989147	-39.3388	-40.3279
BLOCK09/SES099/SA099S26	SES099	1.17498	-39.5468	-40.7217
BLOCK09/SES099/SA099S29	SES099	1.11738	-39.6231	-40.7405
BLOCK10/SES101/SA101S11	SES101	1.01037	-39.5099	-40.5203
BLOCK10/SES101/SA101S13	SES101	1.42899	-39.0788	-40.5078
BLOCK10/SES101/SA101S22	SES101	1.61786	-40.0748	-41.6926
BLOCK10/SES101/SA101S24	SES101	1.56548	-39.2817	-40.8472
BLOCK10/SES101/SA101S28	SES101	0.62817	-40.5185	-41.1466
BLOCK10/SES104/SA104S11	SES104	1.42945	-38.431	-39.8605
BLOCK10/SES104/SA104S12	SES104	1.68438	-38.1419	-39.8263
BLOCK10/SES104/SA104S21	SES104	1.37866	-38.863	-40.2417
BLOCK10/SES104/SA104S24	SES104	1.21589	-38.9997	-40.2156
BLOCK10/SES104/SA104S28	SES104	1.47762	-38.637	-40.1146
BLOCK10/SES105/SA105S12	SES105	1.12017	-40.5801	-41.7002
BLOCK10/SES105/SA105S13	SES105	0.812717	-40.4554	-41.2681
BLOCK10/SES105/SA105S22	SES105	0.666164	-41.1895	-41.8557
BLOCK10/SES105/SA105S26	SES105	1.41917	-40.0125	-41.4317
BLOCK10/SES105/SA105S29	SES105	0.965466	-40.4593	-41.4247
BLOCK10/SES106/SA106S09	SES106	1.29282	-39.9944	-41.2872
BLOCK10/SES106/SA106S11	SES106	1.12354	-39.104	-40.2275
BLOCK10/SES106/SA106S22	SES106	2.05103	-38.701	-40.752
BLOCK10/SES106/SA106S27	SES106	0.956448	-39.2087	-40.1652
BLOCK10/SES106/SA106S29	SES106	0.990936	-39.042	-40.0329
BLOCK11/SES117/SA117S12	SES117	1.08245	-39.9997	-41.0821
BLOCK11/SES117/SA117S13	SES117	0.639256	-40.7084	-41.3476
BLOCK11/SES117/SA117S23	SES117	2.12306	-40.7	-42.8231
BLOCK11/SES117/SA117S25	SES117	1.89781	-40.297	-42.1948
BLOCK11/SES117/SA117S28	SES117	1.42579	-40.6453	-42.071
BLOCK12/SES120/SA120S08	SES120	1.16661	-40.9558	-42.1224
BLOCK12/SES120/SA120S11	SES120	0.906796	-41.9506	-42.8574
BLOCK12/SES120/SA120S22	SES120	0.310818	-40.4541	-40.7649
BLOCK12/SES120/SA120S24	SES120	1.00411	-40.082	-41.0861
BLOCK12/SES120/SA120S28	SES120	0.747169	-41.591	-42.3381
BLOCK12/SES125/SA125S13	SES125	1.89304	-38.1462	-40.0392
BLOCK12/SES125/SA125S14	SES125	1.40427	-39.107	-40.5113
BLOCK12/SES125/SA125S25	SES125	2.20864	-38.3662	-40.5748
BLOCK12/SES125/SA125S27	SES125	1.9203	-37.9341	-39.8544
BLOCK12/SES125/SA125S29	SES125	1.67839	-38.3265	-40.0049
BLOCK12/SES127/SA127S11	SES127	1.31635	-39.943	-41.2593
BLOCK12/SES127/SA127S12	SES127	0.729805	-39.5119	-40.2417
BLOCK12/SES127/SA127S23	SES127	0.755497	-40.0777	-40.8332
BLOCK12/SES127/SA127S25	SES127	0.588631	-40.4462	-41.0348
BLOCK12/SES127/SA127S27	SES127	1.21109	-39.6705	-40.8816
BLOCK12/SES129/SA129S11	SES129	1.68042	-38.7317	-40.4121
BLOCK12/SES129/SA129S12	SES129	1.36361	-38.829	-40.1926
BLOCK12/SES129/SA129S22	SES129	1.80113	-38.8621	-40.6632
BLOCK12/SES129/SA129S27	SES129	2.02864	-38.3538	-40.3825
BLOCK12/SES129/SA129S29	SES129	2.2668	-38.1031	-40.37
BLOCK14/SES142/SA142S11	SES142	2.52193	-39.7012	-42.2231
BLOCK14/SES142/SA142S12	SES142	2.08082	-40.318	-42.3988
BLOCK14/SES142/SA142S24	SES142	2.82577	-39.7727	-42.5985
BLOCK14/SES142/SA142S27	SES142	2.81247	-39.2045	-42.017
BLOCK14/SES142/SA142S29	SES142	3.12475	-39.0729	-42.1976
BLOCK14/SES143/SA143S12	SES143	1.34158	-40.5295	-41.871
BLOCK14/SES143/SA143S13	SES143	1.23494	-40.4546	-41.6896
BLOCK14/SES143/SA143S23	SES143	1.62368	-40.4401	-42.0638
BLOCK14/SES143/SA143S25	SES143	1.38276	-40.1001	-41.4829
BLOCK14/SES143/SA143S28	SES143	1.41251	-39.6819	-41.0944
BLOCK14/SES144/SA144S09	SES144	1.2449	-39.6115	-40.8564
BLOCK14/SES144/SA144S11	SES144	1.34447	-40.6268	-41.9713
BLOCK14/SES144/SA144S21	SES144	1.00642	-40.5883	-41.5947
BLOCK14/SES144/SA144S25	SES144	0.781399	-40.6702	-41.4516
BLOCK14/SES144/SA144S29	SES144	0.722832	-40.4301	-41.1529
BLOCK14/SES146/SA146S14	SES146	0.99213	-40.5952	-41.5873
BLOCK14/SES146/SA146S15	SES146	0.493401	-40.7004	-41.1938
BLOCK14/SES146/SA146S24	SES146	1.06057	-40.2273	-41.2879
BLOCK14/SES146/SA146S26	SES146	1.2774	-40.5857	-41.8631
BLOCK14/SES146/SA146S29	SES146	0.915745	-40.8497	-41.7654
BLOCK14/SES147/SA147S11	SES147	1.74084	-40.3622	-42.1031
BLOCK14/SES147/SA147S13	SES147	1.83457	-39.1793	-41.0139
BLOCK14/SES147/SA147S23	SES147	1.56084	-40.6927	-42.2535
BLOCK14/SES147/SA147S26	SES147	1.74475	-40.0153	-41.7601
BLOCK14/SES147/SA147S28	SES147	1.77096	-40.051	-41.822
BLOCK14/SES148/SA148S10	SES148	1.08592	-39.713	-40.799
BLOCK14/SES148/SA148S12	SES148	0.808392	-40.5578	-41.3662
BLOCK14/SES148/SA148S22	SES148	0.951187	-39.7116	-40.6628
BLOCK14/SES148/SA148S26	SES148	0.627991	-40.1101	-40.7381
BLOCK14/SES148/SA148S29	SES148	0.890362	-39.9009	-40.7913
BLOCK14/SES149/SA149S13	SES149	0.61879	-40.2915	-40.9103
BLOCK14/SES149/SA149S14	SES149	0.644375	-39.5299	-40.1743
BLOCK14/SES149/SA149S24	SES149	1.65769	-39.0558	-40.7135
BLOCK14/SES149/SA149S26	SES149	2.06403	-38.8321	-40.8962
BLOCK14/SES149/SA149S28	SES149	2.55414	-38.1201	-40.6742
BLOCK15/SES158/SA158S13	SES158	1.17759	-39.5464	-40.7239
BLOCK15/SES158/SA158S14	SES158	1.22891	-39.4693	-40.6982
BLOCK15/SES158/SA158S23	SES158	0.989052	-39.4381	-40.4272
BLOCK15/SES158/SA158S26	SES158	1.70167	-39.2596	-40.9613
BLOCK15/SES158/SA158S28	SES158	0.925369	-39.8253	-40.7506
BLOCK16/SES162/SA162S10	SES162	1.03099	-40.9547	-41.9857
BLOCK16/SES162/SA162S11	SES162	1.27235	-40.3644	-41.6368
BLOCK16/SES162/SA162S21	SES162	2.05531	-39.5502	-41.6055
BLOCK16/SES162/SA162S24	SES162	1.58058	-40.2269	-41.8074
BLOCK16/SES162/SA162S27	SES162	1.61077	-40.3456	-41.9564
BLOCK16/SES167/SA167S14	SES167	1.92653	-38.6856	-40.6121
BLOCK16/SES167/SA167S15	SES167	2.03751	-39.6785	-41.716
BLOCK16/SES167/SA167S21	SES167	1.77783	-38.7979	-40.5757
BLOCK16/SES167/SA167S25	SES167	2.64674	-39.3671	-42.0139
BLOCK16/SES167/SA167S29	SES167	2.40872	-38.5728	-40.9815
BLOCK17/SES172/SA172S12	SES172	1.86248	-39.9485	-41.811
BLOCK17/SES172/SA172S13	SES172	2.10482	-40.1118	-42.2166
BLOCK17/SES172/SA172S23	SES172	1.52091	-39.061	-40.5819
BLOCK17/SES172/SA172S27	SES172	1.55962	-39.8851	-41.4447
BLOCK17/SES172/SA172S29	SES172	1.70809	-39.9118	-41.6199
BLOCK17/SES175/SA175S11	SES175	2.03318	-39.5795	-41.6127
BLOCK17/SES175/SA175S13	SES175	1.36092	-39.7132	-41.0742
BLOCK17/SES175/SA175S23	SES175	2.02753	-39.8425	-41.8701
BLOCK17/SES175/SA175S25	SES175	1.28091	-41.0793	-42.3602
BLOCK17/SES175/SA175S28	SES175	2.09739	-39.3547	-41.4521
BLOCK17/SES177/SA177S15	SES177	1.28089	-39.9142	-41.1951
BLOCK17/SES177/SA177S17	SES177	1.12407	-40.0259	-41.15
BLOCK17/SES177/SA177S23	SES177	0.860783	-40.5833	-41.4441
BLOCK17/SES177/SA177S26	SES177	1.04784	-38.9313	-39.9791
BLOCK17/SES177/SA177S28	SES177	1.27441	-39.6878	-40.9623
BLOCK18/SES180/SA180S13	SES180	1.50124	-39.9434	-41.4447
BLOCK18/SES180/SA180S15	SES180	1.51978	-40.0915	-41.6113
BLOCK18/SES180/SA180S24	SES180	1.8988	-38.7968	-40.6956
BLOCK18/SES180/SA180S26	SES180	1.74164	-39.2443	-40.986
BLOCK18/SES180/SA180S29	SES180	1.97856	-39.6798	-41.6584
BLOCK18/SES183/SA183S13	SES183	1.25232	-40.1329	-41.3852
BLOCK18/SES183/SA183S14	SES183	0.713341	-40.622	-41.3353
BLOCK18/SES183/SA183S24	SES183	1.71307	-40.1703	-41.8834
BLOCK18/SES183/SA183S27	SES183	1.42848	-40.0587	-41.4872
BLOCK18/SES183/SA183S29	SES183	1.41207	-39.7413	-41.1534
BLOCK18/SES187/SA187S13	SES187	1.02232	-40.8752	-41.8975
BLOCK18/SES187/SA187S14	SES187	1.57558	-40.4435	-42.0191
BLOCK18/SES187/SA187S24	SES187	1.68798	-40.0405	-41.7285
BLOCK18/SES187/SA187S27	SES187	1.47713	-40.4202	-41.8973
BLOCK18/SES187/SA187S29	SES187	1.31513	-40.8038	-42.119
BLOCK18/SES189/SA189S10	SES189	1.60587	-42.0533	-43.6592
BLOCK18/SES189/SA189S13	SES189	2.57565	-42.1056	-44.6812
BLOCK18/SES189/SA189S24	SES189	2.71122	-41.4063	-44.1176
BLOCK18/SES189/SA189S26	SES189	1.19979	-41.2334	-42.4332
BLOCK18/SES189/SA189S29	SES189	2.46889	-41.2047	-43.6736
BLOCK20/SES202/SA202S12	SES202	2.0144	-40.1695	-42.1839
BLOCK20/SES202/SA202S14	SES202	2.82365	-38.8901	-41.7138
BLOCK20/SES202/SA202S24	SES202	1.84203	-39.8761	-41.7181
BLOCK20/SES202/SA202S27	SES202	2.34081	-38.678	-41.0188
BLOCK20/SES202/SA202S29	SES202	2.42903	-38.4854	-40.9144
BLOCK20/SES206/SA206S15	SES206	0.13113	-39.6064	-39.7375
BLOCK20/SES206/SA206S17	SES206	1.61668	-38.4564	-40.0731
BLOCK20/SES206/SA206S24	SES206	1.38063	-38.6765	-40.0572
BLOCK20/SES206/SA206S27	SES206	1.33712	-39.5128	-40.8499
BLOCK20/SES206/SA206S29	SES206	1.20362	-38.5162	-39.7198
BLOCK22/SES226/SA226S12	SES226	1.33807	-39.377	-40.7151
BLOCK22/SES226/SA226S13	SES226	0.257061	-40.5706	-40.8277
BLOCK22/SES226/SA226S20	SES226	0.930981	-39.9572	-40.8882
BLOCK22/SES226/SA226S23	SES226	1.12222	-39.4778	-40.6
BLOCK22/SES226/SA226S28	SES226	1.3912	-38.745	-40.1362
BLOCK25/SES259/SA259S13	SES259	2.03637	-38.3539	-40.3903
BLOCK25/SES259/SA259S14	SES259	1.13875	-38.9521	-40.0908
BLOCK25/SES259/SA259S22	SES259	1.17266	-38.715	-39.8877
BLOCK25/SES259/SA259S24	SES259	1.56164	-38.2393	-39.801
BLOCK25/SES259/SA259S28	SES259	1.27733	-38.597	-39.8744
BLOCK27/SES270/SA270S14	SES270	1.77799	-39.9033	-41.6813
BLOCK27/SES270/SA270S16	SES270	0.713261	-39.8649	-40.5782
BLOCK27/SES270/SA270S22	SES270	1.93349	-39.1354	-41.0689
BLOCK27/SES270/SA270S26	SES270	1.13661	-40.4197	-41.5563
BLOCK27/SES270/SA270S28	SES270	0.897743	-39.7485	-40.6462
BLOCK27/SES275/SA275S17	SES275	1.49242	-40.4543	-41.9467
BLOCK27/SES275/SA275S18	SES275	1.10508	-39.9919	-41.0969
BLOCK27/SES275/SA275S24	SES275	1.09443	-40.9236	-42.018
BLOCK27/SES275/SA275S26	SES275	1.44769	-39.8041	-41.2518
BLOCK27/SES275/SA275S28	SES275	0.696182	-40.1807	-40.8769
BLOCK29/SES292/SA292S10	SES292	0.832333	-40.0214	-40.8537
BLOCK29/SES292/SA292S12	SES292	0.483639	-41.3601	-41.8437
BLOCK29/SES292/SA292S22	SES292	1.23199	-39.6003	-40.8323
BLOCK29/SES292/SA292S24	SES292	0.770294	-40.2257	-40.996
BLOCK29/SES292/SA292S27	SES292	0.287281	-40.0438	-40.3311
BLOCK00/SES001/SA001S14	SES062	-0.776272	-41.3365	-40.5603
BLOCK00/SES001/SA001S14	SES082	-0.999424	-41.5597	-40.5603
BLOCK00/SES001/SA001S14	SES106	-1.25644	-41.8167	-40.5603
BLOCK00/SES001/SA001S14	SES206	-1.11048	-41.6707	-40.5603
BLOCK00/SES001/SA001S15	SES062	-1.00884	-40.6473	-39.6385
BLOCK00/SES001/SA001S15	SES104	-1.73296	-41.3714	-39.6385
BLOCK00/SES001/SA001S15	SES106	-1.36194	-41.0004	-39.6385
BLOCK00/SES001/SA001S15	SES206	-1.02851	-40.667	-39.6385
BLOCK00/SES001/SA001S24	SES062	-1.27147	-41.996	-40.7246
BLOCK00/SES001/SA001S24	SES082	-1.09094	-41.8155	-40.7246
BLOCK00/SES001/SA001S24	SES087	-0.270142	-40.9947	-40.7246
BLOCK00/SES001/SA001S24	SES206	0.0211754	-40.7034	-40.7246
BLOCK00/SES001/SA001S27	SES062	-0.989704	-40.8937	-39.904
BLOCK00/SES001/SA001S27	SES082	-1.11967	-41.0237	-39.904
BLOCK00/SES001/SA001S27	SES087	-1.01667	-40.9207	-39.904
BLOCK00/SES001/SA001S27	SES206	-1.35046	-41.2545	-39.904
BLOCK00/SES001/SA001S29	SES062	-1.07001	-41.3229	-40.2528
BLOCK00/SES001/SA001S29	SES082	-0.586094	-40.8389	-40.2528
BLOCK00/SES001/SA001S29	SES158	-0.731827	-40.9847	-40.2528
BLOCK00/SES001/SA001S29	SES206	-0.917553	-41.1704	-40.2528
BLOCK00/SES003/SA003S11	SES002	-0.206413	-40.6165	-40.4101
BLOCK00/SES003/SA003S11	SES019	-0.631355	-41.0414	-40.4101
BLOCK00/SES003/SA003S11	SES082	0.0755997	-40.3345	-40.4101
BLOCK00/SES003/SA003S11	SES125	-0.305004	-40.7151	-40.4101
BLOCK00/SES003/SA003S15	SES016	-3.04058	-42.9794	-39.9389
BLOCK00/SES003/SA003S15	SES019	-0.690994	-40.6298	-39.9389
BLOCK00/SES003/SA003S15	SES062	-1.55523	-41.4941	-39.9389
BLOCK00/SES003/SA003S15	SES206	0.0768738	-39.862	-39.9389
BLOCK00/SES003/SA003S22	SES002	-0.476128	-40.683	-40.2069
BLOCK00/SES003/SA003S22	SES062	-0.684326	-40.8912	-40.2069
BLOCK00/SES003/SA003S22	SES082	-0.442047	-40.649	-40.2069
BLOCK00/SES003/SA003S22	SES087	-0.754757	-40.9617	-40.2069
BLOCK00/SES003/SA003S25	SES062	-2.28087	-42.8018	-40.5209
BLOCK00/SES003/SA003S25	SES082	-0.0102425	-40.5311	-40.5209
BLOCK00/SES003/SA003S25	SES087	-0.574604	-41.0955	-40.5209
BLOCK00/SES003/SA003S25	SES206	-0.26849	-40.7894	-40.5209
BLOCK00/SES003/SA003S29	SES002	-0.685986	-41.2014	-40.5154
BLOCK00/SES003/SA003S29	SES062	-1.46648	-41.9819	-40.5154
BLOCK00/SES003/SA003S29	SES082	-0.349667	-40.8651	-40.5154
BLOCK00/SES003/SA003S29	SES087	-0.879539	-41.395	-40.5154
BLOCK00/SES004/SA004S12	SES083	-0.624508	-42.1522	-41.5277
BLOCK00/SES004/SA004S12	SES148	-0.854309	-42.382	-41.5277
BLOCK00/SES004/SA004S12	SES172	-0.287796	-41.8155	-41.5277
BLOCK00/SES004/SA004S12	SES292	-0.841568	-42.3693	-41.5277
BLOCK00/SES004/SA004S17	SES083	-0.617207	-42.2066	-41.5894
BLOCK00/SES004/SA004S17	SES162	-0.127689	-41.7171	-41.5894
BLOCK00/SES004/SA004S17	SES172	-0.446419	-42.0358	-41.5894
BLOCK00/SES004/SA004S17	SES292	-0.343033	-41.9324	-41.5894
BLOCK00/SES004/SA004S24	SES083	-0.434368	-41.4026	-40.9683
BLOCK00/SES004/SA004S24	SES148	-0.911808	-41.8801	-40.9683
BLOCK00/SES004/SA004S24	SES172	-0.280392	-41.2486	-40.9683
BLOCK00/SES004/SA004S24	SES292	-0.387646	-41.3559	-40.9683
BLOCK00/SES004/SA004S26	SES083	-0.545742	-41.4109	-40.8652
BLOCK00/SES004/SA004S26	SES127	0.387901	-40.4773	-40.8652
BLOCK00/SES004/SA004S26	SES148	-1.16628	-42.0315	-40.8652
BLOCK00/SES004/SA004S26	SES292	-0.704784	-41.57	-40.8652
BLOCK00/SES004/SA004S28	SES083	-0.052021	-41.0635	-41.0115
BLOCK00/SES004/SA004S28	SES127	-0.0307808	-41.0423	-41.0115
BLOCK00/SES004/SA004S28	SES187	0.270634	-40.7408	-41.0115
BLOCK00/SES004/SA004S28	SES292	-0.637657	-41.6491	-41.0115
BLOCK00/SES006/SA006S10	SES014	-0.97337	-42.9472	-41.9739
BLOCK00/SES006/SA006S10	SES158	-0.0264359	-42.0003	-41.9739
BLOCK00/SES006/SA006S10	SES226	-2.31205	-44.2859	-41.9739
BLOCK00/SES006/SA006S10	SES270	0.0913124	-41.8825	-41.9739
BLOCK00/SES006/SA006S11	SES158	-0.134277	-42.1792	-42.0449
BLOCK00/SES006/SA006S11	SES226	-1.43723	-43.4822	-42.0449
BLOCK00/SES006/SA006S11	SES270	0.039444	-42.0055	-42.0449
BLOCK00/SES006/SA006S11	SES275	-2.09744	-44.1424	-42.0449
BLOCK00/SES006/SA006S23	SES062	-1.87659	-43.2079	-41.3313
BLOCK00/SES006/SA006S23	SES105	-1.39104	-42.7223	-41.3313
BLOCK00/SES006/SA006S23	SES158	-0.245502	-41.5768	-41.3313
BLOCK00/SES006/SA006S23	SES275	-1.59894	-42.9302	-41.3313
BLOCK00/SES006/SA006S26	SES104	-1.16843	-42.0478	-40.8794
BLOCK00/SES006/SA006S26	SES158	0.036541	-40.8429	-40.8794
BLOCK00/SES006/SA006S26	SES270	0.533363	-40.346	-40.8794
BLOCK00/SES006/SA006S26	SES275	-2.00624	-42.8856	-40.8794
BLOCK00/SES006/SA006S28	SES007	-1.64125	-43.7772	-42.136
BLOCK00/SES006/SA006S28	SES105	-1.41459	-43.5506	-42.136
BLOCK00/SES006/SA006S28	SES158	-0.310474	-42.4465	-42.136
BLOCK00/SES006/SA006S28	SES275	-2.23036	-44.3664	-42.136
BLOCK00/SES009/SA009S12	SES083	-0.592888	-41.1606	-40.5677
BLOCK00/SES009/SA009S12	SES148	-0.55344	-41.1211	-40.5677
BLOCK00/SES009/SA009S12	SES177	-0.67318	-41.2408	-40.5677
BLOCK00/SES009/SA009S12	SES292	0.2183	-40.3494	-40.5677
BLOCK00/SES009/SA009S15	SES007	0.866146	-38.9158	-39.7819
BLOCK00/SES009/SA009S15	SES099	-2.0636	-41.8455	-39.7819
BLOCK00/SES009/SA009S15	SES148	-0.932625	-40.7146	-39.7819
BLOCK00/SES009/SA009S15	SES172	-0.318298	-40.1002	-39.7819
BLOCK00/SES009/SA009S24	SES146	0.0365143	-40.2984	-40.3349
BLOCK00/SES009/SA009S24	SES148	-0.540951	-40.8759	-40.3349
BLOCK00/SES009/SA009S24	SES177	-0.617474	-40.9524	-40.3349
BLOCK00/SES009/SA009S24	SES292	0.120003	-40.2149	-40.3349
BLOCK00/SES009/SA009S26	SES083	-0.500355	-41.2956	-40.7953
BLOCK00/SES009/SA009S26	SES101	-0.181553	-40.9768	-40.7953
BLOCK00/SES009/SA009S26	SES120	-0.137901	-40.9332	-40.7953
BLOCK00/SES009/SA009S26	SES177	-0.964298	-41.7596	-40.7953
BLOCK00/SES009/SA009S29	SES083	-0.15794	-40.4917	-40.3338
BLOCK00/SES009/SA009S29	SES101	0.119328	-40.2144	-40.3338
BLOCK00/SES009/SA009S29	SES177	-0.499054	-40.8328	-40.3338
BLOCK00/SES009/SA009S29	SES292	-0.124264	-40.458	-40.3338
BLOCK01/SES011/SA011S10	SES019	-0.0980415	-41.2477	-41.1497
BLOCK01/SES011/SA011S10	SES042	0.275169	-40.8745	-41.1497
BLOCK01/SES011/SA011S10	SES082	-1.02389	-42.1736	-41.1497
BLOCK01/SES011/SA011S10	SES206	0.326332	-40.8234	-41.1497
BLOCK01/SES011/SA011S11	SES019	-0.245441	-41.1416	-40.8962
BLOCK01/SES011/SA011S11	SES042	-0.354664	-41.2508	-40.8962
BLOCK01/SES011/SA011S11	SES082	-0.933983	-41.8301	-40.8962
BLOCK01/SES011/SA011S11	SES206	0.420048	-40.4761	-40.8962
BLOCK01/SES011/SA011S22	SES019	0.202652	-40.379	-40.5816
BLOCK01/SES011/SA011S22	SES042	-0.109596	-40.6912	-40.5816
BLOCK01/SES011/SA011S22	SES082	-0.647102	-41.2287	-40.5816
BLOCK01/SES011/SA011S22	SES206	0.453949	-40.1277	-40.5816
BLOCK01/SES011/SA011S24	SES019	-0.295074	-40.4916	-40.1965
BLOCK01/SES011/SA011S24	SES042	-0.116802	-40.3133	-40.1965
BLOCK01/SES011/SA011S24	SES104	-1.09218	-41.2887	-40.1965
BLOCK01/SES011/SA011S24	SES206	0.464561	-39.7319	-40.1965
BLOCK01/SES011/SA011S27	SES082	0.471287	-39.7433	-40.2146
BLOCK01/SES011/SA011S27	SES087	-0.146702	-40.3613	-40.2146
BLOCK01/SES011/SA011S27	SES125	0.580231	-39.6344	-40.2146
BLOCK01/SES011/SA011S27	SES206	0.6637	-39.5509	-40.2146
BLOCK01/SES012/SA012S11	SES007	-1.54443	-40.9367	-39.3923
BLOCK01/SES012/SA012S11	SES082	-0.406399	-39.7987	-39.3923
BLOCK01/SES012/SA012S11	SES083	-1.68562	-41.0779	-39.3923
BLOCK01/SES012/SA012S11	SES206	-0.25222	-39.6445	-39.3923
BLOCK01/SES012/SA012S14	SES082	-0.245792	-40.3509	-40.1051
BLOCK01/SES012/SA012S14	SES087	-0.994019	-41.0992	-40.1051
BLOCK01/SES012/SA012S14	SES206	-0.180717	-40.2859	-40.1051
BLOCK01/SES012/SA012S14	SES292	-2.02961	-42.1348	-40.1051
BLOCK01/SES012/SA012S24	SES082	0.322216	-40.4074	-40.7296
BLOCK01/SES012/SA012S24	SES087	-0.356342	-41.0859	-40.7296
BLOCK01/SES012/SA012S24	SES120	-2.29712	-43.0267	-40.7296
BLOCK01/SES012/SA012S24	SES206	-0.0540314	-40.7836	-40.7296
BLOCK01/SES012/SA012S26	SES019	-1.67408	-41.7729	-40.0988
BLOCK01/SES012/SA012S26	SES082	-0.984234	-41.083	-40.0988
BLOCK01/SES012/SA012S26	SES206	0.0915794	-40.0072	-40.0988
BLOCK01/SES012/SA012S26	SES292	-1.70072	-41.7995	-40.0988
BLOCK01/SES012/SA012S29	SES062	-1.44447	-41.492	-40.0476
BLOCK01/SES012/SA012S29	SES082	-0.427586	-40.4752	-40.0476
BLOCK01/SES012/SA012S29	SES083	-1.44471	-41.4923	-40.0476
BLOCK01/SES012/SA012S29	SES206	-0.166172	-40.2137	-40.0476
BLOCK01/SES013/SA013S16	SES062	-2.5844	-43.1094	-40.525
BLOCK01/SES013/SA013S16	SES106	0.0812988	-40.4437	-40.525
BLOCK01/SES013/SA013S16	SES206	-0.212677	-40.7377	-40.525
BLOCK01/SES013/SA013S16	SES226	0.21508	-40.31	-40.525
BLOCK01/SES013/SA013S17	SES062	-2.23406	-42.3783	-40.1442
BLOCK01/SES013/SA013S17	SES106	-0.170692	-40.3149	-40.1442
BLOCK01/SES013/SA013S17	SES206	0.45863	-39.6856	-40.1442
BLOCK01/SES013/SA013S17	SES226	0.138943	-40.0053	-40.1442
BLOCK01/SES013/SA013S23	SES104	-0.245392	-41.0303	-40.7849
BLOCK01/SES013/SA013S23	SES106	0.377739	-40.4072	-40.7849
BLOCK01/SES013/SA013S23	SES206	0.104263	-40.6806	-40.7849
BLOCK01/SES013/SA013S23	SES270	0.405323	-40.3796	-40.7849
BLOCK01/SES013/SA013S25	SES042	-0.874763	-40.9945	-40.1197
BLOCK01/SES013/SA013S25	SES104	-0.35326	-40.473	-40.1197
BLOCK01/SES013/SA013S25	SES106	0.446342	-39.6734	-40.1197
BLOCK01/SES013/SA013S25	SES206	-0.119511	-40.2392	-40.1197
BLOCK01/SES013/SA013S29	SES062	-2.6004	-42.9414	-40.341
BLOCK01/SES013/SA013S29	SES104	-0.474579	-40.8156	-40.341
BLOCK01/SES013/SA013S29	SES106	0.219742	-40.1212	-40.341
BLOCK01/SES013/SA013S29	SES206	-0.315186	-40.6562	-40.341
BLOCK02/SES021/SA021S13	SES016	-2.15186	-41.7649	-39.613
BLOCK02/SES021/SA021S13	SES029	-1.54248	-41.1555	-39.613
BLOCK02/SES021/SA021S13	SES087	-0.373478	-39.9865	-39.613
BLOCK02/SES021/SA021S13	SES206	0.0769463	-39.5361	-39.613
BLOCK02/SES021/SA021S15	SES087	-0.231323	-39.0478	-38.8164
BLOCK02/SES021/SA021S15	SES125	0.360546	-38.4559	-38.8164
BLOCK02/SES021/SA021S15	SES206	0.483509	-38.3329	-38.8164
BLOCK02/SES021/SA021S15	SES226	-0.581184	-39.3976	-38.8164
BLOCK02/SES021/SA021S23	SES062	-2.30592	-42.6528	-40.3469
BLOCK02/SES021/SA021S23	SES087	-0.689873	-41.0367	-40.3469
BLOCK02/SES021/SA021S23	SES206	-0.549259	-40.8961	-40.3469
BLOCK02/SES021/SA021S23	SES226	-0.45956	-40.8064	-40.3469
BLOCK02/SES021/SA021S27	SES002	-0.788322	-40.2722	-39.4838
BLOCK02/SES021/SA021S27	SES016	-2.88662	-42.3704	-39.4838
BLOCK02/SES021/SA021S27	SES019	-1.02638	-40.5102	-39.4838
BLOCK02/SES021/SA021S27	SES062	-1.23357	-40.7174	-39.4838
BLOCK02/SES021/SA021S29	SES087	-0.511475	-39.9639	-39.4524
BLOCK02/SES021/SA021S29	SES125	0.13575	-39.3167	-39.4524
BLOCK02/SES021/SA021S29	SES206	0.416882	-39.0356	-39.4524
BLOCK02/SES021/SA021S29	SES226	-0.240826	-39.6933	-39.4524
BLOCK04/SES043/SA043S09	SES083	-0.155842	-42.0449	-41.8891
BLOCK04/SES043/SA043S09	SES101	-1.16677	-43.0559	-41.8891
BLOCK04/SES043/SA043S09	SES144	0.0871315	-41.802	-41.8891
BLOCK04/SES043/SA043S09	SES172	-1.19905	-43.0881	-41.8891
BLOCK04/SES043/SA043S11	SES083	0.235397	-40.706	-40.9414
BLOCK04/SES043/SA043S11	SES101	-0.187447	-41.1289	-40.9414
BLOCK04/SES043/SA043S11	SES144	0.205738	-40.7357	-40.9414
BLOCK04/SES043/SA043S11	SES172	-0.232311	-41.1737	-40.9414
BLOCK04/SES043/SA043S23	SES083	0.589249	-40.5119	-41.1012
BLOCK04/SES043/SA043S23	SES144	0.574776	-40.5264	-41.1012
BLOCK04/SES043/SA043S23	SES177	-0.377411	-41.4786	-41.1012
BLOCK04/SES043/SA043S23	SES275	0.145634	-40.9555	-41.1012
BLOCK04/SES043/SA043S26	SES083	0.0210609	-41.0744	-41.0954
BLOCK04/SES043/SA043S26	SES101	-0.741596	-41.837	-41.0954
BLOCK04/SES043/SA043S26	SES144	0.525829	-40.5696	-41.0954
BLOCK04/SES043/SA043S26	SES177	-0.613319	-41.7088	-41.0954
BLOCK04/SES043/SA043S28	SES016	-0.0670357	-40.6138	-40.5468
BLOCK04/SES043/SA043S28	SES083	0.271702	-40.2751	-40.5468
BLOCK04/SES043/SA043S28	SES101	-0.0522423	-40.599	-40.5468
BLOCK04/SES043/SA043S28	SES144	0.245838	-40.3009	-40.5468
BLOCK04/SES044/SA044S10	SES127	-0.935341	-43.9131	-42.9778
BLOCK04/SES044/SA044S10	SES144	0.278957	-42.6988	-42.9778
BLOCK04/SES044/SA044S10	SES147	-1.23457	-44.2123	-42.9778
BLOCK04/SES044/SA044S10	SES148	-1.47181	-44.4496	-42.9778
BLOCK04/SES044/SA044S11	SES101	-0.642643	-42.9002	-42.2576
BLOCK04/SES044/SA044S11	SES144	0.259636	-41.9979	-42.2576
BLOCK04/SES044/SA044S11	SES147	-0.889805	-43.1474	-42.2576
BLOCK04/SES044/SA044S11	SES177	-0.277569	-42.5351	-42.2576
BLOCK04/SES044/SA044S24	SES007	-0.677345	-42.382	-41.7046
BLOCK04/SES044/SA044S24	SES101	0.0758858	-41.6287	-41.7046
BLOCK04/SES044/SA044S24	SES147	-1.46576	-43.1704	-41.7046
BLOCK04/SES044/SA044S24	SES177	-0.300503	-42.0051	-41.7046
BLOCK04/SES044/SA044S26	SES007	-0.726952	-41.6248	-40.8978
BLOCK04/SES044/SA044S26	SES016	-0.331238	-41.229	-40.8978
BLOCK04/SES044/SA044S26	SES101	-0.460297	-41.3581	-40.8978
BLOCK04/SES044/SA044S26	SES147	-0.6931	-41.5909	-40.8978
BLOCK04/SES044/SA044S29	SES007	-0.318611	-41.6249	-41.3063
BLOCK04/SES044/SA044S29	SES101	0.260818	-41.0455	-41.3063
BLOCK04/SES044/SA044S29	SES147	-0.688297	-41.9946	-41.3063
BLOCK04/SES044/SA044S29	SES177	-0.415443	-41.7218	-41.3063
BLOCK04/SES046/SA046S13	SES101	-1.37777	-43.3351	-41.9573
BLOCK04/SES046/SA046S13	SES144	-0.348972	-42.3063	-41.9573
BLOCK04/SES046/SA046S13	SES147	-1.65641	-43.6137	-41.9573
BLOCK04/SES046/SA046S13	SES177	-0.055912	-42.0132	-41.9573
BLOCK04/SES046/SA046S15	SES048	-1.04464	-41.484	-40.4394
BLOCK04/SES046/SA046S15	SES083	0.011795	-40.4276	-40.4394
BLOCK04/SES046/SA046S15	SES120	-1.0386	-41.478	-40.4394
BLOCK04/SES046/SA046S15	SES148	-0.32415	-40.7635	-40.4394
BLOCK04/SES046/SA046S22	SES101	-0.660717	-42.0959	-41.4352
BLOCK04/SES046/SA046S22	SES144	-0.160713	-41.5959	-41.4352
BLOCK04/SES046/SA046S22	SES147	-0.863022	-42.2982	-41.4352
BLOCK04/SES046/SA046S22	SES172	-0.334045	-41.7692	-41.4352
BLOCK04/SES046/SA046S25	SES083	-0.549263	-41.8134	-41.2641
BLOCK04/SES046/SA046S25	SES127	-0.24073	-41.5049	-41.2641
BLOCK04/SES046/SA046S25	SES144	-0.801243	-42.0654	-41.2641
BLOCK04/SES046/SA046S25	SES148	-0.465698	-41.7298	-41.2641
BLOCK04/SES046/SA046S28	SES007	-1.85071	-43.5771	-41.7264
BLOCK04/SES046/SA046S28	SES105	-1.37017	-43.0965	-41.7264
BLOCK04/SES046/SA046S28	SES147	-1.82304	-43.5494	-41.7264
BLOCK04/SES046/SA046S28	SES148	-0.654572	-42.3809	-41.7264
BLOCK04/SES049/SA049S16	SES104	-0.536381	-42.3191	-41.7827
BLOCK04/SES049/SA049S16	SES106	-0.248543	-42.0312	-41.7827
BLOCK04/SES049/SA049S16	SES120	-1.95274	-43.7354	-41.7827
BLOCK04/SES049/SA049S16	SES206	-0.46735	-42.25	-41.7827
BLOCK04/SES049/SA049S18	SES099	0.403961	-41.9882	-42.3922
BLOCK04/SES049/SA049S18	SES104	-0.909389	-43.3016	-42.3922
BLOCK04/SES049/SA049S18	SES125	-1.20628	-43.5985	-42.3922
BLOCK04/SES049/SA049S18	SES206	-0.647018	-43.0392	-42.3922
BLOCK04/SES049/SA049S25	SES087	-0.161533	-41.5159	-41.3543
BLOCK04/SES049/SA049S25	SES104	-0.165779	-41.5201	-41.3543
BLOCK04/SES049/SA049S25	SES125	-0.745159	-42.0995	-41.3543
BLOCK04/SES049/SA049S25	SES206	-0.158714	-41.5131	-41.3543
BLOCK04/SES049/SA049S27	SES099	0.0575905	-40.6888	-40.7464
BLOCK04/SES049/SA049S27	SES104	0.226944	-40.5194	-40.7464
BLOCK04/SES049/SA049S27	SES125	-0.722469	-41.4688	-40.7464
BLOCK04/SES049/SA049S27	SES206	-0.246803	-40.9932	-40.7464
BLOCK04/SES049/SA049S29	SES099	0.0966339	-40.1641	-40.2608
BLOCK04/SES049/SA049S29	SES104	0.254875	-40.0059	-40.2608
BLOCK04/SES049/SA049S29	SES125	-0.312656	-40.5734	-40.2608
BLOCK04/SES049/SA049S29	SES206	-0.0869331	-40.3477	-40.2608
BLOCK06/SES063/SA063S09	SES068	-0.92997	-42.1816	-41.2516
BLOCK06/SES063/SA063S09	SES083	0.326557	-40.9251	-41.2516
BLOCK06/SES063/SA063S09	SES177	0.23341	-41.0182	-41.2516
BLOCK06/SES063/SA063S09	SES187	-0.373421	-41.625	-41.2516
BLOCK06/SES063/SA063S10	SES068	-0.562107	-41.9249	-41.3628
BLOCK06/SES063/SA063S10	SES083	0.464108	-40.8987	-41.3628
BLOCK06/SES063/SA063S10	SES172	0.223312	-41.1395	-41.3628
BLOCK06/SES063/SA063S10	SES187	-0.455681	-41.8185	-41.3628
BLOCK06/SES063/SA063S20	SES068	-0.555874	-42.0259	-41.47
BLOCK06/SES063/SA063S20	SES083	-0.0255661	-41.4956	-41.47
BLOCK06/SES063/SA063S20	SES172	-0.215797	-41.6858	-41.47
BLOCK06/SES063/SA063S20	SES187	0.403271	-41.0668	-41.47
BLOCK06/SES063/SA063S24	SES029	-1.02941	-41.9364	-40.907
BLOCK06/SES063/SA063S24	SES083	0.542526	-40.3645	-40.907
BLOCK06/SES063/SA063S24	SES177	0.712856	-40.1942	-40.907
BLOCK06/SES063/SA063S24	SES189	-0.201283	-41.1083	-40.907
BLOCK06/SES063/SA063S27	SES083	-0.196171	-41.8182	-41.6221
BLOCK06/SES063/SA063S27	SES172	-0.253246	-41.8753	-41.6221
BLOCK06/SES063/SA063S27	SES187	-0.466709	-42.0888	-41.6221
BLOCK06/SES063/SA063S27	SES292	-0.676598	-42.2987	-41.6221
BLOCK06/SES067/SA067S12	SES083	-0.531776	-41.9534	-41.4216
BLOCK06/SES067/SA067S12	SES172	-1.43056	-42.8521	-41.4216
BLOCK06/SES067/SA067S12	SES202	1.12378	-40.2978	-41.4216
BLOCK06/SES067/SA067S12	SES292	-0.447105	-41.8687	-41.4216
BLOCK06/SES067/SA067S14	SES085	-0.857243	-41.4754	-40.6182
BLOCK06/SES067/SA067S14	SES177	-0.815472	-41.4336	-40.6182
BLOCK06/SES067/SA067S14	SES183	-0.367672	-40.9858	-40.6182
BLOCK06/SES067/SA067S14	SES202	0.241951	-40.3762	-40.6182
BLOCK06/SES067/SA067S21	SES144	0.11208	-42.0053	-42.1173
BLOCK06/SES067/SA067S21	SES177	0.280216	-41.8371	-42.1173
BLOCK06/SES067/SA067S21	SES183	-1.57462	-43.692	-42.1173
BLOCK06/SES067/SA067S21	SES189	0.167179	-41.9502	-42.1173
BLOCK06/SES067/SA067S25	SES085	-0.0474854	-41.2446	-41.1971
BLOCK06/SES067/SA067S25	SES177	-0.112053	-41.3092	-41.1971
BLOCK06/SES067/SA067S25	SES183	-0.62429	-41.8214	-41.1971
BLOCK06/SES067/SA067S25	SES202	0.500603	-40.6965	-41.1971
BLOCK06/SES067/SA067S29	SES085	-0.357208	-42.1177	-41.7605
BLOCK06/SES067/SA067S29	SES177	-0.268337	-42.0288	-41.7605
BLOCK06/SES067/SA067S29	SES183	-0.155083	-41.9156	-41.7605
BLOCK06/SES067/SA067S29	SES202	1.10589	-40.6546	-41.7605
BLOCK06/SES069/SA069S12	SES029	-1.43647	-41.3975	-39.961
BLOCK06/SES069/SA069S12	SES082	-0.307503	-40.2685	-39.961
BLOCK06/SES069/SA069S12	SES087	-0.585526	-40.5465	-39.961
BLOCK06/SES069/SA069S12	SES206	-0.203438	-40.1644	-39.961
BLOCK06/SES069/SA069S13	SES029	-1.6194	-41.7202	-40.1008
BLOCK06/SES069/SA069S13	SES087	-1.21004	-41.3109	-40.1008
BLOCK06/SES069/SA069S13	SES206	-1.16158	-41.2624	-40.1008
BLOCK06/SES069/SA069S13	SES226	-0.978153	-41.079	-40.1008
BLOCK06/SES069/SA069S23	SES029	-1.02655	-39.8679	-38.8414
BLOCK06/SES069/SA069S23	SES087	-0.978218	-39.8196	-38.8414
BLOCK06/SES069/SA069S23	SES206	-0.651058	-39.4924	-38.8414
BLOCK06/SES069/SA069S23	SES226	-0.192749	-39.0341	-38.8414
BLOCK06/SES069/SA069S25	SES087	-0.629677	-40.0915	-39.4618
BLOCK06/SES069/SA069S25	SES206	-0.753315	-40.2151	-39.4618
BLOCK06/SES069/SA069S25	SES226	-0.66431	-40.1261	-39.4618
BLOCK06/SES069/SA069S25	SES270	-0.198013	-39.6598	-39.4618
BLOCK06/SES069/SA069S27	SES087	-1.09314	-40.6373	-39.5442
BLOCK06/SES069/SA069S27	SES206	0.11084	-39.4334	-39.5442
BLOCK06/SES069/SA069S27	SES226	-0.0286255	-39.5728	-39.5442
BLOCK06/SES069/SA069S27	SES270	-0.316448	-39.8607	-39.5442
BLOCK08/SES081/SA081S11	SES060	-0.267155	-41.276	-41.0089
BLOCK08/SES081/SA081S11	SES062	-1.29419	-42.3031	-41.0089
BLOCK08/SES081/SA081S11	SES117	-0.951626	-41.9605	-41.0089
BLOCK08/SES081/SA081S11	SES162	-0.458637	-41.4675	-41.0089
BLOCK08/SES081/SA081S13	SES016	0.14267	-40.4436	-40.5863
BLOCK08/SES081/SA081S13	SES060	0.39772	-40.1886	-40.5863
BLOCK08/SES081/SA081S13	SES068	0.336754	-40.2495	-40.5863
BLOCK08/SES081/SA081S13	SES129	-0.714188	-41.3005	-40.5863
BLOCK08/SES081/SA081S24	SES060	0.177349	-40.732	-40.9093
BLOCK08/SES081/SA081S24	SES068	0.0219765	-40.8874	-40.9093
BLOCK08/SES081/SA081S24	SES117	-0.681164	-41.5905	-40.9093
BLOCK08/SES081/SA081S24	SES275	-1.01396	-41.9233	-40.9093
BLOCK08/SES081/SA081S27	SES007	-0.173927	-40.9876	-40.8137
BLOCK08/SES081/SA081S27	SES060	-0.451195	-41.2649	-40.8137
BLOCK08/SES081/SA081S27	SES117	0.228996	-40.5847	-40.8137
BLOCK08/SES081/SA081S27	SES275	-0.714397	-41.5281	-40.8137
BLOCK08/SES081/SA081S29	SES007	-0.218456	-41.2401	-41.0216
BLOCK08/SES081/SA081S29	SES060	0.0867424	-40.9349	-41.0216
BLOCK08/SES081/SA081S29	SES117	-0.154053	-41.1756	-41.0216
BLOCK08/SES081/SA081S29	SES275	-0.852974	-41.8746	-41.0216
BLOCK08/SES086/SA086S11	SES029	-3.18202	-45.0536	-41.8716
BLOCK08/SES086/SA086S11	SES082	-0.738842	-42.6105	-41.8716
BLOCK08/SES086/SA086S11	SES087	0.23489	-41.6367	-41.8716
BLOCK08/SES086/SA086S11	SES206	-0.982697	-42.8543	-41.8716
BLOCK08/SES086/SA086S12	SES029	-2.83605	-44.1925	-41.3564
BLOCK08/SES086/SA086S12	SES082	-0.310482	-41.6669	-41.3564
BLOCK08/SES086/SA086S12	SES087	0.428741	-40.9277	-41.3564
BLOCK08/SES086/SA086S12	SES206	-0.560379	-41.9168	-41.3564
BLOCK08/SES086/SA086S20	SES029	-2.86918	-43.1326	-40.2634
BLOCK08/SES086/SA086S20	SES082	-0.858772	-41.1222	-40.2634
BLOCK08/SES086/SA086S20	SES087	0.315247	-39.9482	-40.2634
BLOCK08/SES086/SA086S20	SES206	0.0918465	-40.1716	-40.2634
BLOCK08/SES086/SA086S24	SES087	0.590233	-40.7796	-41.3698
BLOCK08/SES086/SA086S24	SES104	-0.123486	-41.4933	-41.3698
BLOCK08/SES086/SA086S24	SES120	-2.62476	-43.9946	-41.3698
BLOCK08/SES086/SA086S24	SES206	0.671078	-40.6988	-41.3698
BLOCK08/SES086/SA086S28	SES029	-2.19777	-42.5456	-40.3479
BLOCK08/SES086/SA086S28	SES082	-0.643875	-40.9917	-40.3479
BLOCK08/SES086/SA086S28	SES087	0.354023	-39.9938	-40.3479
BLOCK08/SES086/SA086S28	SES206	-0.255268	-40.6031	-40.3479
BLOCK08/SES089/SA089S13	SES087	-0.513268	-40.9365	-40.4233
BLOCK08/SES089/SA089S13	SES206	-0.681545	-41.1048	-40.4233
BLOCK08/SES089/SA089S13	SES226	-0.577103	-41.0004	-40.4233
BLOCK08/SES089/SA089S13	SES270	-1.46957	-41.8928	-40.4233
BLOCK08/SES089/SA089S14	SES062	-1.48044	-41.5773	-40.0968
BLOCK08/SES089/SA089S14	SES087	0.275787	-39.8211	-40.0968
BLOCK08/SES089/SA089S14	SES206	0.0949554	-40.0019	-40.0968
BLOCK08/SES089/SA089S14	SES226	0.214809	-39.882	-40.0968
BLOCK08/SES089/SA089S23	SES087	-0.0929527	-40.7545	-40.6615
BLOCK08/SES089/SA089S23	SES206	0.0106125	-40.6509	-40.6615
BLOCK08/SES089/SA089S23	SES226	-0.381966	-41.0435	-40.6615
BLOCK08/SES089/SA089S23	SES270	-1.08532	-41.7469	-40.6615
BLOCK08/SES089/SA089S25	SES062	-1.89072	-41.8544	-39.9637
BLOCK08/SES089/SA089S25	SES087	0.0934525	-39.8702	-39.9637
BLOCK08/SES089/SA089S25	SES206	-0.398373	-40.3621	-39.9637
BLOCK08/SES089/SA089S25	SES226	0.200344	-39.7633	-39.9637
BLOCK08/SES089/SA089S28	SES062	-1.2715	-41.0983	-39.8268
BLOCK08/SES089/SA089S28	SES087	0.0612907	-39.7655	-39.8268
BLOCK08/SES089/SA089S28	SES206	-0.0272903	-39.8541	-39.8268
BLOCK08/SES089/SA089S28	SES226	0.198925	-39.6279	-39.8268
BLOCK09/SES097/SA097S11	SES099	0.693935	-40.5278	-41.2217
BLOCK09/SES097/SA097S11	SES125	-0.447449	-41.6692	-41.2217
BLOCK09/SES097/SA097S11	SES206	-0.164497	-41.3862	-41.2217
BLOCK09/SES097/SA097S11	SES226	0.204887	-41.0169	-41.2217
BLOCK09/SES097/SA097S14	SES062	-1.67004	-42.2635	-40.5935
BLOCK09/SES097/SA097S14	SES099	0.128933	-40.4646	-40.5935
BLOCK09/SES097/SA097S14	SES104	-0.151905	-40.7454	-40.5935
BLOCK09/SES097/SA097S14	SES206	-0.440205	-41.0337	-40.5935
BLOCK09/SES097/SA097S22	SES099	0.260796	-40.5332	-40.794
BLOCK09/SES097/SA097S22	SES206	-0.643036	-41.437	-40.794
BLOCK09/SES097/SA097S22	SES226	-1.14173	-41.9357	-40.794
BLOCK09/SES097/SA097S22	SES270	0.100807	-40.6932	-40.794
BLOCK09/SES097/SA097S26	SES099	0.302025	-40.0386	-40.3406
BLOCK09/SES097/SA097S26	SES120	-2.38333	-42.724	-40.3406
BLOCK09/SES097/SA097S26	SES206	-0.399551	-40.7402	-40.3406
BLOCK09/SES097/SA097S26	SES226	-0.48114	-40.8218	-40.3406
BLOCK09/SES097/SA097S28	SES099	-0.0302315	-40.7387	-40.7085
BLOCK09/SES097/SA097S28	SES120	-1.97716	-42.6857	-40.7085
BLOCK09/SES097/SA097S28	SES206	-1.07261	-41.7811	-40.7085
BLOCK09/SES097/SA097S28	SES226	-0.917492	-41.626	-40.7085
BLOCK09/SES098/SA098S11	SES127	-0.512062	-43.0398	-42.5278
BLOCK09/SES098/SA098S11	SES144	-0.215858	-42.7436	-42.5278
BLOCK09/SES098/SA098S11	SES147	-0.0116577	-42.5394	-42.5278
BLOCK09/SES098/SA098S11	SES148	-1.53668	-44.0644	-42.5278
BLOCK09/SES098/SA098S12	SES127	-1.57467	-45.1497	-43.5751
BLOCK09/SES098/SA098S12	SES144	-0.436565	-44.0116	-43.5751
BLOCK09/SES098/SA098S12	SES147	-0.495373	-44.0704	-43.5751
BLOCK09/SES098/SA098S12	SES189	-0.179558	-43.7546	-43.5751
BLOCK09/SES098/SA098S20	SES127	-1.23993	-43.6473	-42.4074
BLOCK09/SES098/SA098S20	SES147	-0.588608	-42.996	-42.4074
BLOCK09/SES098/SA098S20	SES148	-2.02281	-44.4302	-42.4074
BLOCK09/SES098/SA098S20	SES292	-2.83655	-45.2439	-42.4074
BLOCK09/SES098/SA098S23	SES127	-0.635536	-42.795	-42.1595
BLOCK09/SES098/SA098S23	SES147	-0.0836143	-42.2431	-42.1595
BLOCK09/SES098/SA098S23	SES187	0.289688	-41.8698	-42.1595
BLOCK09/SES098/SA098S23	SES292	-1.76228	-43.9218	-42.1595
BLOCK09/SES098/SA098S27	SES127	-1.27655	-43.9617	-42.6851
BLOCK09/SES098/SA098S27	SES147	-0.570343	-43.2554	-42.6851
BLOCK09/SES098/SA098S27	SES148	-1.68307	-44.3682	-42.6851
BLOCK09/SES098/SA098S27	SES292	-1.39877	-44.0839	-42.6851
BLOCK10/SES102/SA102S13	SES101	0.375607	-41.8702	-42.2458
BLOCK10/SES102/SA102S13	SES105	-0.207352	-42.4531	-42.2458
BLOCK10/SES102/SA102S13	SES120	-0.215645	-42.4614	-42.2458
BLOCK10/SES102/SA102S13	SES158	-2.92275	-45.1685	-42.2458
BLOCK10/SES102/SA102S14	SES007	0.673347	-40.1772	-40.8505
BLOCK10/SES102/SA102S14	SES101	0.902565	-39.9479	-40.8505
BLOCK10/SES102/SA102S14	SES105	0.319996	-40.5305	-40.8505
BLOCK10/SES102/SA102S14	SES147	-0.749889	-41.6004	-40.8505
BLOCK10/SES102/SA102S22	SES007	-0.266201	-40.7835	-40.5173
BLOCK10/SES102/SA102S22	SES101	0.224712	-40.2926	-40.5173
BLOCK10/SES102/SA102S22	SES105	0.0654373	-40.4519	-40.5173
BLOCK10/SES102/SA102S22	SES158	-2.06298	-42.5803	-40.5173
BLOCK10/SES102/SA102S25	SES007	0.129486	-40.7383	-40.8678
BLOCK10/SES102/SA102S25	SES101	0.276649	-40.5912	-40.8678
BLOCK10/SES102/SA102S25	SES105	-0.212112	-41.0799	-40.8678
BLOCK10/SES102/SA102S25	SES147	-1.46563	-42.3335	-40.8678
BLOCK10/SES102/SA102S27	SES007	0.033062	-41.3599	-41.3929
BLOCK10/SES102/SA102S27	SES101	0.361786	-41.0311	-41.3929
BLOCK10/SES102/SA102S27	SES105	-0.0328255	-41.4257	-41.3929
BLOCK10/SES102/SA102S27	SES147	-0.656322	-42.0492	-41.3929
BLOCK10/SES103/SA103S14	SES105	-1.62598	-43.0917	-41.4658
BLOCK10/SES103/SA103S14	SES106	-0.381657	-41.8474	-41.4658
BLOCK10/SES103/SA103S14	SES120	-2.5955	-44.0613	-41.4658
BLOCK10/SES103/SA103S14	SES206	-0.530659	-41.9964	-41.4658
BLOCK10/SES103/SA103S15	SES099	-0.0163345	-42.0618	-42.0455
BLOCK10/SES103/SA103S15	SES101	-2.82705	-44.8725	-42.0455
BLOCK10/SES103/SA103S15	SES104	-0.543121	-42.5886	-42.0455
BLOCK10/SES103/SA103S15	SES125	-0.648411	-42.6939	-42.0455
BLOCK10/SES103/SA103S24	SES104	-0.755085	-41.7729	-41.0178
BLOCK10/SES103/SA103S24	SES125	-0.627083	-41.6448	-41.0178
BLOCK10/SES103/SA103S24	SES148	-2.00935	-43.0271	-41.0178
BLOCK10/SES103/SA103S24	SES158	-0.0350761	-41.0528	-41.0178
BLOCK10/SES103/SA103S26	SES104	-0.614544	-42.0254	-41.4109
BLOCK10/SES103/SA103S26	SES106	-0.463245	-41.8741	-41.4109
BLOCK10/SES103/SA103S26	SES125	-0.737679	-42.1486	-41.4109
BLOCK10/SES103/SA103S26	SES148	-2.40157	-43.8125	-41.4109
BLOCK10/SES103/SA103S28	SES104	-0.581562	-41.7532	-41.1716
BLOCK10/SES103/SA103S28	SES106	-0.711212	-41.8828	-41.1716
BLOCK10/SES103/SA103S28	SES125	-0.693806	-41.8654	-41.1716
BLOCK10/SES103/SA103S28	SES206	-0.834934	-42.0065	-41.1716
BLOCK12/SES121/SA121S12	SES042	-1.15018	-43.5037	-42.3535
BLOCK12/SES121/SA121S12	SES087	-0.151142	-42.5046	-42.3535
BLOCK12/SES121/SA121S12	SES105	-0.978188	-43.3317	-42.3535
BLOCK12/SES121/SA121S12	SES206	-0.480785	-42.8343	-42.3535
BLOCK12/SES121/SA121S14	SES007	-2.43137	-45.2414	-42.81
BLOCK12/SES121/SA121S14	SES105	-1.61156	-44.4216	-42.81
BLOCK12/SES121/SA121S14	SES106	-0.921371	-43.7314	-42.81
BLOCK12/SES121/SA121S14	SES206	-0.597855	-43.4079	-42.81
BLOCK12/SES121/SA121S23	SES105	-1.36496	-44.2412	-42.8762
BLOCK12/SES121/SA121S23	SES106	-0.600365	-43.4766	-42.8762
BLOCK12/SES121/SA121S23	SES120	-2.40657	-45.2828	-42.8762
BLOCK12/SES121/SA121S23	SES206	-0.310997	-43.1872	-42.8762
BLOCK12/SES121/SA121S25	SES007	-2.00425	-45.566	-43.5618
BLOCK12/SES121/SA121S25	SES105	-1.51443	-45.0762	-43.5618
BLOCK12/SES121/SA121S25	SES106	-0.67588	-44.2377	-43.5618
BLOCK12/SES121/SA121S25	SES206	-0.535828	-44.0976	-43.5618
BLOCK12/SES121/SA121S27	SES087	0.156345	-42.1632	-42.3195
BLOCK12/SES121/SA121S27	SES105	-2.52951	-44.849	-42.3195
BLOCK12/SES121/SA121S27	SES120	-2.09212	-44.4116	-42.3195
BLOCK12/SES121/SA121S27	SES206	-0.534065	-42.8536	-42.3195
BLOCK12/SES124/SA124S16	SES042	0.46769	-39.9593	-40.427
BLOCK12/SES124/SA124S16	SES082	0.0459785	-40.381	-40.427
BLOCK12/SES124/SA124S16	SES183	-2.6516	-43.0786	-40.427
BLOCK12/SES124/SA124S16	SES206	-0.00862122	-40.4356	-40.427
BLOCK12/SES124/SA124S17	SES105	-1.26264	-42.7643	-41.5017
BLOCK12/SES124/SA124S17	SES149	-1.09923	-42.6009	-41.5017
BLOCK12/SES124/SA124S17	SES158	-1.45901	-42.9607	-41.5017
BLOCK12/SES124/SA124S17	SES275	-1.75428	-43.2559	-41.5017
BLOCK12/SES124/SA124S23	SES105	-1.91979	-41.4786	-39.5588
BLOCK12/SES124/SA124S23	SES125	0.487118	-39.0717	-39.5588
BLOCK12/SES124/SA124S23	SES129	-2.55185	-42.1107	-39.5588
BLOCK12/SES124/SA124S23	SES158	-0.174194	-39.733	-39.5588
BLOCK12/SES124/SA124S26	SES105	-2.07955	-42.2641	-40.1846
BLOCK12/SES124/SA124S26	SES125	0.729698	-39.4549	-40.1846
BLOCK12/SES124/SA124S26	SES129	-2.97704	-43.1616	-40.1846
BLOCK12/SES124/SA124S26	SES158	-0.553436	-40.738	-40.1846
BLOCK12/SES124/SA124S28	SES104	0.0338669	-39.8756	-39.9095
BLOCK12/SES124/SA124S28	SES106	0.0456123	-39.8639	-39.9095
BLOCK12/SES124/SA124S28	SES125	0.11425	-39.7952	-39.9095
BLOCK12/SES124/SA124S28	SES275	-2.08065	-41.9901	-39.9095
BLOCK12/SES126/SA126S13	SES007	-0.95232	-43.6006	-42.6483
BLOCK12/SES126/SA126S13	SES162	0.0870705	-42.5612	-42.6483
BLOCK12/SES126/SA126S13	SES177	0.236622	-42.4117	-42.6483
BLOCK12/SES126/SA126S13	SES180	-0.404915	-43.0532	-42.6483
BLOCK12/SES126/SA126S14	SES144	0.000453949	-41.1706	-41.171
BLOCK12/SES126/SA126S14	SES148	-0.188046	-41.3591	-41.171
BLOCK12/SES126/SA126S14	SES177	0.586502	-40.5845	-41.171
BLOCK12/SES126/SA126S14	SES180	0.273277	-40.8978	-41.171
BLOCK12/SES126/SA126S20	SES007	-0.800121	-42.2467	-41.4466
BLOCK12/SES126/SA126S20	SES162	-0.353783	-41.8004	-41.4466
BLOCK12/SES126/SA126S20	SES172	-2.53325	-43.9798	-41.4466
BLOCK12/SES126/SA126S20	SES180	-0.683086	-42.1297	-41.4466
BLOCK12/SES126/SA126S24	SES120	-0.319496	-41.3889	-41.0694
BLOCK12/SES126/SA126S24	SES162	0.368881	-40.7005	-41.0694
BLOCK12/SES126/SA126S24	SES177	0.186996	-40.8824	-41.0694
BLOCK12/SES126/SA126S24	SES180	0.654312	-40.4151	-41.0694
BLOCK12/SES126/SA126S26	SES120	-0.16185	-41.7447	-41.5829
BLOCK12/SES126/SA126S26	SES177	0.371906	-41.2109	-41.5829
BLOCK12/SES126/SA126S26	SES180	0.280132	-41.3027	-41.5829
BLOCK12/SES126/SA126S26	SES202	-0.862644	-42.4455	-41.5829
BLOCK12/SES128/SA128S10	SES087	-1.2748	-41.9985	-40.7237
BLOCK12/SES128/SA128S10	SES206	-0.549831	-41.2735	-40.7237
BLOCK12/SES128/SA128S10	SES226	-0.177002	-40.9007	-40.7237
BLOCK12/SES128/SA128S10	SES270	-0.220924	-40.9446	-40.7237
BLOCK12/SES128/SA128S12	SES120	-1.38314	-42.369	-40.9859
BLOCK12/SES128/SA128S12	SES158	-0.813969	-41.7999	-40.9859
BLOCK12/SES128/SA128S12	SES206	0.0284233	-40.9575	-40.9859
BLOCK12/SES128/SA128S12	SES226	-0.735519	-41.7214	-40.9859
BLOCK12/SES128/SA128S21	SES106	-0.495121	-42.0325	-41.5374
BLOCK12/SES128/SA128S21	SES120	-1.27119	-42.8086	-41.5374
BLOCK12/SES128/SA128S21	SES206	-0.770206	-42.3076	-41.5374
BLOCK12/SES128/SA128S21	SES226	-0.372459	-41.9099	-41.5374
BLOCK12/SES128/SA128S24	SES087	-1.26637	-42.1901	-40.9238
BLOCK12/SES128/SA128S24	SES120	-0.997044	-41.9208	-40.9238
BLOCK12/SES128/SA128S24	SES206	-0.772675	-41.6964	-40.9238
BLOCK12/SES128/SA128S24	SES226	-0.580524	-41.5043	-40.9238
BLOCK12/SES128/SA128S27	SES099	-0.447525	-40.4837	-40.0361
BLOCK12/SES128/SA128S27	SES120	-1.41021	-41.4464	-40.0361
BLOCK12/SES128/SA128S27	SES206	-0.574257	-40.6104	-40.0361
BLOCK12/SES128/SA128S27	SES226	-0.565609	-40.6018	-40.0361
BLOCK13/SES130/SA130S13	SES143	-0.898808	-43.3929	-42.4941
BLOCK13/SES130/SA130S13	SES144	0.527279	-41.9668	-42.4941
BLOCK13/SES130/SA130S13	SES146	0.181396	-42.3127	-42.4941
BLOCK13/SES130/SA130S13	SES275	-0.825474	-43.3196	-42.4941
BLOCK13/SES130/SA130S15	SES143	-0.676945	-42.4086	-41.7317
BLOCK13/SES130/SA130S15	SES144	0.417084	-41.3146	-41.7317
BLOCK13/SES130/SA130S15	SES146	0.326767	-41.4049	-41.7317
BLOCK13/SES130/SA130S15	SES275	-0.211868	-41.9435	-41.7317
BLOCK13/SES130/SA130S23	SES127	-1.43995	-44.7881	-43.3481
BLOCK13/SES130/SA130S23	SES144	-0.0750847	-43.4232	-43.3481
BLOCK13/SES130/SA130S23	SES146	0.195641	-43.1525	-43.3481
BLOCK13/SES130/SA130S23	SES162	0.00273895	-43.3454	-43.3481
BLOCK13/SES130/SA130S25	SES127	-0.441887	-42.1228	-41.6809
BLOCK13/SES130/SA130S25	SES144	0.605034	-41.0759	-41.6809
BLOCK13/SES130/SA130S25	SES146	0.530598	-41.1503	-41.6809
BLOCK13/SES130/SA130S25	SES275	-0.0864067	-41.7673	-41.6809
BLOCK13/SES130/SA130S28	SES127	-0.264084	-42.01	-41.7459
BLOCK13/SES130/SA130S28	SES144	-0.036541	-41.7825	-41.7459
BLOCK13/SES130/SA130S28	SES146	0.0389061	-41.707	-41.7459
BLOCK13/SES130/SA130S28	SES275	0.0284195	-41.7175	-41.7459
BLOCK13/SES131/SA131S13	SES002	-0.775642	-43.3906	-42.615
BLOCK13/SES131/SA131S13	SES007	-2.18252	-44.7975	-42.615
BLOCK13/SES131/SA131S13	SES099	-0.968735	-43.5837	-42.615
BLOCK13/SES131/SA131S13	SES105	-1.21404	-43.829	-42.615
BLOCK13/SES131/SA131S14	SES104	-0.338169	-41.705	-41.3668
BLOCK13/SES131/SA131S14	SES106	-0.232357	-41.5991	-41.3668
BLOCK13/SES131/SA131S14	SES125	-0.704849	-42.0716	-41.3668
BLOCK13/SES131/SA131S14	SES148	-1.84807	-43.2149	-41.3668
BLOCK13/SES131/SA131S20	SES104	-0.909912	-42.5048	-41.5949
BLOCK13/SES131/SA131S20	SES106	-0.45417	-42.0491	-41.5949
BLOCK13/SES131/SA131S20	SES125	-0.822903	-42.4178	-41.5949
BLOCK13/SES131/SA131S20	SES148	-2.5187	-44.1136	-41.5949
BLOCK13/SES131/SA131S22	SES099	-0.220165	-41.2366	-41.0165
BLOCK13/SES131/SA131S22	SES104	-0.656071	-41.6725	-41.0165
BLOCK13/SES131/SA131S22	SES125	-0.650192	-41.6667	-41.0165
BLOCK13/SES131/SA131S22	SES206	-0.597015	-41.6135	-41.0165
BLOCK13/SES131/SA131S29	SES087	0.0788155	-41.6506	-41.7294
BLOCK13/SES131/SA131S29	SES104	-1.13353	-42.863	-41.7294
BLOCK13/SES131/SA131S29	SES125	-0.688614	-42.418	-41.7294
BLOCK13/SES131/SA131S29	SES206	-0.407692	-42.1371	-41.7294
BLOCK13/SES132/SA132S11	SES083	-0.642151	-41.4137	-40.7716
BLOCK13/SES132/SA132S11	SES120	0.524055	-40.2475	-40.7716
BLOCK13/SES132/SA132S11	SES127	-0.146389	-40.9179	-40.7716
BLOCK13/SES132/SA132S11	SES275	-0.502224	-41.2738	-40.7716
BLOCK13/SES132/SA132S12	SES083	-0.150459	-40.8946	-40.7441
BLOCK13/SES132/SA132S12	SES143	-0.580917	-41.325	-40.7441
BLOCK13/SES132/SA132S12	SES144	0.181023	-40.5631	-40.7441
BLOCK13/SES132/SA132S12	SES148	-0.317387	-41.0615	-40.7441
BLOCK13/SES132/SA132S22	SES062	0.321194	-40.2601	-40.5813
BLOCK13/SES132/SA132S22	SES083	0.00960541	-40.5717	-40.5813
BLOCK13/SES132/SA132S22	SES127	-0.0524368	-40.6337	-40.5813
BLOCK13/SES132/SA132S22	SES275	-0.171204	-40.7525	-40.5813
BLOCK13/SES132/SA132S24	SES007	0.155003	-40.8099	-40.9649
BLOCK13/SES132/SA132S24	SES083	-0.383732	-41.3487	-40.9649
BLOCK13/SES132/SA132S24	SES127	-0.276871	-41.2418	-40.9649
BLOCK13/SES132/SA132S24	SES275	-0.471725	-41.4366	-40.9649
BLOCK13/SES132/SA132S27	SES083	-0.575912	-41.9006	-41.3247
BLOCK13/SES132/SA132S27	SES120	0.38538	-40.9393	-41.3247
BLOCK13/SES132/SA132S27	SES127	-0.664185	-41.9889	-41.3247
BLOCK13/SES132/SA132S27	SES275	-0.683041	-42.0078	-41.3247
BLOCK14/SES141/SA141S09	SES143	0.0955315	-41.618	-41.7135
BLOCK14/SES141/SA141S09	SES144	0.0656853	-41.6479	-41.7135
BLOCK14/SES141/SA141S09	SES162	0.209415	-41.5041	-41.7135
BLOCK14/SES141/SA141S09	SES180	0.270245	-41.4433	-41.7135
BLOCK14/SES141/SA141S15	SES127	-0.2048	-41.671	-41.4662
BLOCK14/SES141/SA141S15	SES144	-0.223969	-41.6902	-41.4662
BLOCK14/SES141/SA141S15	SES162	-0.0278168	-41.494	-41.4662
BLOCK14/SES141/SA141S15	SES180	-0.0500488	-41.5163	-41.4662
BLOCK14/SES141/SA141S24	SES127	0.430798	-41.0132	-41.444
BLOCK14/SES141/SA141S24	SES144	-0.225365	-41.6694	-41.444
BLOCK14/SES141/SA141S24	SES162	0.589802	-40.8542	-41.444
BLOCK14/SES141/SA141S24	SES183	-0.498096	-41.9421	-41.444
BLOCK14/SES141/SA141S26	SES142	0.318676	-41.823	-42.1417
BLOCK14/SES141/SA141S26	SES144	0.152557	-41.9891	-42.1417
BLOCK14/SES141/SA141S26	SES172	-0.437	-42.5787	-42.1417
BLOCK14/SES141/SA141S26	SES180	0.421982	-41.7197	-42.1417
BLOCK14/SES141/SA141S29	SES127	0.98407	-40.4397	-41.4238
BLOCK14/SES141/SA141S29	SES142	0.884605	-40.5392	-41.4238
BLOCK14/SES141/SA141S29	SES144	0.0302849	-41.3935	-41.4238
BLOCK14/SES141/SA141S29	SES180	1.00178	-40.422	-41.4238
BLOCK15/SES157/SA157S08	SES083	-0.671967	-41.862	-41.1901
BLOCK15/SES157/SA157S08	SES127	-0.631847	-41.8219	-41.1901
BLOCK15/SES157/SA157S08	SES148	-0.0761223	-41.2662	-41.1901
BLOCK15/SES157/SA157S08	SES292	-0.422573	-41.6127	-41.1901
BLOCK15/SES157/SA157S11	SES083	-0.709625	-42.2075	-41.4978
BLOCK15/SES157/SA157S11	SES127	-0.927452	-42.4253	-41.4978
BLOCK15/SES157/SA157S11	SES148	-0.640648	-42.1385	-41.4978
BLOCK15/SES157/SA157S11	SES292	-0.774403	-42.2722	-41.4978
BLOCK15/SES157/SA157S21	SES127	-0.636772	-41.7044	-41.0676
BLOCK15/SES157/SA157S21	SES148	-0.236633	-41.3042	-41.0676
BLOCK15/SES157/SA157S21	SES158	-2.3214	-43.389	-41.0676
BLOCK15/SES157/SA157S21	SES292	-0.00636292	-41.074	-41.0676
BLOCK15/SES157/SA157S24	SES127	-0.614082	-41.7469	-41.1328
BLOCK15/SES157/SA157S24	SES148	-0.117916	-41.2507	-41.1328
BLOCK15/SES157/SA157S24	SES183	-0.149242	-41.282	-41.1328
BLOCK15/SES157/SA157S24	SES292	-0.26112	-41.3939	-41.1328
BLOCK15/SES157/SA157S26	SES007	0.635006	-40.7004	-41.3354
BLOCK15/SES157/SA157S26	SES127	0.552502	-40.7829	-41.3354
BLOCK15/SES157/SA157S26	SES147	-0.604198	-41.9396	-41.3354
BLOCK15/SES157/SA157S26	SES148	-0.176746	-41.5121	-41.3354
BLOCK16/SES161/SA161S10	SES007	-1.41972	-43.3342	-41.9145
BLOCK16/SES161/SA161S10	SES105	-0.960484	-42.8749	-41.9145
BLOCK16/SES161/SA161S10	SES158	-1.01364	-42.9281	-41.9145
BLOCK16/SES161/SA161S10	SES275	-1.12336	-43.0378	-41.9145
BLOCK16/SES161/SA161S12	SES007	-1.22909	-42.3464	-41.1173
BLOCK16/SES161/SA161S12	SES105	-1.17652	-42.2939	-41.1173
BLOCK16/SES161/SA161S12	SES158	-1.00647	-42.1238	-41.1173
BLOCK16/SES161/SA161S12	SES275	-1.03138	-42.1487	-41.1173
BLOCK16/SES161/SA161S20	SES007	-1.86484	-44.277	-42.4122
BLOCK16/SES161/SA161S20	SES105	-1.53436	-43.9465	-42.4122
BLOCK16/SES161/SA161S20	SES158	-1.1653	-43.5775	-42.4122
BLOCK16/SES161/SA161S20	SES275	-1.59031	-44.0025	-42.4122
BLOCK16/SES161/SA161S23	SES007	-1.51842	-43.0281	-41.5097
BLOCK16/SES161/SA161S23	SES105	-0.807529	-42.3172	-41.5097
BLOCK16/SES161/SA161S23	SES148	-1.27227	-42.782	-41.5097
BLOCK16/SES161/SA161S23	SES158	-0.889107	-42.3988	-41.5097
BLOCK16/SES161/SA161S28	SES007	-1.99315	-43.732	-41.7389
BLOCK16/SES161/SA161S28	SES105	-1.53001	-43.2689	-41.7389
BLOCK16/SES161/SA161S28	SES158	-0.716278	-42.4552	-41.7389
BLOCK16/SES161/SA161S28	SES206	-0.534832	-42.2737	-41.7389
BLOCK16/SES164/SA164S11	SES104	-0.749493	-41.3697	-40.6202
BLOCK16/SES164/SA164S11	SES125	-0.38229	-41.0025	-40.6202
BLOCK16/SES164/SA164S11	SES158	0.317993	-40.3022	-40.6202
BLOCK16/SES164/SA164S11	SES206	-0.739403	-41.3596	-40.6202
BLOCK16/SES164/SA164S13	SES099	-0.105167	-41.9513	-41.8462
BLOCK16/SES164/SA164S13	SES104	-0.737671	-42.5838	-41.8462
BLOCK16/SES164/SA164S13	SES125	-1.26875	-43.1149	-41.8462
BLOCK16/SES164/SA164S13	SES206	-0.469238	-42.3154	-41.8462
BLOCK16/SES164/SA164S24	SES002	0.247986	-40.4853	-40.7333
BLOCK16/SES164/SA164S24	SES099	0.426418	-40.3068	-40.7333
BLOCK16/SES164/SA164S24	SES125	-0.741604	-41.4749	-40.7333
BLOCK16/SES164/SA164S24	SES226	0.392303	-40.341	-40.7333
BLOCK16/SES164/SA164S27	SES087	-1.10213	-43.0158	-41.9136
BLOCK16/SES164/SA164S27	SES125	-0.73391	-42.6475	-41.9136
BLOCK16/SES164/SA164S27	SES206	-0.536816	-42.4505	-41.9136
BLOCK16/SES164/SA164S27	SES226	-0.512989	-42.4266	-41.9136
BLOCK16/SES164/SA164S29	SES002	0.224262	-40.8113	-41.0355
BLOCK16/SES164/SA164S29	SES019	-0.621716	-41.6572	-41.0355
BLOCK16/SES164/SA164S29	SES125	-0.032444	-41.068	-41.0355
BLOCK16/SES164/SA164S29	SES226	-0.530018	-41.5655	-41.0355
BLOCK16/SES169/SA169S13	SES117	-0.64893	-42.1455	-41.4966
BLOCK16/SES169/SA169S13	SES144	-0.278416	-41.775	-41.4966
BLOCK16/SES169/SA169S13	SES146	-0.322319	-41.8189	-41.4966
BLOCK16/SES169/SA169S13	SES162	-0.874363	-42.371	-41.4966
BLOCK16/SES169/SA169S14	SES144	0.0343246	-40.4926	-40.5269
BLOCK16/SES169/SA169S14	SES148	-0.434593	-40.9615	-40.5269
BLOCK16/SES169/SA169S14	SES177	-0.0894394	-40.6163	-40.5269
BLOCK16/SES169/SA169S14	SES180	-0.77578	-41.3027	-40.5269
BLOCK16/SES169/SA169S24	SES117	-0.0919533	-42.2416	-42.1497
BLOCK16/SES169/SA169S24	SES144	0.124657	-42.025	-42.1497
BLOCK16/SES169/SA169S24	SES146	-0.0284004	-42.1781	-42.1497
BLOCK16/SES169/SA169S24	SES162	-0.29467	-42.4443	-42.1497
BLOCK16/SES169/SA169S27	SES127	-0.122852	-41.3771	-41.2543
BLOCK16/SES169/SA169S27	SES129	-0.0547333	-41.309	-41.2543
BLOCK16/SES169/SA169S27	SES144	0.0227432	-41.2315	-41.2543
BLOCK16/SES169/SA169S27	SES146	0.602055	-40.6522	-41.2543
BLOCK16/SES169/SA169S29	SES144	0.41032	-40.5889	-40.9992
BLOCK16/SES169/SA169S29	SES162	-0.505756	-41.5049	-40.9992
BLOCK16/SES169/SA169S29	SES177	-0.973957	-41.9731	-40.9992
BLOCK16/SES169/SA169S29	SES180	-0.692242	-41.6914	-40.9992
BLOCK17/SES171/SA171S12	SES083	-0.478199	-42.3155	-41.8373
BLOCK17/SES171/SA171S12	SES148	-0.565113	-42.4024	-41.8373
BLOCK17/SES171/SA171S12	SES172	-0.314434	-42.1517	-41.8373
BLOCK17/SES171/SA171S12	SES292	-1.04548	-42.8828	-41.8373
BLOCK17/SES171/SA171S15	SES148	-0.5289	-42.8299	-42.301
BLOCK17/SES171/SA171S15	SES177	-0.315342	-42.6163	-42.301
BLOCK17/SES171/SA171S15	SES180	-1.67976	-43.9807	-42.301
BLOCK17/SES171/SA171S15	SES292	-2.08059	-44.3816	-42.301
BLOCK17/SES171/SA171S22	SES007	-0.575287	-41.9438	-41.3685
BLOCK17/SES171/SA171S22	SES148	-0.55183	-41.9203	-41.3685
BLOCK17/SES171/SA171S22	SES177	0.0677605	-41.3007	-41.3685
BLOCK17/SES171/SA171S22	SES180	-1.47771	-42.8462	-41.3685
BLOCK17/SES171/SA171S25	SES101	-1.5858	-44.0764	-42.4906
BLOCK17/SES171/SA171S25	SES120	-1.19553	-43.6861	-42.4906
BLOCK17/SES171/SA171S25	SES177	-0.0353813	-42.526	-42.4906
BLOCK17/SES171/SA171S25	SES180	-1.23679	-43.7274	-42.4906
BLOCK17/SES171/SA171S27	SES177	0.240852	-41.5775	-41.8184
BLOCK17/SES171/SA171S27	SES180	-0.870258	-42.6886	-41.8184
BLOCK17/SES171/SA171S27	SES189	0.0498009	-41.7686	-41.8184
BLOCK17/SES171/SA171S27	SES292	-1.35628	-43.1746	-41.8184
BLOCK17/SES173/SA173S13	SES162	-0.191654	-42.9326	-42.7409
BLOCK17/SES173/SA173S13	SES177	-0.344799	-43.0857	-42.7409
BLOCK17/SES173/SA173S13	SES180	-1.3696	-44.1105	-42.7409
BLOCK17/SES173/SA173S13	SES292	-0.781425	-43.5223	-42.7409
BLOCK17/SES173/SA173S14	SES007	-1.12993	-44.0043	-42.8743
BLOCK17/SES173/SA173S14	SES162	0.0870552	-42.7873	-42.8743
BLOCK17/SES173/SA173S14	SES177	-0.179359	-43.0537	-42.8743
BLOCK17/SES173/SA173S14	SES180	-1.5497	-44.424	-42.8743
BLOCK17/SES173/SA173S24	SES144	-0.145538	-43.5961	-43.4506
BLOCK17/SES173/SA173S24	SES162	-0.245319	-43.6959	-43.4506
BLOCK17/SES173/SA173S24	SES177	-0.0622787	-43.5129	-43.4506
BLOCK17/SES173/SA173S24	SES180	-1.43992	-44.8905	-43.4506
BLOCK17/SES173/SA173S27	SES162	-0.962685	-43.3268	-42.3641
BLOCK17/SES173/SA173S27	SES177	-0.300922	-42.6651	-42.3641
BLOCK17/SES173/SA173S27	SES180	-0.996914	-43.3611	-42.3641
BLOCK17/SES173/SA173S27	SES292	-1.86517	-44.2293	-42.3641
BLOCK17/SES173/SA173S29	SES162	0.205936	-42.7536	-42.9596
BLOCK17/SES173/SA173S29	SES175	0.117561	-42.842	-42.9596
BLOCK17/SES173/SA173S29	SES177	-0.023037	-42.9826	-42.9596
BLOCK17/SES173/SA173S29	SES292	-1.53203	-44.4916	-42.9596
BLOCK18/SES182/SA182S10	SES144	-0.342457	-41.8766	-41.5342
BLOCK18/SES182/SA182S10	SES177	-0.413048	-41.9472	-41.5342
BLOCK18/SES182/SA182S10	SES180	-1.49657	-43.0308	-41.5342
BLOCK18/SES182/SA182S10	SES275	-0.376923	-41.9111	-41.5342
BLOCK18/SES182/SA182S12	SES144	0.0866241	-41.0844	-41.1711
BLOCK18/SES182/SA182S12	SES177	-0.0654945	-41.2366	-41.1711
BLOCK18/SES182/SA182S12	SES180	-0.41515	-41.5862	-41.1711
BLOCK18/SES182/SA182S12	SES275	-0.47662	-41.6477	-41.1711
BLOCK18/SES182/SA182S21	SES117	0.0707169	-42.2005	-42.2712
BLOCK18/SES182/SA182S21	SES144	0.146839	-42.1244	-42.2712
BLOCK18/SES182/SA182S21	SES162	0.375904	-41.8953	-42.2712
BLOCK18/SES182/SA182S21	SES180	-0.0907745	-42.362	-42.2712
BLOCK18/SES182/SA182S23	SES117	-0.816772	-42.1971	-41.3803
BLOCK18/SES182/SA182S23	SES144	-0.508713	-41.889	-41.3803
BLOCK18/SES182/SA182S23	SES180	-1.05323	-42.4335	-41.3803
BLOCK18/SES182/SA182S23	SES275	-0.8242	-42.2045	-41.3803
BLOCK18/SES182/SA182S25	SES007	0.367268	-41.6378	-42.0051
BLOCK18/SES182/SA182S25	SES162	0.59724	-41.4079	-42.0051
BLOCK18/SES182/SA182S25	SES177	0.060463	-41.9446	-42.0051
BLOCK18/SES182/SA182S25	SES180	-0.0693855	-42.0745	-42.0051
BLOCK18/SES184/SA184S12	SES177	0.26762	-41.7514	-42.019
BLOCK18/SES184/SA184S12	SES180	0.166286	-41.8527	-42.019
BLOCK18/SES184/SA184S12	SES189	-1.05522	-43.0742	-42.019
BLOCK18/SES184/SA184S12	SES292	-0.539097	-42.5581	-42.019
BLOCK18/SES184/SA184S13	SES101	-0.303127	-41.7745	-41.4714
BLOCK18/SES184/SA184S13	SES177	0.0172653	-41.4541	-41.4714
BLOCK18/SES184/SA184S13	SES180	-0.095089	-41.5665	-41.4714
BLOCK18/SES184/SA184S13	SES292	-0.00146484	-41.4729	-41.4714
BLOCK18/SES184/SA184S22	SES177	-0.0438805	-41.2771	-41.2332
BLOCK18/SES184/SA184S22	SES180	0.172722	-41.0604	-41.2332
BLOCK18/SES184/SA184S22	SES189	-1.43884	-42.672	-41.2332
BLOCK18/SES184/SA184S22	SES292	-0.465298	-41.6985	-41.2332
BLOCK18/SES184/SA184S25	SES101	0.272381	-40.4717	-40.7441
BLOCK18/SES184/SA184S25	SES177	-0.0250702	-40.7691	-40.7441
BLOCK18/SES184/SA184S25	SES180	0.216209	-40.5279	-40.7441
BLOCK18/SES184/SA184S25	SES292	0.510757	-40.2333	-40.7441
BLOCK18/SES184/SA184S27	SES083	-0.159603	-41.1158	-40.9562
BLOCK18/SES184/SA184S27	SES177	-0.238941	-41.1952	-40.9562
BLOCK18/SES184/SA184S27	SES202	-1.13708	-42.0933	-40.9562
BLOCK18/SES184/SA184S27	SES292	-0.300453	-41.2567	-40.9562
BLOCK20/SES204/SA204S12	SES062	-1.46995	-41.811	-40.341
BLOCK20/SES204/SA204S12	SES083	-1.73855	-42.0796	-40.341
BLOCK20/SES204/SA204S12	SES206	-0.249756	-40.5908	-40.341
BLOCK20/SES204/SA204S12	SES226	-1.05709	-41.3981	-40.341
BLOCK20/SES204/SA204S14	SES068	-1.70827	-41.3379	-39.6297
BLOCK20/SES204/SA204S14	SES087	-0.0784492	-39.7081	-39.6297
BLOCK20/SES204/SA204S14	SES206	-0.811718	-40.4414	-39.6297
BLOCK20/SES204/SA204S14	SES226	-0.928093	-40.5577	-39.6297
BLOCK20/SES204/SA204S22	SES068	-1.9735	-42.6205	-40.647
BLOCK20/SES204/SA204S22	SES082	-1.54641	-42.1934	-40.647
BLOCK20/SES204/SA204S22	SES083	-2.03012	-42.6771	-40.647
BLOCK20/SES204/SA204S22	SES206	-0.506596	-41.1536	-40.647
BLOCK20/SES204/SA204S25	SES062	-2.0906	-42.5216	-40.431
BLOCK20/SES204/SA204S25	SES083	-2.2082	-42.6392	-40.431
BLOCK20/SES204/SA204S25	SES206	-0.333279	-40.7643	-40.431
BLOCK20/SES204/SA204S25	SES226	-1.12115	-41.5522	-40.431
BLOCK20/SES204/SA204S27	SES068	-2.38162	-43.1567	-40.775
BLOCK20/SES204/SA204S27	SES082	-1.28349	-42.0585	-40.775
BLOCK20/SES204/SA204S27	SES087	-0.549053	-41.3241	-40.775
BLOCK20/SES204/SA204S27	SES206	-0.400265	-41.1753	-40.775
BLOCK20/SES207/SA207S10	SES127	-0.15258	-41.9496	-41.797
BLOCK20/SES207/SA207S10	SES183	-0.610016	-42.407	-41.797
BLOCK20/SES207/SA207S10	SES189	-0.192394	-41.9894	-41.797
BLOCK20/SES207/SA207S10	SES292	-0.591934	-42.3889	-41.797
BLOCK20/SES207/SA207S11	SES127	-1.21016	-42.5348	-41.3247
BLOCK20/SES207/SA207S11	SES183	-0.606991	-41.9316	-41.3247
BLOCK20/SES207/SA207S11	SES187	-0.432007	-41.7567	-41.3247
BLOCK20/SES207/SA207S11	SES292	-0.805981	-42.1306	-41.3247
BLOCK20/SES207/SA207S25	SES068	-0.208336	-41.8703	-41.662
BLOCK20/SES207/SA207S25	SES083	-0.712227	-42.3742	-41.662
BLOCK20/SES207/SA207S25	SES127	0.131512	-41.5305	-41.662
BLOCK20/SES207/SA207S25	SES187	0.437035	-41.225	-41.662
BLOCK20/SES207/SA207S27	SES127	-0.293339	-42.5871	-42.2937
BLOCK20/SES207/SA207S27	SES183	0.436882	-41.8569	-42.2937
BLOCK20/SES207/SA207S27	SES187	0.0169029	-42.2768	-42.2937
BLOCK20/SES207/SA207S27	SES292	-0.811928	-43.1057	-42.2937
BLOCK20/SES207/SA207S29	SES083	-0.758373	-42.2689	-41.5105
BLOCK20/SES207/SA207S29	SES085	-0.0104408	-41.5209	-41.5105
BLOCK20/SES207/SA207S29	SES172	-0.693134	-42.2036	-41.5105
BLOCK20/SES207/SA207S29	SES189	-0.591038	-42.1015	-41.5105
BLOCK22/SES221/SA221S12	SES068	-0.524895	-42.1252	-41.6003
BLOCK22/SES221/SA221S12	SES143	-0.487141	-42.0875	-41.6003
BLOCK22/SES221/SA221S12	SES175	0.198036	-41.4023	-41.6003
BLOCK22/SES221/SA221S12	SES202	0.76165	-40.8387	-41.6003
BLOCK22/SES221/SA221S15	SES085	-0.675549	-43.3475	-42.6719
BLOCK22/SES221/SA221S15	SES143	-0.906284	-43.5782	-42.6719
BLOCK22/SES221/SA221S15	SES175	-0.178688	-42.8506	-42.6719
BLOCK22/SES221/SA221S15	SES187	0.0853539	-42.5866	-42.6719
BLOCK22/SES221/SA221S23	SES068	-0.36414	-42.4059	-42.0417
BLOCK22/SES221/SA221S23	SES143	-0.788006	-42.8298	-42.0417
BLOCK22/SES221/SA221S23	SES175	0.564125	-41.4776	-42.0417
BLOCK22/SES221/SA221S23	SES189	0.608231	-41.4335	-42.0417
BLOCK22/SES221/SA221S27	SES085	-1.34063	-43.4977	-42.157
BLOCK22/SES221/SA221S27	SES143	-0.105179	-42.2622	-42.157
BLOCK22/SES221/SA221S27	SES175	0.139534	-42.0175	-42.157
BLOCK22/SES221/SA221S27	SES189	1.30909	-40.8479	-42.157
BLOCK22/SES221/SA221S29	SES085	-0.76696	-43.6412	-42.8743
BLOCK22/SES221/SA221S29	SES143	0.0248604	-42.8494	-42.8743
BLOCK22/SES221/SA221S29	SES175	0.563583	-42.3107	-42.8743
BLOCK22/SES221/SA221S29	SES187	1.09706	-41.7772	-42.8743
BLOCK22/SES223/SA223S11	SES143	-0.173328	-42.7199	-42.5465
BLOCK22/SES223/SA223S11	SES144	-0.815712	-43.3622	-42.5465
BLOCK22/SES223/SA223S11	SES175	0.459995	-42.0865	-42.5465
BLOCK22/SES223/SA223S11	SES187	0.332951	-42.2136	-42.5465
BLOCK22/SES223/SA223S13	SES068	-0.035881	-43.2206	-43.1848
BLOCK22/SES223/SA223S13	SES143	-0.276562	-43.4613	-43.1848
BLOCK22/SES223/SA223S13	SES146	-0.958221	-44.143	-43.1848
BLOCK22/SES223/SA223S13	SES202	0.258526	-42.9262	-43.1848
BLOCK22/SES223/SA223S22	SES143	-0.455132	-42.8775	-42.4223
BLOCK22/SES223/SA223S22	SES144	-0.448109	-42.8704	-42.4223
BLOCK22/SES223/SA223S22	SES175	-0.0376701	-42.46	-42.4223
BLOCK22/SES223/SA223S22	SES187	0.327446	-42.0949	-42.4223
BLOCK22/SES223/SA223S25	SES068	-0.0596428	-42.4919	-42.4322
BLOCK22/SES223/SA223S25	SES143	-0.565254	-42.9975	-42.4322
BLOCK22/SES223/SA223S25	SES175	0.151764	-42.2804	-42.4322
BLOCK22/SES223/SA223S25	SES187	0.0951004	-42.3371	-42.4322
BLOCK22/SES223/SA223S27	SES143	-0.510639	-43.2517	-42.7411
BLOCK22/SES223/SA223S27	SES146	-0.473381	-43.2145	-42.7411
BLOCK22/SES223/SA223S27	SES187	0.0169868	-42.7241	-42.7411
BLOCK22/SES223/SA223S27	SES292	-1.36692	-44.108	-42.7411
BLOCK27/SES273/SA273S12	SES099	0.225246	-39.1795	-39.4048
BLOCK27/SES273/SA273S12	SES104	0.273518	-39.1312	-39.4048
BLOCK27/SES273/SA273S12	SES125	0.00394821	-39.4008	-39.4048
BLOCK27/SES273/SA273S12	SES206	0.261616	-39.1432	-39.4048
BLOCK27/SES273/SA273S13	SES099	0.0582848	-39.6078	-39.6661
BLOCK27/SES273/SA273S13	SES104	0.15411	-39.512	-39.6661
BLOCK27/SES273/SA273S13	SES206	0.0646095	-39.6015	-39.6661
BLOCK27/SES273/SA273S13	SES292	-1.69034	-41.3564	-39.6661
BLOCK27/SES273/SA273S21	SES099	0.371853	-39.7803	-40.1522
BLOCK27/SES273/SA273S21	SES148	-2.64226	-42.7944	-40.1522
BLOCK27/SES273/SA273S21	SES149	-0.630474	-40.7826	-40.1522
BLOCK27/SES273/SA273S21	SES177	-2.82806	-42.9802	-40.1522
BLOCK27/SES273/SA273S25	SES104	0.240005	-39.6456	-39.8857
BLOCK27/SES273/SA273S25	SES125	-0.114265	-39.9999	-39.8857
BLOCK27/SES273/SA273S25	SES158	0.457649	-39.428	-39.8857
BLOCK27/SES273/SA273S25	SES206	0.494892	-39.3908	-39.8857
BLOCK27/SES273/SA273S27	SES099	0.0881157	-39.5625	-39.6506
BLOCK27/SES273/SA273S27	SES104	-0.429256	-40.0799	-39.6506
BLOCK27/SES273/SA273S27	SES149	-0.319733	-39.9704	-39.6506
BLOCK27/SES273/SA273S27	SES275	-1.07191	-40.7226	-39.6506
BLOCK27/SES274/SA274S10	SES105	-1.57705	-41.7592	-40.1821
BLOCK27/SES274/SA274S10	SES125	-0.250847	-40.433	-40.1821
BLOCK27/SES274/SA274S10	SES129	-1.21898	-41.4011	-40.1821
BLOCK27/SES274/SA274S10	SES158	-0.940273	-41.1224	-40.1821
BLOCK27/SES274/SA274S11	SES105	-1.63027	-41.4155	-39.7852
BLOCK27/SES274/SA274S11	SES149	-0.726212	-40.5114	-39.7852
BLOCK27/SES274/SA274S11	SES158	-0.444187	-40.2294	-39.7852
BLOCK27/SES274/SA274S11	SES275	-1.18549	-40.9707	-39.7852
BLOCK27/SES274/SA274S21	SES105	-1.52658	-41.8336	-40.307
BLOCK27/SES274/SA274S21	SES129	-1.36077	-41.6678	-40.307
BLOCK27/SES274/SA274S21	SES149	-0.916523	-41.2235	-40.307
BLOCK27/SES274/SA274S21	SES158	-1.81631	-42.1233	-40.307
BLOCK27/SES274/SA274S24	SES105	-1.40997	-41.6862	-40.2763
BLOCK27/SES274/SA274S24	SES129	-1.67897	-41.9552	-40.2763
BLOCK27/SES274/SA274S24	SES149	-0.973835	-41.2501	-40.2763
BLOCK27/SES274/SA274S24	SES158	-1.14048	-41.4167	-40.2763
BLOCK27/SES274/SA274S29	SES105	-1.42982	-41.5231	-40.0933
BLOCK27/SES274/SA274S29	SES106	-0.781071	-40.8744	-40.0933
BLOCK27/SES274/SA274S29	SES120	-1.58576	-41.679	-40.0933
BLOCK27/SES274/SA274S29	SES275	-1.0962	-41.1895	-40.0933
BLOCK27/SES276/SA276S16	SES148	-0.43718	-41.4679	-41.0308
BLOCK27/SES276/SA276S16	SES172	-0.543674	-41.5744	-41.0308
BLOCK27/SES276/SA276S16	SES180	-1.42971	-42.4605	-41.0308
BLOCK27/SES276/SA276S16	SES292	0.250961	-40.7798	-41.0308
BLOCK27/SES276/SA276S17	SES101	-0.656479	-41.9308	-41.2743
BLOCK27/SES276/SA276S17	SES177	-0.510952	-41.7853	-41.2743
BLOCK27/SES276/SA276S17	SES180	-0.898182	-42.1725	-41.2743
BLOCK27/SES276/SA276S17	SES292	-0.543491	-41.8178	-41.2743
BLOCK27/SES276/SA276S24	SES101	0.137985	-40.5145	-40.6525
BLOCK27/SES276/SA276S24	SES177	-0.11364	-40.7661	-40.6525
BLOCK27/SES276/SA276S24	SES180	-0.474506	-41.127	-40.6525
BLOCK27/SES276/SA276S24	SES292	-0.287533	-40.94	-40.6525
BLOCK27/SES276/SA276S26	SES101	-1.00401	-42.5487	-41.5447
BLOCK27/SES276/SA276S26	SES177	-0.130276	-41.675	-41.5447
BLOCK27/SES276/SA276S26	SES180	0.0708389	-41.4739	-41.5447
BLOCK27/SES276/SA276S26	SES292	-0.00801849	-41.5527	-41.5447
BLOCK27/SES276/SA276S28	SES101	-0.182076	-41.472	-41.29
BLOCK27/SES276/SA276S28	SES177	-0.157238	-41.4472	-41.29
BLOCK27/SES276/SA276S28	SES180	-0.204815	-41.4948	-41.29
BLOCK27/SES276/SA276S28	SES292	-0.140362	-41.4303	-41.29
BLOCK27/SES277/SA277S12	SES101	0.0870247	-41.885	-41.972
BLOCK27/SES277/SA277S12	SES177	-0.493786	-42.4658	-41.972
BLOCK27/SES277/SA277S12	SES180	-0.625946	-42.598	-41.972
BLOCK27/SES277/SA277S12	SES292	-0.915295	-42.8873	-41.972
BLOCK27/SES277/SA277S14	SES177	0.466351	-42.0389	-42.5053
BLOCK27/SES277/SA277S14	SES180	-0.57148	-43.0767	-42.5053
BLOCK27/SES277/SA277S14	SES189	0.142391	-42.3629	-42.5053
BLOCK27/SES277/SA277S14	SES292	-1.40191	-43.9072	-42.5053
BLOCK27/SES277/SA277S21	SES177	-0.0903778	-41.4902	-41.3998
BLOCK27/SES277/SA277S21	SES180	-0.982121	-42.3819	-41.3998
BLOCK27/SES277/SA277S21	SES189	-0.43528	-41.8351	-41.3998
BLOCK27/SES277/SA277S21	SES292	-1.10722	-42.507	-41.3998
BLOCK27/SES277/SA277S24	SES144	-0.372864	-42.9196	-42.5468
BLOCK27/SES277/SA277S24	SES177	0.306671	-42.2401	-42.5468
BLOCK27/SES277/SA277S24	SES180	-0.0555229	-42.6023	-42.5468
BLOCK27/SES277/SA277S24	SES189	-0.0425072	-42.5893	-42.5468
BLOCK27/SES277/SA277S29	SES177	0.245331	-40.6564	-40.9017
BLOCK27/SES277/SA277S29	SES180	-0.458725	-41.3605	-40.9017
BLOCK27/SES277/SA277S29	SES202	-0.0379181	-40.9397	-40.9017
BLOCK27/SES277/SA277S29	SES292	-0.618374	-41.5201	-40.9017
BLOCK27/SES279/SA279S09	SES120	-0.85503	-41.2939	-40.4389
BLOCK27/SES279/SA279S09	SES146	-0.897022	-41.3359	-40.4389
BLOCK27/SES279/SA279S09	SES206	-0.617447	-41.0563	-40.4389
BLOCK27/SES279/SA279S09	SES226	-1.00504	-41.4439	-40.4389
BLOCK27/SES279/SA279S10	SES099	-0.408211	-40.6485	-40.2402
BLOCK27/SES279/SA279S10	SES206	-0.757553	-40.9978	-40.2402
BLOCK27/SES279/SA279S10	SES226	-0.712334	-40.9526	-40.2402
BLOCK27/SES279/SA279S10	SES292	-0.733925	-40.9742	-40.2402
BLOCK27/SES279/SA279S20	SES099	-0.607559	-41.2617	-40.6541
BLOCK27/SES279/SA279S20	SES206	-0.368244	-41.0224	-40.6541
BLOCK27/SES279/SA279S20	SES226	-0.904346	-41.5585	-40.6541
BLOCK27/SES279/SA279S20	SES292	-0.392666	-41.0468	-40.6541
BLOCK27/SES279/SA279S26	SES099	-0.625088	-40.9455	-40.3204
BLOCK27/SES279/SA279S26	SES206	-0.288025	-40.6084	-40.3204
BLOCK27/SES279/SA279S26	SES226	-0.639816	-40.9602	-40.3204
BLOCK27/SES279/SA279S26	SES292	-0.839115	-41.1595	-40.3204
BLOCK27/SES279/SA279S28	SES099	-0.576099	-40.2859	-39.7098
BLOCK27/SES279/SA279S28	SES120	-1.17572	-40.8855	-39.7098
BLOCK27/SES279/SA279S28	SES177	-2.00433	-41.7141	-39.7098
BLOCK27/SES279/SA279S28	SES206	-0.849197	-40.559	-39.7098
BLOCK29/SES290/SA290S12	SES162	0.0726471	-41.1192	-41.1919
BLOCK29/SES290/SA290S12	SES177	0.188679	-41.0032	-41.1919
BLOCK29/SES290/SA290S12	SES180	-0.792892	-41.9847	-41.1919
BLOCK29/SES290/SA290S12	SES292	-1.76643	-42.9583	-41.1919
BLOCK29/SES290/SA290S13	SES007	-1.19715	-43.1311	-41.9339
BLOCK29/SES290/SA290S13	SES162	-0.88588	-42.8198	-41.9339
BLOCK29/SES290/SA290S13	SES177	0.115627	-41.8183	-41.9339
BLOCK29/SES290/SA290S13	SES180	-0.224216	-42.1581	-41.9339
BLOCK29/SES290/SA290S22	SES177	0.48048	-40.9388	-41.4193
BLOCK29/SES290/SA290S22	SES180	0.192631	-41.2267	-41.4193
BLOCK29/SES290/SA290S22	SES202	0.0909004	-41.3284	-41.4193
BLOCK29/SES290/SA290S22	SES292	-1.04726	-42.4666	-41.4193
BLOCK29/SES290/SA290S25	SES162	-0.146545	-40.9993	-40.8527
BLOCK29/SES290/SA290S25	SES177	0.0234261	-40.8293	-40.8527
BLOCK29/SES290/SA290S25	SES180	-0.210457	-41.0632	-40.8527
BLOCK29/SES290/SA290S25	SES292	-1.1758	-42.0285	-40.8527
BLOCK29/SES290/SA290S29	SES177	0.431049	-40.4137	-40.8448
BLOCK29/SES290/SA290S29	SES180	0.320747	-40.524	-40.8448
BLOCK29/SES290/SA290S29	SES275	-0.854759	-41.6995	-40.8448
BLOCK29/SES290/SA290S29	SES292	-0.670982	-41.5158	-40.8448
BLOCK29/SES291/SA291S11	SES105	-2.1613	-43.1019	-40.9406
BLOCK29/SES291/SA291S11	SES125	-0.232494	-41.1731	-40.9406
BLOCK29/SES291/SA291S11	SES158	-0.48447	-41.4251	-40.9406
BLOCK29/SES291/SA291S11	SES275	-2.63189	-43.5725	-40.9406
BLOCK29/SES291/SA291S12	SES158	0.0299339	-40.0827	-40.1127
BLOCK29/SES291/SA291S12	SES226	-0.486828	-40.5995	-40.1127
BLOCK29/SES291/SA291S12	SES270	0.487404	-39.6253	-40.1127
BLOCK29/SES291/SA291S12	SES275	-2.49551	-42.6082	-40.1127
BLOCK29/SES291/SA291S22	SES082	-0.292892	-40.5324	-40.2395
BLOCK29/SES291/SA291S22	SES158	-0.33234	-40.5718	-40.2395
BLOCK29/SES291/SA291S22	SES259	-0.508877	-40.7484	-40.2395
BLOCK29/SES291/SA291S22	SES275	-2.14936	-42.3889	-40.2395
BLOCK29/SES291/SA291S24	SES104	0.249981	-39.432	-39.682
BLOCK29/SES291/SA291S24	SES125	0.309673	-39.3723	-39.682
BLOCK29/SES291/SA291S24	SES158	-0.274979	-39.957	-39.682
BLOCK29/SES291/SA291S24	SES275	-2.48119	-42.1632	-39.682
BLOCK29/SES291/SA291S27	SES158	0.324894	-39.7183	-40.0432
BLOCK29/SES291/SA291S27	SES172	-2.98002	-43.0233	-40.0432
BLOCK29/SES291/SA291S27	SES275	-2.90314	-42.9464	-40.0432
BLOCK29/SES291/SA291S27	SES292	-2.09562	-42.1389	-40.0432
