BLOCK00/SES002/SA002S12	SES002	0.652451	1.8036	1.15115
BLOCK00/SES002/SA002S13	SES002	1.40468	1.90081	0.496127
BLOCK00/SES002/SA002S23	SES002	0.719755	1.80665	1.08689
BLOCK00/SES002/SA002S26	SES002	0.826967	1.83019	1.00322
BLOCK00/SES002/SA002S28	SES002	0.711669	1.17945	0.467786
BLOCK00/SES007/SA007S14	SES007	1.43658	3.22368	1.7871
BLOCK00/SES007/SA007S15	SES007	0.489239	2.05307	1.56383
BLOCK00/SES007/SA007S24	SES007	0.774311	1.95877	1.18446
BLOCK00/SES007/SA007S27	SES007	0.754487	1.5209	0.766409
BLOCK00/SES007/SA007S29	SES007	0.317073	2.23264	1.91557
BLOCK00/SES008/SA008S11	SES008	1.37875	2.85996	1.48121
BLOCK00/SES008/SA008S12	SES008	0.806481	2.14648	1.34
BLOCK00/SES008/SA008S19	SES008	1.37888	3.30991	1.93103
BLOCK00/SES008/SA008S22	SES008	0.867812	1.27884	0.411032
BLOCK00/SES008/SA008S29	SES008	1.48354	2.97307	1.48953
BLOCK01/SES014/SA014S10	SES014	1.64716	2.80119	1.15403
BLOCK01/SES014/SA014S12	SES014	1.7428	3.94145	2.19864
BLOCK01/SES014/SA014S24	SES014	0.638384	2.07708	1.4387
BLOCK01/SES014/SA014S26	SES014	1.49189	3.97161	2.47972
BLOCK01/SES014/SA014S28	SES014	2.50109	4.64849	2.14739
BLOCK01/SES016/SA016S12	SES016	1.24645	1.25602	0.0095718
BLOCK01/SES016/SA016S13	SES016	1.76912	3.27556	1.50644
BLOCK01/SES016/SA016S22	SES016	1.70493	3.08853	1.38359
BLOCK01/SES016/SA016S25	SES016	1.32225	3.62535	2.3031
BLOCK01/SES016/SA016S27	SES016	1.88448	3.83939	1.95491
BLOCK01/SES019/SA019S13	SES019	2.61551	1.93944	-0.676073
BLOCK01/SES019/SA019S14	SES019	1.83798	1.40462	-0.433357
BLOCK01/SES019/SA019S22	SES019	2.2003	2.2229	0.0226
BLOCK01/SES019/SA019S25	SES019	2.44958	2.17762	-0.27196
BLOCK01/SES019/SA019S29	SES019	3.2296	2.09863	-1.13098
BLOCK02/SES029/SA029S11	SES029	1.30789	3.6086	2.30071
BLOCK02/SES029/SA029S12	SES029	0.6012	2.88642	2.28523
BLOCK02/SES029/SA029S20	SES029	0.945675	3.13487	2.18919
BLOCK02/SES029/SA029S25	SES029	0.488427	2.82316	2.33474
BLOCK02/SES029/SA029S28	SES029	0.537401	2.47412	1.93672
BLOCK04/SES042/SA042S12	SES042	1.51436	3.06548	1.55112
BLOCK04/SES042/SA042S15	SES042	2.15728	4.03443	1.87715
BLOCK04/SES042/SA042S22	SES042	2.10819	3.81786	1.70967
BLOCK04/SES042/SA042S25	SES042	1.04031	1.62865	0.588335
BLOCK04/SES042/SA042S27	SES042	1.74056	3.2427	1.50215
BLOCK04/SES048/SA048S11	SES048	0.784709	2.47648	1.69177
BLOCK04/SES048/SA048S12	SES048	0.169289	1.76416	1.59487
BLOCK04/SES048/SA048S20	SES048	0.146003	2.39175	2.24575
BLOCK04/SES048/SA048S23	SES048	0.896683	2.13543	1.23874
BLOCK04/SES048/SA048S27	SES048	0.546783	2.46267	1.91589
BLOCK06/SES060/SA060S11	SES060	1.50985	3.63493	2.12508
BLOCK06/SES060/SA060S12	SES060	0.73362	3.02454	2.29092
BLOCK06/SES060/SA060S22	SES060	-0.167096	1.29688	1.46398
BLOCK06/SES060/SA060S24	SES060	1.1305	3.38609	2.25559
BLOCK06/SES060/SA060S28	SES060	1.15076	4.45502	3.30426
BLOCK06/SES062/SA062S10	SES062	0.264175	2.36232	2.09815
BLOCK06/SES062/SA062S11	SES062	0.419327	2.00287	1.58354
BLOCK06/SES062/SA062S21	SES062	1.41109	4.18687	2.77578
BLOCK06/SES062/SA062S26	SES062	0.776542	3.23902	2.46248
BLOCK06/SES062/SA062S29	SES062	1.80077	4.25488	2.45411
BLOCK06/SES068/SA068S14	SES068	0.549511	2.58341	2.0339
BLOCK06/SES068/SA068S15	SES068	0.777859	2.52669	1.74883
BLOCK06/SES068/SA068S23	SES068	0.606827	1.94709	1.34026
BLOCK06/SES068/SA068S27	SES068	1.72198	3.66979	1.94781
BLOCK06/SES068/SA068S29	SES068	0.620072	2.63763	2.01755
BLOCK08/SES082/SA082S12	SES082	-0.248203	0.3542	0.602403
BLOCK08/SES082/SA082S14	SES082	-0.280035	0.392322	0.672357
BLOCK08/SES082/SA082S21	SES082	0.329512	1.1241	0.794592
BLOCK08/SES082/SA082S24	SES082	0.905636	2.02353	1.1179
BLOCK08/SES082/SA082S28	SES082	0.658613	1.30372	0.645109
BLOCK08/SES083/SA083S14	SES083	-0.0980725	2.0626	2.16067
BLOCK08/SES083/SA083S15	SES083	0.451375	2.68916	2.23778
BLOCK08/SES083/SA083S24	SES083	0.454638	2.18389	1.72925
BLOCK08/SES083/SA083S26	SES083	0.549722	1.96058	1.41086
BLOCK08/SES083/SA083S29	SES083	0.0237625	2.17426	2.15049
BLOCK08/SES085/SA085S10	SES085	0.556531	2.86799	2.31146
BLOCK08/SES085/SA085S13	SES085	0.130442	1.95639	1.82595
BLOCK08/SES085/SA085S22	SES085	0.799434	3.11183	2.3124
BLOCK08/SES085/SA085S26	SES085	0.277972	2.59254	2.31456
BLOCK08/SES085/SA085S28	SES085	1.29108	3.04019	1.74911
BLOCK08/SES087/SA087S15	SES087	1.1596	1.72954	0.569944
BLOCK08/SES087/SA087S16	SES087	1.25949	1.89336	0.633876
BLOCK08/SES087/SA087S24	SES087	0.712178	1.67209	0.959909
BLOCK08/SES087/SA087S26	SES087	0.943926	2.86276	1.91884
BLOCK08/SES087/SA087S29	SES087	1.83794	2.67549	0.837553
BLOCK09/SES099/SA099S15	SES099	0.764326	1.46471	0.700382
BLOCK09/SES099/SA099S16	SES099	0.988149	1.63127	0.643117
BLOCK09/SES099/SA099S24	SES099	0.977221	1.94675	0.969525
BLOCK09/SES099/SA099S26	SES099	1.23692	1.88082	0.6439
BLOCK09/SES099/SA099S29	SES099	0.846361	2.06375	1.21739
BLOCK10/SES101/SA101S11	SES101	0.709668	2.37538	1.66571
BLOCK10/SES101/SA101S13	SES101	1.30837	3.38659	2.07822
BLOCK10/SES101/SA101S22	SES101	1.10996	2.29276	1.1828
BLOCK10/SES101/SA101S24	SES101	0.78004	2.02857	1.24853
BLOCK10/SES101/SA101S28	SES101	1.02004	2.79625	1.77621
BLOCK10/SES104/SA104S11	SES104	1.5837	2.86814	1.28445
BLOCK10/SES104/SA104S12	SES104	1.27118	2.55159	1.28041
BLOCK10/SES104/SA104S21	SES104	0.808849	1.60168	0.792836
BLOCK10/SES104/SA104S24	SES104	0.653583	1.46048	0.806892
BLOCK10/SES104/SA104S28	SES104	1.20285	2.32371	1.12086
BLOCK10/SES105/SA105S12	SES105	1.11704	1.20902	0.0919852
BLOCK10/SES105/SA105S13	SES105	1.14272	1.58423	0.441505
BLOCK10/SES105/SA105S22	SES105	0.752496	1.01551	0.263018
BLOCK10/SES105/SA105S26	SES105	1.23391	1.81783	0.583918
BLOCK10/SES105/SA105S29	SES105	1.34256	2.48238	1.13983
BLOCK10/SES106/SA106S09	SES106	1.40906	1.28614	-0.122923
BLOCK10/SES106/SA106S11	SES106	0.915089	1.88432	0.969231
BLOCK10/SES106/SA106S22	SES106	2.06882	2.05709	-0.0117339
BLOCK10/SES106/SA106S27	SES106	1.00158	1.49882	0.497237
BLOCK10/SES106/SA106S29	SES106	0.889232	1.62402	0.734788
BLOCK11/SES117/SA117S12	SES117	1.03994	2.27085	1.23091
BLOCK11/SES117/SA117S13	SES117	0.556765	2.07969	1.52292
BLOCK11/SES117/SA117S23	SES117	1.57861	1.99768	0.419071
BLOCK11/SES117/SA117S25	SES117	0.87841	0.927507	0.0490964
BLOCK11/SES117/SA117S28	SES117	1.10334	1.92651	0.823175
BLOCK12/SES120/SA120S08	SES120	0.796703	1.1951	0.398394
BLOCK12/SES120/SA120S11	SES120	0.199604	-0.324227	-0.523831
BLOCK12/SES120/SA120S22	SES120	0.0109333	1.49984	1.4889
BLOCK12/SES120/SA120S24	SES120	0.168648	1.09053	0.921878
BLOCK12/SES120/SA120S28	SES120	-0.255275	-0.432254	-0.176978
BLOCK12/SES125/SA125S13	SES125	1.55687	2.69266	1.13579
BLOCK12/SES125/SA125S14	SES125	0.811305	1.25945	0.448149
BLOCK12/SES125/SA125S25	SES125	1.16792	1.89493	0.727019
BLOCK12/SES125/SA125S27	SES125	1.15852	2.99432	1.8358
BLOCK12/SES125/SA125S29	SES125	1.22463	2.09956	0.874928
BLOCK12/SES127/SA127S11	SES127	0.966161	2.08457	1.11841
BLOCK12/SES127/SA127S12	SES127	0.184172	2.82937	2.6452
BLOCK12/SES127/SA127S23	SES127	0.517424	2.37831	1.86088
BLOCK12/SES127/SA127S25	SES127	0.797678	2.58577	1.78809
BLOCK12/SES127/SA127S27	SES127	0.775318	2.49328	1.71796
BLOCK12/SES129/SA129S11	SES129	1.59802	3.24831	1.6503
BLOCK12/SES129/SA129S12	SES129	1.24174	3.2574	2.01566
BLOCK12/SES129/SA129S22	SES129	0.78681	2.24442	1.45761
BLOCK12/SES129/SA129S27	SES129	1.15303	2.51437	1.36134
BLOCK12/SES129/SA129S29	SES129	0.82951	2.71495	1.88544
BLOCK14/SES142/SA142S11	SES142	1.57283	2.90166	1.32883
BLOCK14/SES142/SA142S12	SES142	0.959133	2.20517	1.24604
BLOCK14/SES142/SA142S24	SES142	1.22	3.07395	1.85395
BLOCK14/SES142/SA142S27	SES142	1.27734	2.83073	1.5534
BLOCK14/SES142/SA142S29	SES142	1.42846	3.2583	1.82984
BLOCK14/SES143/SA143S12	SES143	1.17742	2.41459	1.23718
BLOCK14/SES143/SA143S13	SES143	0.89702	1.69765	0.800629
BLOCK14/SES143/SA143S23	SES143	1.1155	2.28151	1.16601
BLOCK14/SES143/SA143S25	SES143	1.46657	3.01364	1.54708
BLOCK14/SES143/SA143S28	SES143	1.38859	2.80548	1.41689
BLOCK14/SES144/SA144S09	SES144	0.970823	2.27682	1.30599
BLOCK14/SES144/SA144S11	SES144	0.557844	1.98346	1.42561
BLOCK14/SES144/SA144S21	SES144	-0.0222064	0.9955	1.01771
BLOCK14/SES144/SA144S25	SES144	0.599542	1.84862	1.24907
BLOCK14/SES144/SA144S29	SES144	0.0544122	1.52921	1.47479
BLOCK14/SES146/SA146S14	SES146	0.879648	1.32028	0.440632
BLOCK14/SES146/SA146S15	SES146	0.499608	1.61905	1.11944
BLOCK14/SES146/SA146S24	SES146	1.35674	2.2404	0.883664
BLOCK14/SES146/SA146S26	SES146	1.1105	2.59197	1.48146
BLOCK14/SES146/SA146S29	SES146	0.342874	0.95784	0.614965
BLOCK14/SES147/SA147S11	SES147	1.34678	2.48049	1.1337
BLOCK14/SES147/SA147S13	SES147	1.55252	3.24655	1.69403
BLOCK14/SES147/SA147S23	SES147	0.234805	1.74809	1.51329
BLOCK14/SES147/SA147S26	SES147	1.07879	2.28488	1.20608
BLOCK14/SES147/SA147S28	SES147	1.16048	2.36588	1.2054
BLOCK14/SES148/SA148S10	SES148	0.935638	2.61981	1.68417
BLOCK14/SES148/SA148S12	SES148	0.457444	1.23552	0.778074
BLOCK14/SES148/SA148S22	SES148	1.05439	2.92665	1.87226
BLOCK14/SES148/SA148S26	SES148	0.119696	2.57564	2.45594
BLOCK14/SES148/SA148S29	SES148	0.394294	1.74145	1.34716
BLOCK14/SES149/SA149S13	SES149	-0.385144	0.629756	1.0149
BLOCK14/SES149/SA149S14	SES149	0.402957	2.37688	1.97392
BLOCK14/SES149/SA149S24	SES149	0.974344	2.59546	1.62111
BLOCK14/SES149/SA149S26	SES149	1.18529	3.46844	2.28315
BLOCK14/SES149/SA149S28	SES149	1.87279	3.82573	1.95294
BLOCK15/SES158/SA158S13	SES158	1.05486	1.4744	0.419539
BLOCK15/SES158/SA158S14	SES158	1.07834	1.1275	0.0491573
BLOCK15/SES158/SA158S23	SES158	0.909689	1.59274	0.683052
BLOCK15/SES158/SA158S26	SES158	1.16218	0.871576	-0.290606
BLOCK15/SES158/SA158S28	SES158	0.781067	1.28063	0.499567
BLOCK16/SES162/SA162S10	SES162	0.378997	0.884686	0.505689
BLOCK16/SES162/SA162S11	SES162	0.914436	2.52029	1.60585
BLOCK16/SES162/SA162S21	SES162	1.46431	2.62283	1.15853
BLOCK16/SES162/SA162S24	SES162	0.527787	1.80653	1.27875
BLOCK16/SES162/SA162S27	SES162	1.49577	2.10522	0.609456
BLOCK16/SES167/SA167S14	SES167	1.20363	3.86021	2.65658
BLOCK16/SES167/SA167S15	SES167	1.30492	3.29541	1.99048
BLOCK16/SES167/SA167S21	SES167	1.56304	3.51576	1.95272
BLOCK16/SES167/SA167S25	SES167	1.79598	3.30566	1.50968
BLOCK16/SES167/SA167S29	SES167	2.08488	4.49108	2.4062
BLOCK17/SES172/SA172S12	SES172	1.33838	2.20061	0.862239
BLOCK17/SES172/SA172S13	SES172	1.40908	2.47208	1.06299
BLOCK17/SES172/SA172S23	SES172	0.985047	2.93156	1.94651
BLOCK17/SES172/SA172S27	SES172	1.37761	2.34385	0.966242
BLOCK17/SES172/SA172S29	SES172	1.52439	2.87441	1.35002
BLOCK17/SES175/SA175S11	SES175	0.735069	2.58943	1.85436
BLOCK17/SES175/SA175S13	SES175	0.876232	2.97423	2.098
BLOCK17/SES175/SA175S23	SES175	0.945177	2.69644	1.75126
BLOCK17/SES175/SA175S25	SES175	0.64201	1.70647	1.06446
BLOCK17/SES175/SA175S28	SES175	0.359863	2.63412	2.27426
BLOCK17/SES177/SA177S15	SES177	0.501313	1.86593	1.36461
BLOCK17/SES177/SA177S17	SES177	0.490877	1.84554	1.35466
BLOCK17/SES177/SA177S23	SES177	-0.0189245	1.20168	1.22061
BLOCK17/SES177/SA177S26	SES177	1.12203	3.46387	2.34184
BLOCK17/SES177/SA177S28	SES177	0.839918	2.24894	1.40902
BLOCK18/SES180/SA180S13	SES180	0.307795	1.34627	1.03848
BLOCK18/SES180/SA180S15	SES180	0.548412	1.47105	0.922641
BLOCK18/SES180/SA180S24	SES180	0.837559	2.87081	2.03325
BLOCK18/SES180/SA180S26	SES180	0.992526	2.57059	1.57806
BLOCK18/SES180/SA180S29	SES180	0.937126	2.4076	1.47047
BLOCK18/SES183/SA183S13	SES183	1.32749	2.30212	0.974634
BLOCK18/SES183/SA183S14	SES183	0.106252	1.16015	1.0539
BLOCK18/SES183/SA183S24	SES183	1.44621	2.01214	0.565929
BLOCK18/SES183/SA183S27	SES183	0.972564	1.62769	0.655124
BLOCK18/SES183/SA183S29	SES183	0.883127	1.88523	1.00211
BLOCK18/SES187/SA187S13	SES187	0.814194	2.18412	1.36992
BLOCK18/SES187/SA187S14	SES187	0.928456	1.61014	0.681684
BLOCK18/SES187/SA187S24	SES187	1.3168	2.34733	1.03053
BLOCK18/SES187/SA187S27	SES187	1.23581	2.10169	0.865881
BLOCK18/SES187/SA187S29	SES187	0.622359	1.75908	1.13672
BLOCK18/SES189/SA189S10	SES189	1.08499	1.95537	0.870377
BLOCK18/SES189/SA189S13	SES189	1.0222	1.89265	0.870456
BLOCK18/SES189/SA189S24	SES189	0.952335	2.33236	1.38003
BLOCK18/SES189/SA189S26	SES189	0.821152	2.56727	1.74612
BLOCK18/SES189/SA189S29	SES189	1.10595	2.27246	1.16652
BLOCK20/SES202/SA202S12	SES202	0.604672	1.89315	1.28848
BLOCK20/SES202/SA202S14	SES202	1.84112	2.93026	1.08914
BLOCK20/SES202/SA202S24	SES202	0.942091	2.0046	1.06251
BLOCK20/SES202/SA202S27	SES202	1.55911	3.83309	2.27397
BLOCK20/SES202/SA202S29	SES202	1.41633	3.88793	2.4716
BLOCK20/SES206/SA206S15	SES206	-0.479122	1.11563	1.59475
BLOCK20/SES206/SA206S17	SES206	1.08848	2.45188	1.3634
BLOCK20/SES206/SA206S24	SES206	1.51022	3.6149	2.10468
BLOCK20/SES206/SA206S27	SES206	1.17436	1.95076	0.776394
BLOCK20/SES206/SA206S29	SES206	0.963673	2.74661	1.78293
BLOCK22/SES226/SA226S12	SES226	1.10226	1.83652	0.734259
BLOCK22/SES226/SA226S13	SES226	-0.65016	0.403475	1.05364
BLOCK22/SES226/SA226S20	SES226	0.697197	0.974063	0.276865
BLOCK22/SES226/SA226S23	SES226	1.25292	2.35078	1.09787
BLOCK22/SES226/SA226S28	SES226	1.26037	2.37593	1.11556
BLOCK25/SES259/SA259S13	SES259	2.81942	3.09506	0.275639
BLOCK25/SES259/SA259S14	SES259	1.74009	2.32523	0.585146
BLOCK25/SES259/SA259S22	SES259	1.61979	2.32403	0.704249
BLOCK25/SES259/SA259S24	SES259	1.55443	2.64306	1.08863
BLOCK25/SES259/SA259S28	SES259	1.34947	2.41006	1.06059
BLOCK27/SES270/SA270S14	SES270	1.83772	1.08191	-0.755802
BLOCK27/SES270/SA270S16	SES270	0.0169798	0.505786	0.488806
BLOCK27/SES270/SA270S22	SES270	2.25033	2.17693	-0.0733926
BLOCK27/SES270/SA270S26	SES270	0.407718	0.0502962	-0.357422
BLOCK27/SES270/SA270S28	SES270	1.05943	1.21161	0.152183
BLOCK27/SES275/SA275S17	SES275	1.38806	2.67841	1.29035
BLOCK27/SES275/SA275S18	SES275	0.613719	2.24429	1.63057
BLOCK27/SES275/SA275S24	SES275	0.625946	1.39086	0.764916
BLOCK27/SES275/SA275S26	SES275	0.878773	2.48505	1.60628
BLOCK27/SES275/SA275S28	SES275	0.645632	1.89622	1.25059
BLOCK29/SES292/SA292S10	SES292	0.66004	2.33918	1.67914
BLOCK29/SES292/SA292S12	SES292	0.429153	1.6594	1.23025
BLOCK29/SES292/SA292S22	SES292	0.208193	1.90987	1.70167
BLOCK29/SES292/SA292S24	SES292	0.236454	1.74968	1.51323
BLOCK29/SES292/SA292S27	SES292	0.158199	1.4876	1.32941
BLOCK00/SES001/SA001S14	SES062	-2.35838	-1.01253	1.34585
BLOCK00/SES001/SA001S14	SES082	-1.72094	-0.375087	1.34585
BLOCK00/SES001/SA001S14	SES106	-1.74881	-0.402962	1.34585
BLOCK00/SES001/SA001S14	SES206	-1.74624	-0.400389	1.34585
BLOCK00/SES001/SA001S15	SES062	-1.78458	-0.0883964	1.69618
BLOCK00/SES001/SA001S15	SES104	-2.55977	-0.863581	1.69618
BLOCK00/SES001/SA001S15	SES106	-1.61445	0.0817326	1.69618
BLOCK00/SES001/SA001S15	SES206	-1.5087	0.187481	1.69618
BLOCK00/SES001/SA001S24	SES062	-2.70957	-1.6793	1.03027
BLOCK00/SES001/SA001S24	SES082	-1.45538	-0.425111	1.03027
BLOCK00/SES001/SA001S24	SES087	-1.80531	-0.775039	1.03027
BLOCK00/SES001/SA001S24	SES206	-2.05388	-1.02361	1.03027
BLOCK00/SES001/SA001S27	SES062	-1.62956	0.673351	2.30291
BLOCK00/SES001/SA001S27	SES082	-1.69075	0.612163	2.30291
BLOCK00/SES001/SA001S27	SES087	-1.33881	0.964104	2.30291
BLOCK00/SES001/SA001S27	SES206	-1.25108	1.05183	2.30291
BLOCK00/SES001/SA001S29	SES062	-3.43625	-2.5015	0.934749
BLOCK00/SES001/SA001S29	SES082	-1.51612	-0.581368	0.934749
BLOCK00/SES001/SA001S29	SES158	-1.23936	-0.304609	0.934749
BLOCK00/SES001/SA001S29	SES206	-1.7168	-0.782046	0.934749
BLOCK00/SES003/SA003S11	SES002	-1.29521	-0.360381	0.93483
BLOCK00/SES003/SA003S11	SES019	-1.65665	-0.721815	0.93483
BLOCK00/SES003/SA003S11	SES082	-1.11151	-0.176681	0.93483
BLOCK00/SES003/SA003S11	SES125	-1.89557	-0.960741	0.93483
BLOCK00/SES003/SA003S15	SES016	-1.8	-0.0522879	1.74772
BLOCK00/SES003/SA003S15	SES019	-2.45895	-0.711234	1.74772
BLOCK00/SES003/SA003S15	SES062	-0.677515	1.0702	1.74772
BLOCK00/SES003/SA003S15	SES206	-1.4166	0.33112	1.74772
BLOCK00/SES003/SA003S22	SES002	-1.98853	-0.819507	1.16902
BLOCK00/SES003/SA003S22	SES062	-1.07128	0.097737	1.16902
BLOCK00/SES003/SA003S22	SES082	-1.57299	-0.40397	1.16902
BLOCK00/SES003/SA003S22	SES087	-1.40344	-0.234421	1.16902
BLOCK00/SES003/SA003S25	SES062	-2.73071	-2.00275	0.727963
BLOCK00/SES003/SA003S25	SES082	-1.67445	-0.946486	0.727963
BLOCK00/SES003/SA003S25	SES087	-1.45476	-0.7268	0.727963
BLOCK00/SES003/SA003S25	SES206	-1.52053	-0.792565	0.727963
BLOCK00/SES003/SA003S29	SES002	-1.84394	-1.08514	0.758794
BLOCK00/SES003/SA003S29	SES062	-2.76852	-2.00973	0.758794
BLOCK00/SES003/SA003S29	SES082	-1.663	-0.904204	0.758794
BLOCK00/SES003/SA003S29	SES087	-2.30094	-1.54215	0.758794
BLOCK00/SES004/SA004S12	SES083	-1.42674	0.228967	1.65571
BLOCK00/SES004/SA004S12	SES148	-1.5108	0.144914	1.65571
BLOCK00/SES004/SA004S12	SES172	-0.0694324	1.58628	1.65571
BLOCK00/SES004/SA004S12	SES292	-1.73192	-0.0762059	1.65571
BLOCK00/SES004/SA004S17	SES083	-1.13513	0.156405	1.29154
BLOCK00/SES004/SA004S17	SES162	-1.04351	0.248026	1.29154
BLOCK00/SES004/SA004S17	SES172	-0.376328	0.915211	1.29154
BLOCK00/SES004/SA004S17	SES292	-1.22364	0.0678947	1.29154
BLOCK00/SES004/SA004S24	SES083	-1.3902	0.616996	2.0072
BLOCK00/SES004/SA004S24	SES148	-1.57258	0.434618	2.0072
BLOCK00/SES004/SA004S24	SES172	-0.30748	1.69972	2.0072
BLOCK00/SES004/SA004S24	SES292	-0.85718	1.15002	2.0072
BLOCK00/SES004/SA004S26	SES083	-1.52431	-0.20177	1.32254
BLOCK00/SES004/SA004S26	SES127	-1.49849	-0.175949	1.32254
BLOCK00/SES004/SA004S26	SES148	-2.87628	-1.55374	1.32254
BLOCK00/SES004/SA004S26	SES292	-2.28814	-0.965601	1.32254
BLOCK00/SES004/SA004S28	SES083	-1.30731	0.833572	2.14088
BLOCK00/SES004/SA004S28	SES127	-0.552766	1.58812	2.14088
BLOCK00/SES004/SA004S28	SES187	0.0992043	2.24009	2.14088
BLOCK00/SES004/SA004S28	SES292	-1.62159	0.519293	2.14088
BLOCK00/SES006/SA006S10	SES014	-2.06051	-2.59576	-0.535247
BLOCK00/SES006/SA006S10	SES158	-2.65776	-3.193	-0.535247
BLOCK00/SES006/SA006S10	SES226	-4.09766	-4.63291	-0.535247
BLOCK00/SES006/SA006S10	SES270	-0.941828	-1.47707	-0.535247
BLOCK00/SES006/SA006S11	SES158	-2.31687	-3.06036	-0.743493
BLOCK00/SES006/SA006S11	SES226	-2.46943	-3.21292	-0.743493
BLOCK00/SES006/SA006S11	SES270	-0.809649	-1.55314	-0.743493
BLOCK00/SES006/SA006S11	SES275	-2.71471	-3.4582	-0.743493
BLOCK00/SES006/SA006S23	SES062	-2.90279	-2.73435	0.168438
BLOCK00/SES006/SA006S23	SES105	-3.16828	-2.99984	0.168438
BLOCK00/SES006/SA006S23	SES158	-2.26652	-2.09808	0.168438
BLOCK00/SES006/SA006S23	SES275	-2.03499	-1.86655	0.168438
BLOCK00/SES006/SA006S26	SES104	-3.46781	-2.86328	0.604531
BLOCK00/SES006/SA006S26	SES158	-2.07863	-1.4741	0.604531
BLOCK00/SES006/SA006S26	SES270	-0.85823	-0.253699	0.604531
BLOCK00/SES006/SA006S26	SES275	-2.61836	-2.01383	0.604531
BLOCK00/SES006/SA006S28	SES007	-2.61896	-3.21267	-0.593712
BLOCK00/SES006/SA006S28	SES105	-2.95359	-3.5473	-0.593712
BLOCK00/SES006/SA006S28	SES158	-2.55051	-3.14422	-0.593712
BLOCK00/SES006/SA006S28	SES275	-2.39821	-2.99192	-0.593712
BLOCK00/SES009/SA009S12	SES083	-3.13411	-1.60322	1.53089
BLOCK00/SES009/SA009S12	SES148	-1.62133	-0.0904343	1.53089
BLOCK00/SES009/SA009S12	SES177	-0.716863	0.814028	1.53089
BLOCK00/SES009/SA009S12	SES292	-1.7418	-0.210907	1.53089
BLOCK00/SES009/SA009S15	SES007	0.337989	2.28809	1.9501
BLOCK00/SES009/SA009S15	SES099	-3.16801	-1.21791	1.9501
BLOCK00/SES009/SA009S15	SES148	-1.22111	0.72899	1.9501
BLOCK00/SES009/SA009S15	SES172	-1.32658	0.623515	1.9501
BLOCK00/SES009/SA009S24	SES146	-0.713007	0.827941	1.54095
BLOCK00/SES009/SA009S24	SES148	-1.76097	-0.220025	1.54095
BLOCK00/SES009/SA009S24	SES177	-0.283719	1.25723	1.54095
BLOCK00/SES009/SA009S24	SES292	-1.26332	0.277628	1.54095
BLOCK00/SES009/SA009S26	SES083	-2.68363	-1.60296	1.08067
BLOCK00/SES009/SA009S26	SES101	-2.01809	-0.93742	1.08067
BLOCK00/SES009/SA009S26	SES120	-0.821453	0.259219	1.08067
BLOCK00/SES009/SA009S26	SES177	-0.676084	0.404588	1.08067
BLOCK00/SES009/SA009S29	SES083	-1.99167	-0.244172	1.7475
BLOCK00/SES009/SA009S29	SES101	-1.41525	0.332251	1.7475
BLOCK00/SES009/SA009S29	SES177	-0.0824295	1.66507	1.7475
BLOCK00/SES009/SA009S29	SES292	-1.12688	0.620622	1.7475
BLOCK01/SES011/SA011S10	SES019	-1.62608	-0.930343	0.695734
BLOCK01/SES011/SA011S10	SES042	0.492887	1.18862	0.695734
BLOCK01/SES011/SA011S10	SES082	-2.23887	-1.54314	0.695734
BLOCK01/SES011/SA011S10	SES206	-1.58624	-0.890505	0.695734
BLOCK01/SES011/SA011S11	SES019	-1.51716	-0.875125	0.642036
BLOCK01/SES011/SA011S11	SES042	0.326066	0.968102	0.642036
BLOCK01/SES011/SA011S11	SES082	-1.44267	-0.800635	0.642036
BLOCK01/SES011/SA011S11	SES206	-1.38421	-0.742175	0.642036
BLOCK01/SES011/SA011S22	SES019	-1.23106	-0.753977	0.477087
BLOCK01/SES011/SA011S22	SES042	0.807293	1.28438	0.477087
BLOCK01/SES011/SA011S22	SES082	-1.4224	-0.945312	0.477087
BLOCK01/SES011/SA011S22	SES206	-1.52058	-1.04349	0.477087
BLOCK01/SES011/SA011S24	SES019	-2.02486	-0.84851	1.17635
BLOCK01/SES011/SA011S24	SES042	0.543779	1.72013	1.17635
BLOCK01/SES011/SA011S24	SES104	-1.61431	-0.437962	1.17635
BLOCK01/SES011/SA011S24	SES206	-1.1473	0.0290468	1.17635
BLOCK01/SES011/SA011S27	SES082	-0.265548	0.272722	0.538269
BLOCK01/SES011/SA011S27	SES087	-1.86085	-1.32258	0.538269
BLOCK01/SES011/SA011S27	SES125	-1.16432	-0.626052	0.538269
BLOCK01/SES011/SA011S27	SES206	-0.56341	-0.0251406	0.538269
BLOCK01/SES012/SA012S11	SES007	-0.476071	1.59994	2.07602
BLOCK01/SES012/SA012S11	SES082	-1.66595	0.410068	2.07602
BLOCK01/SES012/SA012S11	SES083	-1.75495	0.321068	2.07602
BLOCK01/SES012/SA012S11	SES206	-2.10376	-0.0277424	2.07602
BLOCK01/SES012/SA012S14	SES082	-0.984093	0.61034	1.59443
BLOCK01/SES012/SA012S14	SES087	-2.44521	-0.850775	1.59443
BLOCK01/SES012/SA012S14	SES206	-1.24176	0.352673	1.59443
BLOCK01/SES012/SA012S14	SES292	-1.88914	-0.294711	1.59443
BLOCK01/SES012/SA012S24	SES082	-0.891844	-0.355909	0.535935
BLOCK01/SES012/SA012S24	SES087	-2.05186	-1.51592	0.535935
BLOCK01/SES012/SA012S24	SES120	-1.60754	-1.07161	0.535935
BLOCK01/SES012/SA012S24	SES206	-1.04111	-0.505173	0.535935
BLOCK01/SES012/SA012S26	SES019	-4.42867	-2.88784	1.54083
BLOCK01/SES012/SA012S26	SES082	-2.58931	-1.04848	1.54083
BLOCK01/SES012/SA012S26	SES206	-1.41528	0.125552	1.54083
BLOCK01/SES012/SA012S26	SES292	-1.25248	0.288347	1.54083
BLOCK01/SES012/SA012S29	SES062	-0.950894	0.63785	1.58874
BLOCK01/SES012/SA012S29	SES082	-1.36624	0.222508	1.58874
BLOCK01/SES012/SA012S29	SES083	-2.40296	-0.814217	1.58874
BLOCK01/SES012/SA012S29	SES206	-1.11226	0.476481	1.58874
BLOCK01/SES013/SA013S16	SES062	-3.47836	-2.94105	0.537313
BLOCK01/SES013/SA013S16	SES106	-1.78089	-1.24358	0.537313
BLOCK01/SES013/SA013S16	SES206	-1.75362	-1.21631	0.537313
BLOCK01/SES013/SA013S16	SES226	-1.56688	-1.02957	0.537313
BLOCK01/SES013/SA013S17	SES062	-2.28404	-0.737083	1.54696
BLOCK01/SES013/SA013S17	SES106	-2.22895	-0.68199	1.54696
BLOCK01/SES013/SA013S17	SES206	-0.7222	0.824759	1.54696
BLOCK01/SES013/SA013S17	SES226	-0.968876	0.578083	1.54696
BLOCK01/SES013/SA013S23	SES104	-2.43866	-2.0399	0.398758
BLOCK01/SES013/SA013S23	SES106	-1.47709	-1.07834	0.398758
BLOCK01/SES013/SA013S23	SES206	-1.81549	-1.41673	0.398758
BLOCK01/SES013/SA013S23	SES270	-0.638101	-0.239342	0.398758
BLOCK01/SES013/SA013S25	SES042	-2.33114	-1.2745	1.05664
BLOCK01/SES013/SA013S25	SES104	-2.18745	-1.13081	1.05664
BLOCK01/SES013/SA013S25	SES106	-1.16293	-0.106292	1.05664
BLOCK01/SES013/SA013S25	SES206	-1.76466	-0.708028	1.05664
BLOCK01/SES013/SA013S29	SES062	-3.04902	-2.42764	0.621379
BLOCK01/SES013/SA013S29	SES104	-2.63903	-2.01765	0.621379
BLOCK01/SES013/SA013S29	SES106	-1.08541	-0.464035	0.621379
BLOCK01/SES013/SA013S29	SES206	-1.62867	-1.00729	0.621379
BLOCK02/SES021/SA021S13	SES016	-2.23495	-0.726081	1.50887
BLOCK02/SES021/SA021S13	SES029	-1.32148	0.187393	1.50887
BLOCK02/SES021/SA021S13	SES087	-2.56704	-1.05817	1.50887
BLOCK02/SES021/SA021S13	SES206	-1.93226	-0.423396	1.50887
BLOCK02/SES021/SA021S15	SES087	-1.31492	0.84222	2.15714
BLOCK02/SES021/SA021S15	SES125	-1.19905	0.95809	2.15714
BLOCK02/SES021/SA021S15	SES206	-1.08324	1.0739	2.15714
BLOCK02/SES021/SA021S15	SES226	-1.60778	0.549356	2.15714
BLOCK02/SES021/SA021S23	SES062	-3.23075	-2.51408	0.716677
BLOCK02/SES021/SA021S23	SES087	-1.4633	-0.746628	0.716677
BLOCK02/SES021/SA021S23	SES206	-1.60956	-0.892878	0.716677
BLOCK02/SES021/SA021S23	SES226	-1.85174	-1.13506	0.716677
BLOCK02/SES021/SA021S27	SES002	-0.599106	1.17113	1.77023
BLOCK02/SES021/SA021S27	SES016	-3.70185	-1.93162	1.77023
BLOCK02/SES021/SA021S27	SES019	-1.89437	-0.124136	1.77023
BLOCK02/SES021/SA021S27	SES062	-1.40954	0.360691	1.77023
BLOCK02/SES021/SA021S29	SES087	-1.15531	0.323541	1.47886
BLOCK02/SES021/SA021S29	SES125	-0.384994	1.09386	1.47886
BLOCK02/SES021/SA021S29	SES206	-0.672327	0.806529	1.47886
BLOCK02/SES021/SA021S29	SES226	-1.85445	-0.375591	1.47886
BLOCK04/SES043/SA043S09	SES083	-0.829887	-0.0346991	0.795188
BLOCK04/SES043/SA043S09	SES101	-1.04929	-0.254104	0.795188
BLOCK04/SES043/SA043S09	SES144	-0.496758	0.29843	0.795188
BLOCK04/SES043/SA043S09	SES172	-1.32348	-0.528295	0.795188
BLOCK04/SES043/SA043S11	SES083	-0.802005	0.946327	1.74833
BLOCK04/SES043/SA043S11	SES101	-0.71412	1.03421	1.74833
BLOCK04/SES043/SA043S11	SES144	-0.0804756	1.66786	1.74833
BLOCK04/SES043/SA043S11	SES172	-1.10587	0.642467	1.74833
BLOCK04/SES043/SA043S23	SES083	-1.02967	0.719118	1.74879
BLOCK04/SES043/SA043S23	SES144	-0.165849	1.58294	1.74879
BLOCK04/SES043/SA043S23	SES177	-1.57404	0.174755	1.74879
BLOCK04/SES043/SA043S23	SES275	-1.28789	0.460907	1.74879
BLOCK04/SES043/SA043S26	SES083	-1.24489	-0.057079	1.18782
BLOCK04/SES043/SA043S26	SES101	-1.40178	-0.21396	1.18782
BLOCK04/SES043/SA043S26	SES144	-0.361974	0.825842	1.18782
BLOCK04/SES043/SA043S26	SES177	-1.29736	-0.109545	1.18782
BLOCK04/SES043/SA043S28	SES016	-2.18432	-0.635413	1.5489
BLOCK04/SES043/SA043S28	SES083	-0.643406	0.905497	1.5489
BLOCK04/SES043/SA043S28	SES101	-0.799111	0.749792	1.5489
BLOCK04/SES043/SA043S28	SES144	-0.656009	0.892893	1.5489
BLOCK04/SES044/SA044S10	SES127	-2.84502	-2.61264	0.232382
BLOCK04/SES044/SA044S10	SES144	-0.500864	-0.268483	0.232382
BLOCK04/SES044/SA044S10	SES147	-4.33022	-4.09783	0.232382
BLOCK04/SES044/SA044S10	SES148	-2.81287	-2.58048	0.232382
BLOCK04/SES044/SA044S11	SES101	-0.961125	-0.170901	0.790223
BLOCK04/SES044/SA044S11	SES144	0.0596292	0.849853	0.790223
BLOCK04/SES044/SA044S11	SES147	-2.28153	-1.4913	0.790223
BLOCK04/SES044/SA044S11	SES177	-2.08579	-1.29557	0.790223
BLOCK04/SES044/SA044S24	SES007	-2.06039	-0.931193	1.1292
BLOCK04/SES044/SA044S24	SES101	-0.815549	0.313647	1.1292
BLOCK04/SES044/SA044S24	SES147	-2.08372	-0.954523	1.1292
BLOCK04/SES044/SA044S24	SES177	-1.49541	-0.366212	1.1292
BLOCK04/SES044/SA044S26	SES007	-1.96157	-1.00615	0.955422
BLOCK04/SES044/SA044S26	SES016	-1.42079	-0.465364	0.955422
BLOCK04/SES044/SA044S26	SES101	-0.821359	0.134063	0.955422
BLOCK04/SES044/SA044S26	SES147	-1.30508	-0.349659	0.955422
BLOCK04/SES044/SA044S29	SES007	-1.88657	-0.0204104	1.86616
BLOCK04/SES044/SA044S29	SES101	-0.0363866	1.82977	1.86616
BLOCK04/SES044/SA044S29	SES147	-2.03767	-0.171515	1.86616
BLOCK04/SES044/SA044S29	SES177	-2.3701	-0.50394	1.86616
BLOCK04/SES046/SA046S13	SES101	-0.913813	0.409175	1.32299
BLOCK04/SES046/SA046S13	SES144	-0.285688	1.0373	1.32299
BLOCK04/SES046/SA046S13	SES147	-1.84702	-0.524031	1.32299
BLOCK04/SES046/SA046S13	SES177	-1.67904	-0.356056	1.32299
BLOCK04/SES046/SA046S15	SES048	-0.239421	2.05158	2.29101
BLOCK04/SES046/SA046S15	SES083	-0.732308	1.5587	2.29101
BLOCK04/SES046/SA046S15	SES120	-2.6804	-0.389396	2.29101
BLOCK04/SES046/SA046S15	SES148	-1.47022	0.820788	2.29101
BLOCK04/SES046/SA046S22	SES101	-0.537864	1.09483	1.63269
BLOCK04/SES046/SA046S22	SES144	-0.637805	0.994886	1.63269
BLOCK04/SES046/SA046S22	SES147	-1.92817	-0.295484	1.63269
BLOCK04/SES046/SA046S22	SES172	-0.797744	0.834947	1.63269
BLOCK04/SES046/SA046S25	SES083	-0.879713	0.352363	1.23208
BLOCK04/SES046/SA046S25	SES127	-1.5463	-0.314226	1.23208
BLOCK04/SES046/SA046S25	SES144	-1.28213	-0.0500553	1.23208
BLOCK04/SES046/SA046S25	SES148	-1.5565	-0.324422	1.23208
BLOCK04/SES046/SA046S28	SES007	-1.32527	0.0167782	1.34205
BLOCK04/SES046/SA046S28	SES105	-1.48078	-0.138735	1.34205
BLOCK04/SES046/SA046S28	SES147	-1.3275	0.0145445	1.34205
BLOCK04/SES046/SA046S28	SES148	-0.97234	0.369708	1.34205
BLOCK04/SES049/SA049S16	SES104	-1.28694	-1.47569	-0.188752
BLOCK04/SES049/SA049S16	SES106	-1.82769	-2.01644	-0.188752
BLOCK04/SES049/SA049S16	SES120	-2.12156	-2.31032	-0.188752
BLOCK04/SES049/SA049S16	SES206	-1.54268	-1.73143	-0.188752
BLOCK04/SES049/SA049S18	SES099	-0.996386	-1.37838	-0.381994
BLOCK04/SES049/SA049S18	SES104	-2.86371	-3.2457	-0.381994
BLOCK04/SES049/SA049S18	SES125	-2.86951	-3.2515	-0.381994
BLOCK04/SES049/SA049S18	SES206	-2.08057	-2.46256	-0.381994
BLOCK04/SES049/SA049S25	SES087	-1.51517	-1.64266	-0.127489
BLOCK04/SES049/SA049S25	SES104	-0.957167	-1.08466	-0.127489
BLOCK04/SES049/SA049S25	SES125	-1.45654	-1.58403	-0.127489
BLOCK04/SES049/SA049S25	SES206	-0.843401	-0.97089	-0.127489
BLOCK04/SES049/SA049S27	SES099	-0.67331	-0.334743	0.338567
BLOCK04/SES049/SA049S27	SES104	-0.448079	-0.109512	0.338567
BLOCK04/SES049/SA049S27	SES125	-2.17328	-1.83472	0.338567
BLOCK04/SES049/SA049S27	SES206	-1.02358	-0.685011	0.338567
BLOCK04/SES049/SA049S29	SES099	-0.399207	0.237191	0.636398
BLOCK04/SES049/SA049S29	SES104	-0.146584	0.489814	0.636398
BLOCK04/SES049/SA049S29	SES125	-0.97352	-0.337122	0.636398
BLOCK04/SES049/SA049S29	SES206	-0.828819	-0.192421	0.636398
BLOCK06/SES063/SA063S09	SES068	-1.05315	0.24235	1.2955
BLOCK06/SES063/SA063S09	SES083	-0.533054	0.762445	1.2955
BLOCK06/SES063/SA063S09	SES177	-1.10008	0.19542	1.2955
BLOCK06/SES063/SA063S09	SES187	-1.46202	-0.166524	1.2955
BLOCK06/SES063/SA063S10	SES068	-1.7474	-0.47593	1.27147
BLOCK06/SES063/SA063S10	SES083	-1.03204	0.23943	1.27147
BLOCK06/SES063/SA063S10	SES172	-1.49399	-0.222519	1.27147
BLOCK06/SES063/SA063S10	SES187	-1.03251	0.238961	1.27147
BLOCK06/SES063/SA063S20	SES068	-2.31846	-0.588556	1.7299
BLOCK06/SES063/SA063S20	SES083	-0.65399	1.07591	1.7299
BLOCK06/SES063/SA063S20	SES172	-0.872236	0.857664	1.7299
BLOCK06/SES063/SA063S20	SES187	-1.28546	0.44444	1.7299
BLOCK06/SES063/SA063S24	SES029	-2.52946	-0.594761	1.9347
BLOCK06/SES063/SA063S24	SES083	-0.667112	1.26759	1.9347
BLOCK06/SES063/SA063S24	SES177	-1.09067	0.844034	1.9347
BLOCK06/SES063/SA063S24	SES189	-0.602187	1.33251	1.9347
BLOCK06/SES063/SA063S27	SES083	-0.365087	0.960457	1.32554
BLOCK06/SES063/SA063S27	SES172	-1.79077	-0.465228	1.32554
BLOCK06/SES063/SA063S27	SES187	-0.857451	0.468093	1.32554
BLOCK06/SES063/SA063S27	SES292	-2.56017	-1.23463	1.32554
BLOCK06/SES067/SA067S12	SES083	-1.21968	0.868573	2.08826
BLOCK06/SES067/SA067S12	SES172	-1.62916	0.459098	2.08826
BLOCK06/SES067/SA067S12	SES202	-1.17799	0.910267	2.08826
BLOCK06/SES067/SA067S12	SES292	-2.16125	-0.0729977	2.08826
BLOCK06/SES067/SA067S14	SES085	-1.44489	1.22404	2.66893
BLOCK06/SES067/SA067S14	SES177	-1.6867	0.982234	2.66893
BLOCK06/SES067/SA067S14	SES183	-0.0746632	2.59427	2.66893
BLOCK06/SES067/SA067S14	SES202	-0.856779	1.81215	2.66893
BLOCK06/SES067/SA067S21	SES144	-1.10111	0.736287	1.8374
BLOCK06/SES067/SA067S21	SES177	-1.06751	0.769888	1.8374
BLOCK06/SES067/SA067S21	SES183	-0.759889	1.07751	1.8374
BLOCK06/SES067/SA067S21	SES189	-1.13199	0.70541	1.8374
BLOCK06/SES067/SA067S25	SES085	-1.48174	0.721622	2.20337
BLOCK06/SES067/SA067S25	SES177	-1.37185	0.831513	2.20337
BLOCK06/SES067/SA067S25	SES183	-1.00577	1.1976	2.20337
BLOCK06/SES067/SA067S25	SES202	-1.64446	0.558908	2.20337
BLOCK06/SES067/SA067S29	SES085	-2.34428	-0.398171	1.94611
BLOCK06/SES067/SA067S29	SES177	-1.66269	0.283424	1.94611
BLOCK06/SES067/SA067S29	SES183	-0.771444	1.17467	1.94611
BLOCK06/SES067/SA067S29	SES202	-0.814807	1.13131	1.94611
BLOCK06/SES069/SA069S12	SES029	-2.62683	-0.996367	1.63046
BLOCK06/SES069/SA069S12	SES082	-1.13718	0.493281	1.63046
BLOCK06/SES069/SA069S12	SES087	-1.65776	-0.0273018	1.63046
BLOCK06/SES069/SA069S12	SES206	-1.21086	0.419597	1.63046
BLOCK06/SES069/SA069S13	SES029	-3.12949	-1.28163	1.84785
BLOCK06/SES069/SA069S13	SES087	-1.07775	0.770107	1.84785
BLOCK06/SES069/SA069S13	SES206	-1.43404	0.413815	1.84785
BLOCK06/SES069/SA069S13	SES226	-0.753124	1.09473	1.84785
BLOCK06/SES069/SA069S23	SES029	-0.650181	2.04269	2.69287
BLOCK06/SES069/SA069S23	SES087	-0.731967	1.9609	2.69287
BLOCK06/SES069/SA069S23	SES206	-1.28022	1.41265	2.69287
BLOCK06/SES069/SA069S23	SES226	-0.892676	1.80019	2.69287
BLOCK06/SES069/SA069S25	SES087	-1.71524	0.665435	2.38067
BLOCK06/SES069/SA069S25	SES206	-2.8317	-0.451027	2.38067
BLOCK06/SES069/SA069S25	SES226	-1.03261	1.34806	2.38067
BLOCK06/SES069/SA069S25	SES270	-1.73619	0.64449	2.38067
BLOCK06/SES069/SA069S27	SES087	-2.31752	-0.48702	1.8305
BLOCK06/SES069/SA069S27	SES206	-1.48571	0.344789	1.8305
BLOCK06/SES069/SA069S27	SES226	-0.63927	1.19123	1.8305
BLOCK06/SES069/SA069S27	SES270	-1.82494	0.00555911	1.8305
BLOCK08/SES081/SA081S11	SES060	-1.72001	0.334864	2.05487
BLOCK08/SES081/SA081S11	SES062	-1.13438	0.920489	2.05487
BLOCK08/SES081/SA081S11	SES117	-3.14815	-1.09328	2.05487
BLOCK08/SES081/SA081S11	SES162	-2.10036	-0.0454949	2.05487
BLOCK08/SES081/SA081S13	SES016	-0.910493	1.30654	2.21703
BLOCK08/SES081/SA081S13	SES060	-0.167839	2.04919	2.21703
BLOCK08/SES081/SA081S13	SES068	-0.765397	1.45164	2.21703
BLOCK08/SES081/SA081S13	SES129	-1.95088	0.266149	2.21703
BLOCK08/SES081/SA081S24	SES060	-0.583711	1.16752	1.75123
BLOCK08/SES081/SA081S24	SES068	-0.86739	0.883844	1.75123
BLOCK08/SES081/SA081S24	SES117	-1.99888	-0.247646	1.75123
BLOCK08/SES081/SA081S24	SES275	-1.23412	0.517114	1.75123
BLOCK08/SES081/SA081S27	SES007	-0.908144	0.701086	1.60923
BLOCK08/SES081/SA081S27	SES060	-1.09885	0.510383	1.60923
BLOCK08/SES081/SA081S27	SES117	-1.10541	0.503817	1.60923
BLOCK08/SES081/SA081S27	SES275	-1.32259	0.286644	1.60923
BLOCK08/SES081/SA081S29	SES007	-0.717664	0.721519	1.43918
BLOCK08/SES081/SA081S29	SES060	-0.731539	0.707644	1.43918
BLOCK08/SES081/SA081S29	SES117	-1.43574	0.00344099	1.43918
BLOCK08/SES081/SA081S29	SES275	-1.05919	0.37999	1.43918
BLOCK08/SES086/SA086S11	SES029	-4.05193	-3.80281	0.249113
BLOCK08/SES086/SA086S11	SES082	-2.30458	-2.05547	0.249113
BLOCK08/SES086/SA086S11	SES087	-0.389122	-0.140009	0.249113
BLOCK08/SES086/SA086S11	SES206	-1.84606	-1.59694	0.249113
BLOCK08/SES086/SA086S12	SES029	-2.43526	-1.40197	1.03329
BLOCK08/SES086/SA086S12	SES082	-2.85923	-1.82593	1.03329
BLOCK08/SES086/SA086S12	SES087	-0.318561	0.714733	1.03329
BLOCK08/SES086/SA086S12	SES206	-1.09284	-0.0595456	1.03329
BLOCK08/SES086/SA086S20	SES029	-3.51503	-2.08397	1.43106
BLOCK08/SES086/SA086S20	SES082	-2.07542	-0.644355	1.43106
BLOCK08/SES086/SA086S20	SES087	-0.167884	1.26318	1.43106
BLOCK08/SES086/SA086S20	SES206	-1.05962	0.371437	1.43106
BLOCK08/SES086/SA086S24	SES087	-0.792781	-0.380995	0.411787
BLOCK08/SES086/SA086S24	SES104	-2.0159	-1.60411	0.411787
BLOCK08/SES086/SA086S24	SES120	-1.9519	-1.54011	0.411787
BLOCK08/SES086/SA086S24	SES206	-0.588449	-0.176662	0.411787
BLOCK08/SES086/SA086S28	SES029	-3.05367	-1.48114	1.57253
BLOCK08/SES086/SA086S28	SES082	-2.22632	-0.653785	1.57253
BLOCK08/SES086/SA086S28	SES087	-0.723306	0.849224	1.57253
BLOCK08/SES086/SA086S28	SES206	-1.39063	0.181903	1.57253
BLOCK08/SES089/SA089S13	SES087	-1.30098	-0.316901	0.98408
BLOCK08/SES089/SA089S13	SES206	-1.51194	-0.527862	0.98408
BLOCK08/SES089/SA089S13	SES226	-1.47639	-0.492307	0.98408
BLOCK08/SES089/SA089S13	SES270	-2.45989	-1.47581	0.98408
BLOCK08/SES089/SA089S14	SES062	-1.69108	-0.601067	1.09002
BLOCK08/SES089/SA089S14	SES087	-0.911047	0.17897	1.09002
BLOCK08/SES089/SA089S14	SES206	-1.56154	-0.471525	1.09002
BLOCK08/SES089/SA089S14	SES226	-1.70976	-0.619742	1.09002
BLOCK08/SES089/SA089S23	SES087	-0.535284	-0.528402	0.00688222
BLOCK08/SES089/SA089S23	SES206	-0.923201	-0.916319	0.00688222
BLOCK08/SES089/SA089S23	SES226	-1.14843	-1.14155	0.00688222
BLOCK08/SES089/SA089S23	SES270	-2.02125	-2.01437	0.00688222
BLOCK08/SES089/SA089S25	SES062	-1.73621	-0.468654	1.26756
BLOCK08/SES089/SA089S25	SES087	-0.503388	0.76417	1.26756
BLOCK08/SES089/SA089S25	SES206	-2.26885	-1.0013	1.26756
BLOCK08/SES089/SA089S25	SES226	-1.21431	0.0532508	1.26756
BLOCK08/SES089/SA089S28	SES062	-0.909554	0.405155	1.31471
BLOCK08/SES089/SA089S28	SES087	-0.257059	1.05765	1.31471
BLOCK08/SES089/SA089S28	SES206	-0.972274	0.342435	1.31471
BLOCK08/SES089/SA089S28	SES226	-1.16915	0.145558	1.31471
BLOCK09/SES097/SA097S11	SES099	-0.347056	0.397095	0.744151
BLOCK09/SES097/SA097S11	SES125	-1.76759	-1.02344	0.744151
BLOCK09/SES097/SA097S11	SES206	-1.55179	-0.807635	0.744151
BLOCK09/SES097/SA097S11	SES226	-0.599896	0.144256	0.744151
BLOCK09/SES097/SA097S14	SES062	-1.60753	-1.02555	0.581979
BLOCK09/SES097/SA097S14	SES099	-1.10548	-0.523506	0.581979
BLOCK09/SES097/SA097S14	SES104	-1.11022	-0.528243	0.581979
BLOCK09/SES097/SA097S14	SES206	-2.14247	-1.56049	0.581979
BLOCK09/SES097/SA097S22	SES099	-0.554377	-0.183445	0.370932
BLOCK09/SES097/SA097S22	SES206	-1.5653	-1.19437	0.370932
BLOCK09/SES097/SA097S22	SES226	-1.60416	-1.23322	0.370932
BLOCK09/SES097/SA097S22	SES270	-0.650728	-0.279797	0.370932
BLOCK09/SES097/SA097S26	SES099	-0.506628	0.0864595	0.593087
BLOCK09/SES097/SA097S26	SES120	-1.0729	-0.479817	0.593087
BLOCK09/SES097/SA097S26	SES206	-1.33589	-0.742806	0.593087
BLOCK09/SES097/SA097S26	SES226	-1.25964	-0.666557	0.593087
BLOCK09/SES097/SA097S28	SES099	-0.64438	0.0755397	0.71992
BLOCK09/SES097/SA097S28	SES120	-1.35979	-0.639873	0.71992
BLOCK09/SES097/SA097S28	SES206	-1.99852	-1.2786	0.71992
BLOCK09/SES097/SA097S28	SES226	-2.21341	-1.49349	0.71992
BLOCK09/SES098/SA098S11	SES127	-1.47227	-0.0162735	1.456
BLOCK09/SES098/SA098S11	SES144	-1.40739	0.048607	1.456
BLOCK09/SES098/SA098S11	SES147	-1.01729	0.438706	1.456
BLOCK09/SES098/SA098S11	SES148	-2.83804	-1.38204	1.456
BLOCK09/SES098/SA098S12	SES127	-2.39196	-1.87263	0.519326
BLOCK09/SES098/SA098S12	SES144	-1.79328	-1.27395	0.519326
BLOCK09/SES098/SA098S12	SES147	-1.71329	-1.19396	0.519326
BLOCK09/SES098/SA098S12	SES189	-1.8306	-1.31127	0.519326
BLOCK09/SES098/SA098S20	SES127	-2.95426	-1.87086	1.0834
BLOCK09/SES098/SA098S20	SES147	-1.77157	-0.688172	1.0834
BLOCK09/SES098/SA098S20	SES148	-2.76386	-1.68047	1.0834
BLOCK09/SES098/SA098S20	SES292	-1.4943	-0.410901	1.0834
BLOCK09/SES098/SA098S23	SES127	-1.87379	-0.320198	1.5536
BLOCK09/SES098/SA098S23	SES147	-1.59279	-0.0391974	1.5536
BLOCK09/SES098/SA098S23	SES187	-1.84318	-0.289588	1.5536
BLOCK09/SES098/SA098S23	SES292	-1.07408	0.479515	1.5536
BLOCK09/SES098/SA098S27	SES127	-3.87917	-2.77531	1.10386
BLOCK09/SES098/SA098S27	SES147	-3.38317	-2.27931	1.10386
BLOCK09/SES098/SA098S27	SES148	-3.69017	-2.58631	1.10386
BLOCK09/SES098/SA098S27	SES292	-1.01561	0.088249	1.10386
BLOCK10/SES102/SA102S13	SES101	-0.900216	-0.329029	0.571187
BLOCK10/SES102/SA102S13	SES105	-1.09159	-0.520404	0.571187
BLOCK10/SES102/SA102S13	SES120	-2.1529	-1.58171	0.571187
BLOCK10/SES102/SA102S13	SES158	-1.88042	-1.30924	0.571187
BLOCK10/SES102/SA102S14	SES007	-0.173465	1.97532	2.14879
BLOCK10/SES102/SA102S14	SES101	0.114212	2.263	2.14879
BLOCK10/SES102/SA102S14	SES105	0.0410383	2.18983	2.14879
BLOCK10/SES102/SA102S14	SES147	-2.75603	-0.607237	2.14879
BLOCK10/SES102/SA102S22	SES007	-1.24687	0.325893	1.57276
BLOCK10/SES102/SA102S22	SES101	-0.487088	1.08568	1.57276
BLOCK10/SES102/SA102S22	SES105	-0.699956	0.872808	1.57276
BLOCK10/SES102/SA102S22	SES158	-1.86423	-0.29147	1.57276
BLOCK10/SES102/SA102S25	SES007	-0.416116	1.16781	1.58392
BLOCK10/SES102/SA102S25	SES101	-0.181444	1.40248	1.58392
BLOCK10/SES102/SA102S25	SES105	-0.737742	0.846181	1.58392
BLOCK10/SES102/SA102S25	SES147	-2.75514	-1.17121	1.58392
BLOCK10/SES102/SA102S27	SES007	-0.923851	0.251652	1.1755
BLOCK10/SES102/SA102S27	SES101	0.0740069	1.24951	1.1755
BLOCK10/SES102/SA102S27	SES105	-1.07939	0.0961083	1.1755
BLOCK10/SES102/SA102S27	SES147	-2.32303	-1.14753	1.1755
BLOCK10/SES103/SA103S14	SES105	-2.8065	-2.9514	-0.144902
BLOCK10/SES103/SA103S14	SES106	-1.37103	-1.51593	-0.144902
BLOCK10/SES103/SA103S14	SES120	-2.24436	-2.38926	-0.144902
BLOCK10/SES103/SA103S14	SES206	-2.28566	-2.43057	-0.144902
BLOCK10/SES103/SA103S15	SES099	-1.64821	-2.22665	-0.578446
BLOCK10/SES103/SA103S15	SES101	-3.96569	-4.54413	-0.578446
BLOCK10/SES103/SA103S15	SES104	-2.23116	-2.80961	-0.578446
BLOCK10/SES103/SA103S15	SES125	-2.18118	-2.75963	-0.578446
BLOCK10/SES103/SA103S24	SES104	-2.58367	-2.18658	0.397089
BLOCK10/SES103/SA103S24	SES125	-2.70274	-2.30565	0.397089
BLOCK10/SES103/SA103S24	SES148	-2.8573	-2.46021	0.397089
BLOCK10/SES103/SA103S24	SES158	-1.91271	-1.51562	0.397089
BLOCK10/SES103/SA103S26	SES104	-1.99531	-2.10916	-0.113851
BLOCK10/SES103/SA103S26	SES106	-1.17248	-1.28633	-0.113851
BLOCK10/SES103/SA103S26	SES125	-1.94846	-2.06231	-0.113851
BLOCK10/SES103/SA103S26	SES148	-3.64102	-3.75487	-0.113851
BLOCK10/SES103/SA103S28	SES104	-2.37655	-2.55204	-0.175486
BLOCK10/SES103/SA103S28	SES106	-1.57986	-1.75534	-0.175486
BLOCK10/SES103/SA103S28	SES125	-2.73887	-2.91435	-0.175486
BLOCK10/SES103/SA103S28	SES206	-2.97633	-3.15181	-0.175486
BLOCK12/SES121/SA121S12	SES042	-1.94067	-2.42414	-0.483478
BLOCK12/SES121/SA121S12	SES087	-1.43796	-1.92143	-0.483478
BLOCK12/SES121/SA121S12	SES105	-1.20918	-1.69266	-0.483478
BLOCK12/SES121/SA121S12	SES206	-1.79649	-2.27996	-0.483478
BLOCK12/SES121/SA121S14	SES007	-2.71062	-3.52911	-0.818493
BLOCK12/SES121/SA121S14	SES105	-2.89437	-3.71286	-0.818493
BLOCK12/SES121/SA121S14	SES106	-2.45607	-3.27456	-0.818493
BLOCK12/SES121/SA121S14	SES206	-2.28302	-3.10152	-0.818493
BLOCK12/SES121/SA121S23	SES105	-2.42117	-2.90046	-0.479287
BLOCK12/SES121/SA121S23	SES106	-1.03365	-1.51294	-0.479287
BLOCK12/SES121/SA121S23	SES120	-1.85535	-2.33463	-0.479287
BLOCK12/SES121/SA121S23	SES206	-1.44343	-1.92272	-0.479287
BLOCK12/SES121/SA121S25	SES007	-1.90071	-3.17299	-1.27228
BLOCK12/SES121/SA121S25	SES105	-2.7297	-4.00198	-1.27228
BLOCK12/SES121/SA121S25	SES106	-1.40741	-2.67968	-1.27228
BLOCK12/SES121/SA121S25	SES206	-2.09456	-3.36683	-1.27228
BLOCK12/SES121/SA121S27	SES087	-0.729479	-0.788141	-0.0586615
BLOCK12/SES121/SA121S27	SES105	-3.83026	-3.88893	-0.0586615
BLOCK12/SES121/SA121S27	SES120	-0.908358	-0.96702	-0.0586615
BLOCK12/SES121/SA121S27	SES206	-1.53516	-1.59382	-0.0586615
BLOCK12/SES124/SA124S16	SES042	-0.151878	0.560531	0.712409
BLOCK12/SES124/SA124S16	SES082	-1.58325	-0.870841	0.712409
BLOCK12/SES124/SA124S16	SES183	-2.00324	-1.29083	0.712409
BLOCK12/SES124/SA124S16	SES206	-2.03672	-1.32431	0.712409
BLOCK12/SES124/SA124S17	SES105	-2.19063	-2.48641	-0.295775
BLOCK12/SES124/SA124S17	SES149	-2.36662	-2.66239	-0.295775
BLOCK12/SES124/SA124S17	SES158	-2.90341	-3.19918	-0.295775
BLOCK12/SES124/SA124S17	SES275	-1.37292	-1.6687	-0.295775
BLOCK12/SES124/SA124S23	SES105	-2.4198	-1.00774	1.41207
BLOCK12/SES124/SA124S23	SES125	-0.551218	0.860848	1.41207
BLOCK12/SES124/SA124S23	SES129	-3.39128	-1.97921	1.41207
BLOCK12/SES124/SA124S23	SES158	-1.02666	0.385405	1.41207
BLOCK12/SES124/SA124S26	SES105	-3.02342	-2.42522	0.598199
BLOCK12/SES124/SA124S26	SES125	-1.99934	-1.40114	0.598199
BLOCK12/SES124/SA124S26	SES129	-3.11434	-2.51614	0.598199
BLOCK12/SES124/SA124S26	SES158	-1.36589	-0.767691	0.598199
BLOCK12/SES124/SA124S28	SES104	-0.496847	0.513669	1.01052
BLOCK12/SES124/SA124S28	SES106	-1.02917	-0.0186521	1.01052
BLOCK12/SES124/SA124S28	SES125	-0.427858	0.582658	1.01052
BLOCK12/SES124/SA124S28	SES275	-2.03856	-1.02804	1.01052
BLOCK12/SES126/SA126S13	SES007	-0.994048	0.423785	1.41783
BLOCK12/SES126/SA126S13	SES162	-2.03559	-0.617752	1.41783
BLOCK12/SES126/SA126S13	SES177	-1.29314	0.124691	1.41783
BLOCK12/SES126/SA126S13	SES180	-1.6642	-0.246371	1.41783
BLOCK12/SES126/SA126S14	SES144	-1.46737	0.268758	1.73613
BLOCK12/SES126/SA126S14	SES148	-2.06291	-0.326788	1.73613
BLOCK12/SES126/SA126S14	SES177	-0.902118	0.834009	1.73613
BLOCK12/SES126/SA126S14	SES180	-2.61197	-0.875846	1.73613
BLOCK12/SES126/SA126S20	SES007	-0.834189	0.871613	1.7058
BLOCK12/SES126/SA126S20	SES162	-1.9584	-0.252597	1.7058
BLOCK12/SES126/SA126S20	SES172	-1.84586	-0.140057	1.7058
BLOCK12/SES126/SA126S20	SES180	-2.17736	-0.47156	1.7058
BLOCK12/SES126/SA126S24	SES120	-0.0847986	1.84519	1.92999
BLOCK12/SES126/SA126S24	SES162	-1.44998	0.480013	1.92999
BLOCK12/SES126/SA126S24	SES177	-0.421846	1.50815	1.92999
BLOCK12/SES126/SA126S24	SES180	-1.07885	0.85114	1.92999
BLOCK12/SES126/SA126S26	SES120	-0.284541	0.997318	1.28186
BLOCK12/SES126/SA126S26	SES177	-1.12891	0.15295	1.28186
BLOCK12/SES126/SA126S26	SES180	-2.3176	-1.03574	1.28186
BLOCK12/SES126/SA126S26	SES202	-2.48942	-1.20756	1.28186
BLOCK12/SES128/SA128S10	SES087	-2.90455	-1.87102	1.03353
BLOCK12/SES128/SA128S10	SES206	-1.71767	-0.684139	1.03353
BLOCK12/SES128/SA128S10	SES226	-1.39556	-0.362029	1.03353
BLOCK12/SES128/SA128S10	SES270	-1.08637	-0.0528414	1.03353
BLOCK12/SES128/SA128S12	SES120	-1.81516	-0.886648	0.928509
BLOCK12/SES128/SA128S12	SES158	-1.74219	-0.813684	0.928509
BLOCK12/SES128/SA128S12	SES206	-1.69658	-0.768071	0.928509
BLOCK12/SES128/SA128S12	SES226	-1.70761	-0.779101	0.928509
BLOCK12/SES128/SA128S21	SES106	-1.6269	-1.2819	0.345002
BLOCK12/SES128/SA128S21	SES120	-2.11737	-1.77237	0.345002
BLOCK12/SES128/SA128S21	SES206	-1.71324	-1.36824	0.345002
BLOCK12/SES128/SA128S21	SES226	-0.985084	-0.640082	0.345002
BLOCK12/SES128/SA128S24	SES087	-1.45465	-0.535207	0.919444
BLOCK12/SES128/SA128S24	SES120	-1.35186	-0.432417	0.919444
BLOCK12/SES128/SA128S24	SES206	-0.836877	0.082567	0.919444
BLOCK12/SES128/SA128S24	SES226	-1.96164	-1.04219	0.919444
BLOCK12/SES128/SA128S27	SES099	-0.720721	1.15428	1.875
BLOCK12/SES128/SA128S27	SES120	-1.38821	0.486794	1.875
BLOCK12/SES128/SA128S27	SES206	-1.22466	0.650344	1.875
BLOCK12/SES128/SA128S27	SES226	-1.4624	0.412605	1.875
BLOCK13/SES130/SA130S13	SES143	-0.365106	0.583391	0.948496
BLOCK13/SES130/SA130S13	SES144	-0.171535	0.776961	0.948496
BLOCK13/SES130/SA130S13	SES146	-1.7798	-0.831304	0.948496
BLOCK13/SES130/SA130S13	SES275	-2.27252	-1.32402	0.948496
BLOCK13/SES130/SA130S15	SES143	-1.11938	0.878025	1.99741
BLOCK13/SES130/SA130S15	SES144	-0.229894	1.76751	1.99741
BLOCK13/SES130/SA130S15	SES146	-1.14132	0.856091	1.99741
BLOCK13/SES130/SA130S15	SES275	-1.25947	0.737937	1.99741
BLOCK13/SES130/SA130S23	SES127	-1.48435	-0.437608	1.04674
BLOCK13/SES130/SA130S23	SES144	-1.46939	-0.422646	1.04674
BLOCK13/SES130/SA130S23	SES146	-1.0874	-0.0406561	1.04674
BLOCK13/SES130/SA130S23	SES162	-0.981813	0.0649312	1.04674
BLOCK13/SES130/SA130S25	SES127	-0.799188	0.952729	1.75192
BLOCK13/SES130/SA130S25	SES144	-0.983571	0.768346	1.75192
BLOCK13/SES130/SA130S25	SES146	-0.874698	0.877219	1.75192
BLOCK13/SES130/SA130S25	SES275	-0.815885	0.936032	1.75192
BLOCK13/SES130/SA130S28	SES127	-0.996198	0.171233	1.16743
BLOCK13/SES130/SA130S28	SES144	-1.11456	0.052873	1.16743
BLOCK13/SES130/SA130S28	SES146	-0.801002	0.366429	1.16743
BLOCK13/SES130/SA130S28	SES275	-0.788439	0.378992	1.16743
BLOCK13/SES131/SA131S13	SES002	-2.67197	-3.54406	-0.872093
BLOCK13/SES131/SA131S13	SES007	-2.39955	-3.27165	-0.872093
BLOCK13/SES131/SA131S13	SES099	-1.88149	-2.75358	-0.872093
BLOCK13/SES131/SA131S13	SES105	-1.93782	-2.80992	-0.872093
BLOCK13/SES131/SA131S14	SES104	-0.923251	0.0210689	0.944319
BLOCK13/SES131/SA131S14	SES106	-1.90237	-0.958052	0.944319
BLOCK13/SES131/SA131S14	SES125	-1.54546	-0.601138	0.944319
BLOCK13/SES131/SA131S14	SES148	-0.929595	0.0147241	0.944319
BLOCK13/SES131/SA131S20	SES104	-3.22317	-3.73267	-0.509498
BLOCK13/SES131/SA131S20	SES106	-2.29343	-2.80292	-0.509498
BLOCK13/SES131/SA131S20	SES125	-3.0052	-3.5147	-0.509498
BLOCK13/SES131/SA131S20	SES148	-1.88118	-2.39068	-0.509498
BLOCK13/SES131/SA131S22	SES099	-1.3951	-0.765555	0.62954
BLOCK13/SES131/SA131S22	SES104	-1.74484	-1.1153	0.62954
BLOCK13/SES131/SA131S22	SES125	-2.0843	-1.45476	0.62954
BLOCK13/SES131/SA131S22	SES206	-2.15896	-1.52942	0.62954
BLOCK13/SES131/SA131S29	SES087	-2.0581	-2.13365	-0.0755554
BLOCK13/SES131/SA131S29	SES104	-2.52182	-2.59738	-0.0755554
BLOCK13/SES131/SA131S29	SES125	-2.78888	-2.86444	-0.0755554
BLOCK13/SES131/SA131S29	SES206	-2.52578	-2.60134	-0.0755554
BLOCK13/SES132/SA132S11	SES083	-2.00735	-0.554691	1.45266
BLOCK13/SES132/SA132S11	SES120	-0.0807612	1.3719	1.45266
BLOCK13/SES132/SA132S11	SES127	-1.82263	-0.369973	1.45266
BLOCK13/SES132/SA132S11	SES275	-1.15632	0.296345	1.45266
BLOCK13/SES132/SA132S12	SES083	-1.63609	0.278574	1.91466
BLOCK13/SES132/SA132S12	SES143	-1.72575	0.188914	1.91466
BLOCK13/SES132/SA132S12	SES144	-1.09128	0.823384	1.91466
BLOCK13/SES132/SA132S12	SES148	-0.822001	1.09266	1.91466
BLOCK13/SES132/SA132S22	SES062	-1.06528	0.573544	1.63882
BLOCK13/SES132/SA132S22	SES083	-1.96607	-0.327248	1.63882
BLOCK13/SES132/SA132S22	SES127	-1.43535	0.203469	1.63882
BLOCK13/SES132/SA132S22	SES275	-0.761213	0.877609	1.63882
BLOCK13/SES132/SA132S24	SES007	-0.800352	1.39478	2.19513
BLOCK13/SES132/SA132S24	SES083	-1.99986	0.195269	2.19513
BLOCK13/SES132/SA132S24	SES127	-1.81003	0.385098	2.19513
BLOCK13/SES132/SA132S24	SES275	-0.723952	1.47118	2.19513
BLOCK13/SES132/SA132S27	SES083	-2.35712	-1.53943	0.817689
BLOCK13/SES132/SA132S27	SES120	0.127413	0.945101	0.817689
BLOCK13/SES132/SA132S27	SES127	-2.18544	-1.36775	0.817689
BLOCK13/SES132/SA132S27	SES275	-1.61371	-0.796018	0.817689
BLOCK14/SES141/SA141S09	SES143	-1.2575	0.533542	1.79104
BLOCK14/SES141/SA141S09	SES144	-1.07489	0.716151	1.79104
BLOCK14/SES141/SA141S09	SES162	-1.51421	0.276837	1.79104
BLOCK14/SES141/SA141S09	SES180	-1.37178	0.419269	1.79104
BLOCK14/SES141/SA141S15	SES127	-1.52573	0.0164429	1.54218
BLOCK14/SES141/SA141S15	SES144	-1.57811	-0.0359341	1.54218
BLOCK14/SES141/SA141S15	SES162	-2.06233	-0.52015	1.54218
BLOCK14/SES141/SA141S15	SES180	-1.41193	0.130244	1.54218
BLOCK14/SES141/SA141S24	SES127	-1.04999	0.827025	1.87702
BLOCK14/SES141/SA141S24	SES144	-1.73841	0.138605	1.87702
BLOCK14/SES141/SA141S24	SES162	-1.61127	0.26575	1.87702
BLOCK14/SES141/SA141S24	SES183	-2.00674	-0.129724	1.87702
BLOCK14/SES141/SA141S26	SES142	-0.604617	0.807391	1.41201
BLOCK14/SES141/SA141S26	SES144	-1.26163	0.150378	1.41201
BLOCK14/SES141/SA141S26	SES172	-0.758921	0.653088	1.41201
BLOCK14/SES141/SA141S26	SES180	-1.46643	-0.0544258	1.41201
BLOCK14/SES141/SA141S29	SES127	-0.751408	0.952837	1.70424
BLOCK14/SES141/SA141S29	SES142	-0.382349	1.3219	1.70424
BLOCK14/SES141/SA141S29	SES144	-1.17055	0.5337	1.70424
BLOCK14/SES141/SA141S29	SES180	-1.11546	0.588789	1.70424
BLOCK15/SES157/SA157S08	SES083	-1.73589	-0.3118	1.42409
BLOCK15/SES157/SA157S08	SES127	-1.20231	0.221778	1.42409
BLOCK15/SES157/SA157S08	SES148	-1.58651	-0.162421	1.42409
BLOCK15/SES157/SA157S08	SES292	-2.59393	-1.16984	1.42409
BLOCK15/SES157/SA157S11	SES083	-1.93329	-0.870935	1.06235
BLOCK15/SES157/SA157S11	SES127	-1.19747	-0.135116	1.06235
BLOCK15/SES157/SA157S11	SES148	-1.66236	-0.600008	1.06235
BLOCK15/SES157/SA157S11	SES292	-2.26922	-1.20687	1.06235
BLOCK15/SES157/SA157S21	SES127	-0.944984	0.128364	1.07335
BLOCK15/SES157/SA157S21	SES148	0.101011	1.17436	1.07335
BLOCK15/SES157/SA157S21	SES158	-5.08397	-4.01062	1.07335
BLOCK15/SES157/SA157S21	SES292	-1.56456	-0.491214	1.07335
BLOCK15/SES157/SA157S24	SES127	-0.682588	0.479829	1.16242
BLOCK15/SES157/SA157S24	SES148	-1.23701	-0.0745883	1.16242
BLOCK15/SES157/SA157S24	SES183	-1.54695	-0.384536	1.16242
BLOCK15/SES157/SA157S24	SES292	-2.60457	-1.44215	1.16242
BLOCK15/SES157/SA157S26	SES007	-0.622375	0.69134	1.31372
BLOCK15/SES157/SA157S26	SES127	-0.387178	0.926537	1.31372
BLOCK15/SES157/SA157S26	SES147	-1.48198	-0.168261	1.31372
BLOCK15/SES157/SA157S26	SES148	-0.677906	0.635809	1.31372
BLOCK16/SES161/SA161S10	SES007	-1.51837	-1.29144	0.226934
BLOCK16/SES161/SA161S10	SES105	-1.52982	-1.30288	0.226934
BLOCK16/SES161/SA161S10	SES158	-2.00312	-1.77619	0.226934
BLOCK16/SES161/SA161S10	SES275	-1.0272	-0.800264	0.226934
BLOCK16/SES161/SA161S12	SES007	-2.55763	-1.72808	0.829543
BLOCK16/SES161/SA161S12	SES105	-3.19975	-2.3702	0.829543
BLOCK16/SES161/SA161S12	SES158	-1.84562	-1.01608	0.829543
BLOCK16/SES161/SA161S12	SES275	-1.82378	-0.99424	0.829543
BLOCK16/SES161/SA161S20	SES007	-1.90221	-1.75108	0.151131
BLOCK16/SES161/SA161S20	SES105	-2.85284	-2.70171	0.151131
BLOCK16/SES161/SA161S20	SES158	-1.28479	-1.13366	0.151131
BLOCK16/SES161/SA161S20	SES275	-1.85061	-1.69948	0.151131
BLOCK16/SES161/SA161S23	SES007	-2.39586	-1.88944	0.506422
BLOCK16/SES161/SA161S23	SES105	-1.95811	-1.45169	0.506422
BLOCK16/SES161/SA161S23	SES148	-1.72117	-1.21474	0.506422
BLOCK16/SES161/SA161S23	SES158	-2.20332	-1.6969	0.506422
BLOCK16/SES161/SA161S28	SES007	-2.52602	-1.63947	0.886556
BLOCK16/SES161/SA161S28	SES105	-2.63269	-1.74614	0.886556
BLOCK16/SES161/SA161S28	SES158	-0.69018	0.196376	0.886556
BLOCK16/SES161/SA161S28	SES206	-1.21506	-0.328501	0.886556
BLOCK16/SES164/SA164S11	SES104	-1.66379	-0.927403	0.736386
BLOCK16/SES164/SA164S11	SES125	-1.62386	-0.88747	0.736386
BLOCK16/SES164/SA164S11	SES158	-1.38474	-0.648351	0.736386
BLOCK16/SES164/SA164S11	SES206	-2.59575	-1.85936	0.736386
BLOCK16/SES164/SA164S13	SES099	-1.87661	-1.81817	0.0584372
BLOCK16/SES164/SA164S13	SES104	-2.3841	-2.32566	0.0584372
BLOCK16/SES164/SA164S13	SES125	-2.67856	-2.62013	0.0584372
BLOCK16/SES164/SA164S13	SES206	-2.1526	-2.09417	0.0584372
BLOCK16/SES164/SA164S24	SES002	-0.736162	-0.291499	0.444663
BLOCK16/SES164/SA164S24	SES099	-1.72778	-1.28312	0.444663
BLOCK16/SES164/SA164S24	SES125	-2.15894	-1.71428	0.444663
BLOCK16/SES164/SA164S24	SES226	-0.356094	0.0885694	0.444663
BLOCK16/SES164/SA164S27	SES087	-2.19554	-2.23721	-0.041663
BLOCK16/SES164/SA164S27	SES125	-1.93793	-1.97959	-0.041663
BLOCK16/SES164/SA164S27	SES206	-2.07769	-2.11935	-0.041663
BLOCK16/SES164/SA164S27	SES226	-1.65017	-1.69184	-0.041663
BLOCK16/SES164/SA164S29	SES002	-0.554697	-0.589052	-0.0343559
BLOCK16/SES164/SA164S29	SES019	-1.83312	-1.86748	-0.0343559
BLOCK16/SES164/SA164S29	SES125	-2.3054	-2.33976	-0.0343559
BLOCK16/SES164/SA164S29	SES226	-2.04649	-2.08085	-0.0343559
BLOCK16/SES169/SA169S13	SES117	-1.20981	-0.282192	0.927613
BLOCK16/SES169/SA169S13	SES144	-1.12095	-0.19334	0.927613
BLOCK16/SES169/SA169S13	SES146	-1.04923	-0.121618	0.927613
BLOCK16/SES169/SA169S13	SES162	-0.817359	0.110255	0.927613
BLOCK16/SES169/SA169S14	SES144	-1.66446	0.602149	2.26661
BLOCK16/SES169/SA169S14	SES148	-1.33452	0.93209	2.26661
BLOCK16/SES169/SA169S14	SES177	-0.579712	1.68689	2.26661
BLOCK16/SES169/SA169S14	SES180	-1.59259	0.674016	2.26661
BLOCK16/SES169/SA169S24	SES117	-1.08581	-0.951129	0.134677
BLOCK16/SES169/SA169S24	SES144	-0.857891	-0.723215	0.134677
BLOCK16/SES169/SA169S24	SES146	-0.624782	-0.490105	0.134677
BLOCK16/SES169/SA169S24	SES162	-1.12418	-0.989503	0.134677
BLOCK16/SES169/SA169S27	SES127	-0.970355	-0.0562799	0.914075
BLOCK16/SES169/SA169S27	SES129	-0.86521	0.0488653	0.914075
BLOCK16/SES169/SA169S27	SES144	-1.37475	-0.460677	0.914075
BLOCK16/SES169/SA169S27	SES146	-0.196616	0.717459	0.914075
BLOCK16/SES169/SA169S29	SES144	-0.442445	1.45521	1.89765
BLOCK16/SES169/SA169S29	SES162	-0.658553	1.2391	1.89765
BLOCK16/SES169/SA169S29	SES177	-1.02651	0.871143	1.89765
BLOCK16/SES169/SA169S29	SES180	-1.25605	0.641599	1.89765
BLOCK17/SES171/SA171S12	SES083	-1.59775	-1.41459	0.183162
BLOCK17/SES171/SA171S12	SES148	-2.06961	-1.88645	0.183162
BLOCK17/SES171/SA171S12	SES172	-1.37083	-1.18767	0.183162
BLOCK17/SES171/SA171S12	SES292	-2.95974	-2.77658	0.183162
BLOCK17/SES171/SA171S15	SES148	-1.59442	-1.14715	0.447267
BLOCK17/SES171/SA171S15	SES177	-1.00801	-0.560742	0.447267
BLOCK17/SES171/SA171S15	SES180	-2.92771	-2.48044	0.447267
BLOCK17/SES171/SA171S15	SES292	-1.73154	-1.28428	0.447267
BLOCK17/SES171/SA171S22	SES007	-1.48978	-0.0546378	1.43514
BLOCK17/SES171/SA171S22	SES148	-1.52234	-0.0871989	1.43514
BLOCK17/SES171/SA171S22	SES177	-1.04447	0.390668	1.43514
BLOCK17/SES171/SA171S22	SES180	-3.10514	-1.67	1.43514
BLOCK17/SES171/SA171S25	SES101	-1.21926	-0.61969	0.599573
BLOCK17/SES171/SA171S25	SES120	-2.78455	-2.18497	0.599573
BLOCK17/SES171/SA171S25	SES177	-1.33519	-0.735618	0.599573
BLOCK17/SES171/SA171S25	SES180	-2.20068	-1.6011	0.599573
BLOCK17/SES171/SA171S27	SES177	-0.852246	-0.0087013	0.843545
BLOCK17/SES171/SA171S27	SES180	-2.50105	-1.65751	0.843545
BLOCK17/SES171/SA171S27	SES189	-0.490683	0.352861	0.843545
BLOCK17/SES171/SA171S27	SES292	-2.16078	-1.31723	0.843545
BLOCK17/SES173/SA173S13	SES162	-3.6047	-2.13852	1.46618
BLOCK17/SES173/SA173S13	SES177	-1.57597	-0.109787	1.46618
BLOCK17/SES173/SA173S13	SES180	-3.40819	-1.94201	1.46618
BLOCK17/SES173/SA173S13	SES292	-0.81522	0.650962	1.46618
BLOCK17/SES173/SA173S14	SES007	-1.1865	-0.259753	0.926744
BLOCK17/SES173/SA173S14	SES162	-3.27749	-2.35075	0.926744
BLOCK17/SES173/SA173S14	SES177	-1.4615	-0.53476	0.926744
BLOCK17/SES173/SA173S14	SES180	-3.74966	-2.82291	0.926744
BLOCK17/SES173/SA173S24	SES144	-2.40219	-1.55097	0.851224
BLOCK17/SES173/SA173S24	SES162	-2.58335	-1.73213	0.851224
BLOCK17/SES173/SA173S24	SES177	-0.985193	-0.133969	0.851224
BLOCK17/SES173/SA173S24	SES180	-3.24304	-2.39181	0.851224
BLOCK17/SES173/SA173S27	SES162	-3.80183	-2.53628	1.26556
BLOCK17/SES173/SA173S27	SES177	-2.22265	-0.95709	1.26556
BLOCK17/SES173/SA173S27	SES180	-2.7869	-1.52134	1.26556
BLOCK17/SES173/SA173S27	SES292	-0.835931	0.429626	1.26556
BLOCK17/SES173/SA173S29	SES162	-2.23933	-1.10213	1.1372
BLOCK17/SES173/SA173S29	SES175	-1.44836	-0.311152	1.1372
BLOCK17/SES173/SA173S29	SES177	-1.00969	0.127512	1.1372
BLOCK17/SES173/SA173S29	SES292	-1.50233	-0.365127	1.1372
BLOCK18/SES182/SA182S10	SES144	-1.58829	-0.557701	1.03059
BLOCK18/SES182/SA182S10	SES177	-1.36005	-0.329459	1.03059
BLOCK18/SES182/SA182S10	SES180	-2.48832	-1.45773	1.03059
BLOCK18/SES182/SA182S10	SES275	-0.418635	0.611952	1.03059
BLOCK18/SES182/SA182S12	SES144	-0.384058	1.43128	1.81534
BLOCK18/SES182/SA182S12	SES177	-0.425706	1.38963	1.81534
BLOCK18/SES182/SA182S12	SES180	-1.29634	0.518991	1.81534
BLOCK18/SES182/SA182S12	SES275	-0.26619	1.54915	1.81534
BLOCK18/SES182/SA182S21	SES117	-1.81588	-1.3654	0.450488
BLOCK18/SES182/SA182S21	SES144	-1.18259	-0.732099	0.450488
BLOCK18/SES182/SA182S21	SES162	-1.06954	-0.61905	0.450488
BLOCK18/SES182/SA182S21	SES180	-2.5995	-2.14901	0.450488
BLOCK18/SES182/SA182S23	SES117	-1.64674	-0.969687	0.677051
BLOCK18/SES182/SA182S23	SES144	-1.64973	-0.972678	0.677051
BLOCK18/SES182/SA182S23	SES180	-2.71559	-2.03854	0.677051
BLOCK18/SES182/SA182S23	SES275	0.159394	0.836445	0.677051
BLOCK18/SES182/SA182S25	SES007	-0.187967	0.240429	0.428396
BLOCK18/SES182/SA182S25	SES162	-0.589513	-0.161116	0.428396
BLOCK18/SES182/SA182S25	SES177	-1.18831	-0.759914	0.428396
BLOCK18/SES182/SA182S25	SES180	-2.20117	-1.77278	0.428396
BLOCK18/SES184/SA184S12	SES177	-2.15933	-1.09192	1.06741
BLOCK18/SES184/SA184S12	SES180	-1.87439	-0.806982	1.06741
BLOCK18/SES184/SA184S12	SES189	-1.29021	-0.222796	1.06741
BLOCK18/SES184/SA184S12	SES292	-1.18591	-0.118502	1.06741
BLOCK18/SES184/SA184S13	SES101	-1.05201	-0.145763	0.906246
BLOCK18/SES184/SA184S13	SES177	-1.6705	-0.76425	0.906246
BLOCK18/SES184/SA184S13	SES180	-1.86257	-0.956322	0.906246
BLOCK18/SES184/SA184S13	SES292	-2.02681	-1.12057	0.906246
BLOCK18/SES184/SA184S22	SES177	-1.35566	0.134084	1.48974
BLOCK18/SES184/SA184S22	SES180	-1.72112	-0.231378	1.48974
BLOCK18/SES184/SA184S22	SES189	-1.36447	0.125274	1.48974
BLOCK18/SES184/SA184S22	SES292	-1.8403	-0.350557	1.48974
BLOCK18/SES184/SA184S25	SES101	-0.621269	1.01675	1.63802
BLOCK18/SES184/SA184S25	SES177	-2.1142	-0.476181	1.63802
BLOCK18/SES184/SA184S25	SES180	-1.55833	0.0796843	1.63802
BLOCK18/SES184/SA184S25	SES292	-1.61073	0.0272852	1.63802
BLOCK18/SES184/SA184S27	SES083	-1.07973	-0.706711	0.373021
BLOCK18/SES184/SA184S27	SES177	-1.26352	-0.890494	0.373021
BLOCK18/SES184/SA184S27	SES202	-1.46881	-1.09579	0.373021
BLOCK18/SES184/SA184S27	SES292	-1.69467	-1.32165	0.373021
BLOCK20/SES204/SA204S12	SES062	-0.667203	1.21725	1.88445
BLOCK20/SES204/SA204S12	SES083	-2.62575	-0.741298	1.88445
BLOCK20/SES204/SA204S12	SES206	-1.21297	0.671481	1.88445
BLOCK20/SES204/SA204S12	SES226	-2.32771	-0.443257	1.88445
BLOCK20/SES204/SA204S14	SES068	-1.28943	1.33574	2.62517
BLOCK20/SES204/SA204S14	SES087	-0.28208	2.34309	2.62517
BLOCK20/SES204/SA204S14	SES206	-1.53958	1.08559	2.62517
BLOCK20/SES204/SA204S14	SES226	-2.41225	0.212918	2.62517
BLOCK20/SES204/SA204S22	SES068	-1.3919	0.689109	2.08101
BLOCK20/SES204/SA204S22	SES082	-2.25403	-0.173018	2.08101
BLOCK20/SES204/SA204S22	SES083	-3.07258	-0.991574	2.08101
BLOCK20/SES204/SA204S22	SES206	-1.54035	0.540659	2.08101
BLOCK20/SES204/SA204S25	SES062	-1.16501	0.876476	2.04148
BLOCK20/SES204/SA204S25	SES083	-3.11183	-1.07035	2.04148
BLOCK20/SES204/SA204S25	SES206	-1.33913	0.702356	2.04148
BLOCK20/SES204/SA204S25	SES226	-2.10801	-0.0665297	2.04148
BLOCK20/SES204/SA204S27	SES068	-1.35905	0.0335098	1.39256
BLOCK20/SES204/SA204S27	SES082	-2.19906	-0.806506	1.39256
BLOCK20/SES204/SA204S27	SES087	-0.626068	0.76649	1.39256
BLOCK20/SES204/SA204S27	SES206	-1.75627	-0.363709	1.39256
BLOCK20/SES207/SA207S10	SES127	-1.60451	-0.675749	0.92876
BLOCK20/SES207/SA207S10	SES183	-1.77739	-0.848632	0.92876
BLOCK20/SES207/SA207S10	SES189	-1.58964	-0.660881	0.92876
BLOCK20/SES207/SA207S10	SES292	-2.0289	-1.10014	0.92876
BLOCK20/SES207/SA207S11	SES127	-2.04031	-1.14982	0.89049
BLOCK20/SES207/SA207S11	SES183	-1.49794	-0.607449	0.89049
BLOCK20/SES207/SA207S11	SES187	-1.16492	-0.274434	0.89049
BLOCK20/SES207/SA207S11	SES292	-0.97435	-0.0838594	0.89049
BLOCK20/SES207/SA207S25	SES068	-1.47524	-0.185632	1.28961
BLOCK20/SES207/SA207S25	SES083	-1.49794	-0.208333	1.28961
BLOCK20/SES207/SA207S25	SES127	-1.11493	0.17468	1.28961
BLOCK20/SES207/SA207S25	SES187	-0.741114	0.548493	1.28961
BLOCK20/SES207/SA207S27	SES127	-1.76508	-1.00856	0.756522
BLOCK20/SES207/SA207S27	SES183	-1.61408	-0.857555	0.756522
BLOCK20/SES207/SA207S27	SES187	-1.0271	-0.270581	0.756522
BLOCK20/SES207/SA207S27	SES292	-1.68904	-0.932522	0.756522
BLOCK20/SES207/SA207S29	SES083	-1.52513	-0.378722	1.14641
BLOCK20/SES207/SA207S29	SES085	-1.76935	-0.622939	1.14641
BLOCK20/SES207/SA207S29	SES172	-0.517663	0.628743	1.14641
BLOCK20/SES207/SA207S29	SES189	-1.82012	-0.673714	1.14641
BLOCK22/SES221/SA221S12	SES068	-0.383951	2.08708	2.47103
BLOCK22/SES221/SA221S12	SES143	-2.01938	0.451651	2.47103
BLOCK22/SES221/SA221S12	SES175	-1.48524	0.985787	2.47103
BLOCK22/SES221/SA221S12	SES202	-1.52241	0.948618	2.47103
BLOCK22/SES221/SA221S15	SES085	-0.8165	0.808315	1.62482
BLOCK22/SES221/SA221S15	SES143	-2.14161	-0.516791	1.62482
BLOCK22/SES221/SA221S15	SES175	-1.41017	0.214641	1.62482
BLOCK22/SES221/SA221S15	SES187	-1.56398	0.0608353	1.62482
BLOCK22/SES221/SA221S23	SES068	-0.709576	1.21463	1.92421
BLOCK22/SES221/SA221S23	SES143	-2.18122	-0.257019	1.92421
BLOCK22/SES221/SA221S23	SES175	-1.01003	0.914174	1.92421
BLOCK22/SES221/SA221S23	SES189	-1.42811	0.4961	1.92421
BLOCK22/SES221/SA221S27	SES085	0.0423937	1.97232	1.92993
BLOCK22/SES221/SA221S27	SES143	-1.52096	0.408963	1.92993
BLOCK22/SES221/SA221S27	SES175	-1.48735	0.442576	1.92993
BLOCK22/SES221/SA221S27	SES189	-0.533094	1.39683	1.92993
BLOCK22/SES221/SA221S29	SES085	-0.0476162	1.51786	1.56548
BLOCK22/SES221/SA221S29	SES143	-1.09967	0.465804	1.56548
BLOCK22/SES221/SA221S29	SES175	-0.450902	1.11458	1.56548
BLOCK22/SES221/SA221S29	SES187	-1.22755	0.337923	1.56548
BLOCK22/SES223/SA223S11	SES143	-1.78169	-1.08279	0.698902
BLOCK22/SES223/SA223S11	SES144	-3.27852	-2.57962	0.698902
BLOCK22/SES223/SA223S11	SES175	-1.21377	-0.514871	0.698902
BLOCK22/SES223/SA223S11	SES187	-2.10256	-1.40366	0.698902
BLOCK22/SES223/SA223S13	SES068	0.181757	0.671447	0.48969
BLOCK22/SES223/SA223S13	SES143	-2.44899	-1.9593	0.48969
BLOCK22/SES223/SA223S13	SES146	-2.32479	-1.8351	0.48969
BLOCK22/SES223/SA223S13	SES202	-2.41077	-1.92108	0.48969
BLOCK22/SES223/SA223S22	SES143	-2.20088	-1.30837	0.892505
BLOCK22/SES223/SA223S22	SES144	-3.40855	-2.51605	0.892505
BLOCK22/SES223/SA223S22	SES175	-1.15957	-0.26707	0.892505
BLOCK22/SES223/SA223S22	SES187	-1.43078	-0.538274	0.892505
BLOCK22/SES223/SA223S25	SES068	-0.368894	0.895896	1.26479
BLOCK22/SES223/SA223S25	SES143	-1.88412	-0.619336	1.26479
BLOCK22/SES223/SA223S25	SES175	-1.01362	0.251171	1.26479
BLOCK22/SES223/SA223S25	SES187	-1.69019	-0.425404	1.26479
BLOCK22/SES223/SA223S27	SES143	-1.13745	-0.503888	0.633563
BLOCK22/SES223/SA223S27	SES146	-1.7721	-1.13853	0.633563
BLOCK22/SES223/SA223S27	SES187	-2.11801	-1.48445	0.633563
BLOCK22/SES223/SA223S27	SES292	-0.465604	0.167958	0.633563
BLOCK27/SES273/SA273S12	SES099	-0.545302	1.19391	1.73921
BLOCK27/SES273/SA273S12	SES104	-1.30306	0.436149	1.73921
BLOCK27/SES273/SA273S12	SES125	-1.96579	-0.226577	1.73921
BLOCK27/SES273/SA273S12	SES206	-1.14367	0.595542	1.73921
BLOCK27/SES273/SA273S13	SES099	-0.980027	0.520828	1.50085
BLOCK27/SES273/SA273S13	SES104	-1.44279	0.0580674	1.50085
BLOCK27/SES273/SA273S13	SES206	-1.48095	0.0199059	1.50085
BLOCK27/SES273/SA273S13	SES292	-1.02768	0.473176	1.50085
BLOCK27/SES273/SA273S21	SES099	-0.726577	0.646475	1.37305
BLOCK27/SES273/SA273S21	SES148	-2.47563	-1.10258	1.37305
BLOCK27/SES273/SA273S21	SES149	-1.81432	-0.441268	1.37305
BLOCK27/SES273/SA273S21	SES177	-1.87356	-0.500509	1.37305
BLOCK27/SES273/SA273S25	SES104	-1.73348	-0.742346	0.991139
BLOCK27/SES273/SA273S25	SES125	-2.50435	-1.51321	0.991139
BLOCK27/SES273/SA273S25	SES158	-0.552346	0.438793	0.991139
BLOCK27/SES273/SA273S25	SES206	-1.1171	-0.12596	0.991139
BLOCK27/SES273/SA273S27	SES099	-0.636999	1.06164	1.69864
BLOCK27/SES273/SA273S27	SES104	-0.932866	0.765775	1.69864
BLOCK27/SES273/SA273S27	SES149	-1.25038	0.448258	1.69864
BLOCK27/SES273/SA273S27	SES275	-1.46581	0.232831	1.69864
BLOCK27/SES274/SA274S10	SES105	-2.06285	-0.131377	1.93148
BLOCK27/SES274/SA274S10	SES125	-2.83153	-0.900058	1.93148
BLOCK27/SES274/SA274S10	SES129	-0.308377	1.6231	1.93148
BLOCK27/SES274/SA274S10	SES158	-3.3125	-1.38103	1.93148
BLOCK27/SES274/SA274S11	SES105	-1.68047	0.275074	1.95554
BLOCK27/SES274/SA274S11	SES149	-1.82884	0.126705	1.95554
BLOCK27/SES274/SA274S11	SES158	-1.37392	0.581624	1.95554
BLOCK27/SES274/SA274S11	SES275	-0.609716	1.34583	1.95554
BLOCK27/SES274/SA274S21	SES105	-2.007	0.0955014	2.1025
BLOCK27/SES274/SA274S21	SES129	-0.612129	1.49038	2.1025
BLOCK27/SES274/SA274S21	SES149	-1.54486	0.557646	2.1025
BLOCK27/SES274/SA274S21	SES158	-3.49206	-1.38956	2.1025
BLOCK27/SES274/SA274S24	SES105	-1.97691	0.1295	2.10641
BLOCK27/SES274/SA274S24	SES129	-0.852364	1.25404	2.10641
BLOCK27/SES274/SA274S24	SES149	-2.58614	-0.479733	2.10641
BLOCK27/SES274/SA274S24	SES158	-4.45935	-2.35294	2.10641
BLOCK27/SES274/SA274S29	SES105	-1.78539	-0.252062	1.53332
BLOCK27/SES274/SA274S29	SES106	-2.28123	-0.747903	1.53332
BLOCK27/SES274/SA274S29	SES120	-1.14371	0.38961	1.53332
BLOCK27/SES274/SA274S29	SES275	-1.12219	0.411138	1.53332
BLOCK27/SES276/SA276S16	SES148	-1.00305	0.57267	1.57572
BLOCK27/SES276/SA276S16	SES172	-0.483718	1.092	1.57572
BLOCK27/SES276/SA276S16	SES180	-1.66949	-0.093772	1.57572
BLOCK27/SES276/SA276S16	SES292	-1.01759	0.558125	1.57572
BLOCK27/SES276/SA276S17	SES101	-0.91121	0.612431	1.52364
BLOCK27/SES276/SA276S17	SES177	-1.60999	-0.0863486	1.52364
BLOCK27/SES276/SA276S17	SES180	-1.72209	-0.198454	1.52364
BLOCK27/SES276/SA276S17	SES292	-1.45273	0.0709109	1.52364
BLOCK27/SES276/SA276S24	SES101	-0.525489	1.73724	2.26273
BLOCK27/SES276/SA276S24	SES177	-1.10323	1.1595	2.26273
BLOCK27/SES276/SA276S24	SES180	-2.20867	0.0540566	2.26273
BLOCK27/SES276/SA276S24	SES292	-2.50042	-0.237696	2.26273
BLOCK27/SES276/SA276S26	SES101	-1.44881	0.629806	2.07861
BLOCK27/SES276/SA276S26	SES177	-0.768853	1.30976	2.07861
BLOCK27/SES276/SA276S26	SES180	-0.319785	1.75883	2.07861
BLOCK27/SES276/SA276S26	SES292	-0.38667	1.69194	2.07861
BLOCK27/SES276/SA276S28	SES101	-0.360168	1.77833	2.1385
BLOCK27/SES276/SA276S28	SES177	-0.94874	1.18976	2.1385
BLOCK27/SES276/SA276S28	SES180	-0.245892	1.89261	2.1385
BLOCK27/SES276/SA276S28	SES292	-0.849641	1.28886	2.1385
BLOCK27/SES277/SA277S12	SES101	-0.859127	-0.357031	0.502096
BLOCK27/SES277/SA277S12	SES177	-1.95302	-1.45092	0.502096
BLOCK27/SES277/SA277S12	SES180	-2.87073	-2.36863	0.502096
BLOCK27/SES277/SA277S12	SES292	-3.11554	-2.61344	0.502096
BLOCK27/SES277/SA277S14	SES177	-1.15019	-0.810968	0.339219
BLOCK27/SES277/SA277S14	SES180	-2.92981	-2.59059	0.339219
BLOCK27/SES277/SA277S14	SES189	-0.546434	-0.207215	0.339219
BLOCK27/SES277/SA277S14	SES292	-2.40871	-2.0695	0.339219
BLOCK27/SES277/SA277S21	SES177	-1.14822	-0.216643	0.931578
BLOCK27/SES277/SA277S21	SES180	-2.47874	-1.54717	0.931578
BLOCK27/SES277/SA277S21	SES189	-0.0166685	0.91491	0.931578
BLOCK27/SES277/SA277S21	SES292	-2.55954	-1.62796	0.931578
BLOCK27/SES277/SA277S24	SES144	-1.91252	-2.21145	-0.298938
BLOCK27/SES277/SA277S24	SES177	-1.50352	-1.80245	-0.298938
BLOCK27/SES277/SA277S24	SES180	-3.40932	-3.70826	-0.298938
BLOCK27/SES277/SA277S24	SES189	-0.357198	-0.656136	-0.298938
BLOCK27/SES277/SA277S29	SES177	-1.65697	0.177099	1.83407
BLOCK27/SES277/SA277S29	SES180	-2.51164	-0.677569	1.83407
BLOCK27/SES277/SA277S29	SES202	-1.75114	0.0829261	1.83407
BLOCK27/SES277/SA277S29	SES292	-2.53386	-0.699792	1.83407
BLOCK27/SES279/SA279S09	SES120	-1.49183	0.0531616	1.54499
BLOCK27/SES279/SA279S09	SES146	-2.37369	-0.828704	1.54499
BLOCK27/SES279/SA279S09	SES206	-1.61676	-0.0717725	1.54499
BLOCK27/SES279/SA279S09	SES226	-2.66827	-1.12328	1.54499
BLOCK27/SES279/SA279S10	SES099	-0.869464	0.605229	1.47469
BLOCK27/SES279/SA279S10	SES206	-1.36818	0.106509	1.47469
BLOCK27/SES279/SA279S10	SES226	-2.16624	-0.691547	1.47469
BLOCK27/SES279/SA279S10	SES292	-0.704093	0.770601	1.47469
BLOCK27/SES279/SA279S20	SES099	-1.05217	-0.257586	0.794585
BLOCK27/SES279/SA279S20	SES206	-0.525077	0.269508	0.794585
BLOCK27/SES279/SA279S20	SES226	-1.96662	-1.17203	0.794585
BLOCK27/SES279/SA279S20	SES292	-0.308917	0.485668	0.794585
BLOCK27/SES279/SA279S26	SES099	-1.24521	-0.255285	0.989929
BLOCK27/SES279/SA279S26	SES206	-0.70501	0.284919	0.989929
BLOCK27/SES279/SA279S26	SES226	-1.95245	-0.962521	0.989929
BLOCK27/SES279/SA279S26	SES292	-0.772783	0.217146	0.989929
BLOCK27/SES279/SA279S28	SES099	-0.920992	1.61136	2.53235
BLOCK27/SES279/SA279S28	SES120	-0.745156	1.78719	2.53235
BLOCK27/SES279/SA279S28	SES177	-1.47682	1.05553	2.53235
BLOCK27/SES279/SA279S28	SES206	-1.20007	1.33228	2.53235
BLOCK29/SES290/SA290S12	SES162	-0.472404	2.11794	2.59034
BLOCK29/SES290/SA290S12	SES177	-0.637521	1.95282	2.59034
BLOCK29/SES290/SA290S12	SES180	-1.70113	0.889212	2.59034
BLOCK29/SES290/SA290S12	SES292	-1.61244	0.977898	2.59034
BLOCK29/SES290/SA290S13	SES007	-0.416574	1.62316	2.03973
BLOCK29/SES290/SA290S13	SES162	-2.02221	0.0175238	2.03973
BLOCK29/SES290/SA290S13	SES177	-0.805098	1.23463	2.03973
BLOCK29/SES290/SA290S13	SES180	-1.1522	0.887531	2.03973
BLOCK29/SES290/SA290S22	SES177	-0.339671	1.53039	1.87006
BLOCK29/SES290/SA290S22	SES180	-0.804891	1.06517	1.87006
BLOCK29/SES290/SA290S22	SES202	-1.12277	0.747294	1.87006
BLOCK29/SES290/SA290S22	SES292	-0.908043	0.962019	1.87006
BLOCK29/SES290/SA290S25	SES162	-1.02444	1.14105	2.16549
BLOCK29/SES290/SA290S25	SES177	-0.922772	1.24272	2.16549
BLOCK29/SES290/SA290S25	SES180	-1.307	0.858489	2.16549
BLOCK29/SES290/SA290S25	SES292	-0.993903	1.17159	2.16549
BLOCK29/SES290/SA290S29	SES177	-0.523038	1.34481	1.86785
BLOCK29/SES290/SA290S29	SES180	-1.10583	0.762019	1.86785
BLOCK29/SES290/SA290S29	SES275	-1.02246	0.845382	1.86785
BLOCK29/SES290/SA290S29	SES292	-0.571418	1.29643	1.86785
BLOCK29/SES291/SA291S11	SES105	-2.78783	-2.36642	0.421411
BLOCK29/SES291/SA291S11	SES125	-0.9639	-0.542489	0.421411
BLOCK29/SES291/SA291S11	SES158	-1.21723	-0.795818	0.421411
BLOCK29/SES291/SA291S11	SES275	-2.08496	-1.66355	0.421411
BLOCK29/SES291/SA291S12	SES158	0.470403	1.28633	0.81593
BLOCK29/SES291/SA291S12	SES226	-1.97	-1.15407	0.81593
BLOCK29/SES291/SA291S12	SES270	0.0543005	0.870231	0.81593
BLOCK29/SES291/SA291S12	SES275	-4.1763	-3.36037	0.81593
BLOCK29/SES291/SA291S22	SES082	-1.31163	-0.0565225	1.2551
BLOCK29/SES291/SA291S22	SES158	-1.18937	0.0657354	1.2551
BLOCK29/SES291/SA291S22	SES259	-1.69248	-0.437376	1.2551
BLOCK29/SES291/SA291S22	SES275	-2.82205	-1.56695	1.2551
BLOCK29/SES291/SA291S24	SES104	-0.213907	1.44103	1.65493
BLOCK29/SES291/SA291S24	SES125	-0.757934	0.897	1.65493
BLOCK29/SES291/SA291S24	SES158	-0.338551	1.31638	1.65493
BLOCK29/SES291/SA291S24	SES275	-3.03466	-1.37972	1.65493
BLOCK29/SES291/SA291S27	SES158	-0.0436928	1.50376	1.54745
BLOCK29/SES291/SA291S27	SES172	-3.24448	-1.69703	1.54745
BLOCK29/SES291/SA291S27	SES275	-2.55343	-1.00597	1.54745
BLOCK29/SES291/SA291S27	SES292	-1.36672	0.180735	1.54745
